[2026-06-27T19:23:36.714+0000] {processor.py:161} INFO - Started process (PID=2689) to work on /home/project/airflow/dags/ETL_toll_data.py
[2026-06-27T19:23:36.716+0000] {processor.py:830} INFO - Processing file /home/project/airflow/dags/ETL_toll_data.py for tasks to queue
[2026-06-27T19:23:36.718+0000] {logging_mixin.py:188} INFO - [2026-06-27T19:23:36.718+0000] {dagbag.py:545} INFO - Filling up the DagBag from /home/project/airflow/dags/ETL_toll_data.py
[2026-06-27T19:23:36.723+0000] {logging_mixin.py:188} INFO - [2026-06-27T19:23:36.722+0000] {dagbag.py:355} ERROR - Failed to import: /home/project/airflow/dags/ETL_toll_data.py
Traceback (most recent call last):
  File "/home/airflow/.local/lib/python3.9/site-packages/airflow/models/dagbag.py", line 351, in parse
    loader.exec_module(new_module)
  File "<frozen importlib._bootstrap_external>", line 846, in exec_module
  File "<frozen importlib._bootstrap_external>", line 983, in get_code
  File "<frozen importlib._bootstrap_external>", line 913, in source_to_code
  File "<frozen importlib._bootstrap>", line 228, in _call_with_frames_removed
  File "/home/project/airflow/dags/ETL_toll_data.py", line 23
    description="Dag del módulo"
    ^
SyntaxError: invalid syntax
[2026-06-27T19:23:36.723+0000] {processor.py:842} WARNING - No viable dags retrieved from /home/project/airflow/dags/ETL_toll_data.py
[2026-06-27T19:23:36.758+0000] {processor.py:183} INFO - Processing /home/project/airflow/dags/ETL_toll_data.py took 0.054 seconds
[2026-06-27T19:24:07.144+0000] {processor.py:161} INFO - Started process (PID=2756) to work on /home/project/airflow/dags/ETL_toll_data.py
[2026-06-27T19:24:07.145+0000] {processor.py:830} INFO - Processing file /home/project/airflow/dags/ETL_toll_data.py for tasks to queue
[2026-06-27T19:24:07.148+0000] {logging_mixin.py:188} INFO - [2026-06-27T19:24:07.147+0000] {dagbag.py:545} INFO - Filling up the DagBag from /home/project/airflow/dags/ETL_toll_data.py
[2026-06-27T19:24:07.152+0000] {logging_mixin.py:188} INFO - [2026-06-27T19:24:07.151+0000] {dagbag.py:355} ERROR - Failed to import: /home/project/airflow/dags/ETL_toll_data.py
Traceback (most recent call last):
  File "/home/airflow/.local/lib/python3.9/site-packages/airflow/models/dagbag.py", line 351, in parse
    loader.exec_module(new_module)
  File "<frozen importlib._bootstrap_external>", line 846, in exec_module
  File "<frozen importlib._bootstrap_external>", line 983, in get_code
  File "<frozen importlib._bootstrap_external>", line 913, in source_to_code
  File "<frozen importlib._bootstrap>", line 228, in _call_with_frames_removed
  File "/home/project/airflow/dags/ETL_toll_data.py", line 23
    description="Dag del módulo"
    ^
SyntaxError: invalid syntax
[2026-06-27T19:24:07.153+0000] {processor.py:842} WARNING - No viable dags retrieved from /home/project/airflow/dags/ETL_toll_data.py
[2026-06-27T19:24:07.186+0000] {processor.py:183} INFO - Processing /home/project/airflow/dags/ETL_toll_data.py took 0.052 seconds
[2026-06-27T19:24:37.409+0000] {processor.py:161} INFO - Started process (PID=2823) to work on /home/project/airflow/dags/ETL_toll_data.py
[2026-06-27T19:24:37.411+0000] {processor.py:830} INFO - Processing file /home/project/airflow/dags/ETL_toll_data.py for tasks to queue
[2026-06-27T19:24:37.414+0000] {logging_mixin.py:188} INFO - [2026-06-27T19:24:37.413+0000] {dagbag.py:545} INFO - Filling up the DagBag from /home/project/airflow/dags/ETL_toll_data.py
[2026-06-27T19:24:37.419+0000] {logging_mixin.py:188} INFO - [2026-06-27T19:24:37.418+0000] {dagbag.py:355} ERROR - Failed to import: /home/project/airflow/dags/ETL_toll_data.py
Traceback (most recent call last):
  File "/home/airflow/.local/lib/python3.9/site-packages/airflow/models/dagbag.py", line 351, in parse
    loader.exec_module(new_module)
  File "<frozen importlib._bootstrap_external>", line 846, in exec_module
  File "<frozen importlib._bootstrap_external>", line 983, in get_code
  File "<frozen importlib._bootstrap_external>", line 913, in source_to_code
  File "<frozen importlib._bootstrap>", line 228, in _call_with_frames_removed
  File "/home/project/airflow/dags/ETL_toll_data.py", line 23
    description="Dag del módulo"
    ^
SyntaxError: invalid syntax
[2026-06-27T19:24:37.419+0000] {processor.py:842} WARNING - No viable dags retrieved from /home/project/airflow/dags/ETL_toll_data.py
[2026-06-27T19:24:37.453+0000] {processor.py:183} INFO - Processing /home/project/airflow/dags/ETL_toll_data.py took 0.053 seconds
[2026-06-27T19:25:07.783+0000] {processor.py:161} INFO - Started process (PID=2890) to work on /home/project/airflow/dags/ETL_toll_data.py
[2026-06-27T19:25:07.785+0000] {processor.py:830} INFO - Processing file /home/project/airflow/dags/ETL_toll_data.py for tasks to queue
[2026-06-27T19:25:07.787+0000] {logging_mixin.py:188} INFO - [2026-06-27T19:25:07.787+0000] {dagbag.py:545} INFO - Filling up the DagBag from /home/project/airflow/dags/ETL_toll_data.py
[2026-06-27T19:25:07.792+0000] {logging_mixin.py:188} INFO - [2026-06-27T19:25:07.791+0000] {dagbag.py:355} ERROR - Failed to import: /home/project/airflow/dags/ETL_toll_data.py
Traceback (most recent call last):
  File "/home/airflow/.local/lib/python3.9/site-packages/airflow/models/dagbag.py", line 351, in parse
    loader.exec_module(new_module)
  File "<frozen importlib._bootstrap_external>", line 846, in exec_module
  File "<frozen importlib._bootstrap_external>", line 983, in get_code
  File "<frozen importlib._bootstrap_external>", line 913, in source_to_code
  File "<frozen importlib._bootstrap>", line 228, in _call_with_frames_removed
  File "/home/project/airflow/dags/ETL_toll_data.py", line 23
    description="Dag del módulo"
    ^
SyntaxError: invalid syntax
[2026-06-27T19:25:07.793+0000] {processor.py:842} WARNING - No viable dags retrieved from /home/project/airflow/dags/ETL_toll_data.py
[2026-06-27T19:25:07.827+0000] {processor.py:183} INFO - Processing /home/project/airflow/dags/ETL_toll_data.py took 0.054 seconds
[2026-06-27T19:25:15.168+0000] {processor.py:161} INFO - Started process (PID=2909) to work on /home/project/airflow/dags/ETL_toll_data.py
[2026-06-27T19:25:15.170+0000] {processor.py:830} INFO - Processing file /home/project/airflow/dags/ETL_toll_data.py for tasks to queue
[2026-06-27T19:25:15.172+0000] {logging_mixin.py:188} INFO - [2026-06-27T19:25:15.172+0000] {dagbag.py:545} INFO - Filling up the DagBag from /home/project/airflow/dags/ETL_toll_data.py
[2026-06-27T19:25:15.177+0000] {logging_mixin.py:188} INFO - [2026-06-27T19:25:15.176+0000] {dagbag.py:355} ERROR - Failed to import: /home/project/airflow/dags/ETL_toll_data.py
Traceback (most recent call last):
  File "/home/airflow/.local/lib/python3.9/site-packages/airflow/models/dagbag.py", line 351, in parse
    loader.exec_module(new_module)
  File "<frozen importlib._bootstrap_external>", line 846, in exec_module
  File "<frozen importlib._bootstrap_external>", line 983, in get_code
  File "<frozen importlib._bootstrap_external>", line 913, in source_to_code
  File "<frozen importlib._bootstrap>", line 228, in _call_with_frames_removed
  File "/home/project/airflow/dags/ETL_toll_data.py", line 23
    description="Dag del módulo"
    ^
SyntaxError: invalid syntax
[2026-06-27T19:25:15.177+0000] {processor.py:842} WARNING - No viable dags retrieved from /home/project/airflow/dags/ETL_toll_data.py
[2026-06-27T19:25:15.209+0000] {processor.py:183} INFO - Processing /home/project/airflow/dags/ETL_toll_data.py took 0.052 seconds
[2026-06-27T19:25:45.746+0000] {processor.py:161} INFO - Started process (PID=2976) to work on /home/project/airflow/dags/ETL_toll_data.py
[2026-06-27T19:25:45.748+0000] {processor.py:830} INFO - Processing file /home/project/airflow/dags/ETL_toll_data.py for tasks to queue
[2026-06-27T19:25:45.751+0000] {logging_mixin.py:188} INFO - [2026-06-27T19:25:45.750+0000] {dagbag.py:545} INFO - Filling up the DagBag from /home/project/airflow/dags/ETL_toll_data.py
[2026-06-27T19:25:45.755+0000] {logging_mixin.py:188} INFO - [2026-06-27T19:25:45.754+0000] {dagbag.py:355} ERROR - Failed to import: /home/project/airflow/dags/ETL_toll_data.py
Traceback (most recent call last):
  File "/home/airflow/.local/lib/python3.9/site-packages/airflow/models/dagbag.py", line 351, in parse
    loader.exec_module(new_module)
  File "<frozen importlib._bootstrap_external>", line 846, in exec_module
  File "<frozen importlib._bootstrap_external>", line 983, in get_code
  File "<frozen importlib._bootstrap_external>", line 913, in source_to_code
  File "<frozen importlib._bootstrap>", line 228, in _call_with_frames_removed
  File "/home/project/airflow/dags/ETL_toll_data.py", line 23
    description="Dag del módulo"
    ^
SyntaxError: invalid syntax
[2026-06-27T19:25:45.755+0000] {processor.py:842} WARNING - No viable dags retrieved from /home/project/airflow/dags/ETL_toll_data.py
[2026-06-27T19:25:45.788+0000] {processor.py:183} INFO - Processing /home/project/airflow/dags/ETL_toll_data.py took 0.051 seconds
[2026-06-27T19:25:59.110+0000] {processor.py:161} INFO - Started process (PID=3001) to work on /home/project/airflow/dags/ETL_toll_data.py
[2026-06-27T19:25:59.112+0000] {processor.py:830} INFO - Processing file /home/project/airflow/dags/ETL_toll_data.py for tasks to queue
[2026-06-27T19:25:59.114+0000] {logging_mixin.py:188} INFO - [2026-06-27T19:25:59.114+0000] {dagbag.py:545} INFO - Filling up the DagBag from /home/project/airflow/dags/ETL_toll_data.py
[2026-06-27T19:25:59.119+0000] {logging_mixin.py:188} INFO - [2026-06-27T19:25:59.118+0000] {dagbag.py:355} ERROR - Failed to import: /home/project/airflow/dags/ETL_toll_data.py
Traceback (most recent call last):
  File "/home/airflow/.local/lib/python3.9/site-packages/airflow/models/dagbag.py", line 351, in parse
    loader.exec_module(new_module)
  File "<frozen importlib._bootstrap_external>", line 850, in exec_module
  File "<frozen importlib._bootstrap>", line 228, in _call_with_frames_removed
  File "/home/project/airflow/dags/ETL_toll_data.py", line 3, in <module>
    from home.project.download_dataset import download_dataset
ModuleNotFoundError: No module named 'home'
[2026-06-27T19:25:59.119+0000] {processor.py:842} WARNING - No viable dags retrieved from /home/project/airflow/dags/ETL_toll_data.py
[2026-06-27T19:25:59.156+0000] {processor.py:183} INFO - Processing /home/project/airflow/dags/ETL_toll_data.py took 0.055 seconds
[2026-06-27T19:26:29.720+0000] {processor.py:161} INFO - Started process (PID=3068) to work on /home/project/airflow/dags/ETL_toll_data.py
[2026-06-27T19:26:29.721+0000] {processor.py:830} INFO - Processing file /home/project/airflow/dags/ETL_toll_data.py for tasks to queue
[2026-06-27T19:26:29.724+0000] {logging_mixin.py:188} INFO - [2026-06-27T19:26:29.723+0000] {dagbag.py:545} INFO - Filling up the DagBag from /home/project/airflow/dags/ETL_toll_data.py
[2026-06-27T19:26:29.733+0000] {logging_mixin.py:188} INFO - [2026-06-27T19:26:29.732+0000] {dagbag.py:355} ERROR - Failed to import: /home/project/airflow/dags/ETL_toll_data.py
Traceback (most recent call last):
  File "/home/airflow/.local/lib/python3.9/site-packages/airflow/models/dagbag.py", line 351, in parse
    loader.exec_module(new_module)
  File "<frozen importlib._bootstrap_external>", line 850, in exec_module
  File "<frozen importlib._bootstrap>", line 228, in _call_with_frames_removed
  File "/home/project/airflow/dags/ETL_toll_data.py", line 3, in <module>
    from home.project.download_dataset import download_dataset
ModuleNotFoundError: No module named 'home'
[2026-06-27T19:26:29.733+0000] {processor.py:842} WARNING - No viable dags retrieved from /home/project/airflow/dags/ETL_toll_data.py
[2026-06-27T19:26:29.794+0000] {processor.py:183} INFO - Processing /home/project/airflow/dags/ETL_toll_data.py took 0.083 seconds
[2026-06-27T19:26:35.086+0000] {processor.py:161} INFO - Started process (PID=3087) to work on /home/project/airflow/dags/ETL_toll_data.py
[2026-06-27T19:26:35.093+0000] {processor.py:830} INFO - Processing file /home/project/airflow/dags/ETL_toll_data.py for tasks to queue
[2026-06-27T19:26:35.097+0000] {logging_mixin.py:188} INFO - [2026-06-27T19:26:35.096+0000] {dagbag.py:545} INFO - Filling up the DagBag from /home/project/airflow/dags/ETL_toll_data.py
[2026-06-27T19:26:35.114+0000] {logging_mixin.py:188} INFO - [2026-06-27T19:26:35.113+0000] {dagbag.py:355} ERROR - Failed to import: /home/project/airflow/dags/ETL_toll_data.py
Traceback (most recent call last):
  File "/home/airflow/.local/lib/python3.9/site-packages/airflow/models/dagbag.py", line 351, in parse
    loader.exec_module(new_module)
  File "<frozen importlib._bootstrap_external>", line 850, in exec_module
  File "<frozen importlib._bootstrap>", line 228, in _call_with_frames_removed
  File "/home/project/airflow/dags/ETL_toll_data.py", line 3, in <module>
    from .. home.project.download_dataset import download_dataset
ImportError: attempted relative import with no known parent package
[2026-06-27T19:26:35.115+0000] {processor.py:842} WARNING - No viable dags retrieved from /home/project/airflow/dags/ETL_toll_data.py
[2026-06-27T19:26:35.167+0000] {processor.py:183} INFO - Processing /home/project/airflow/dags/ETL_toll_data.py took 0.093 seconds
[2026-06-27T19:26:56.380+0000] {processor.py:161} INFO - Started process (PID=3129) to work on /home/project/airflow/dags/ETL_toll_data.py
[2026-06-27T19:26:56.382+0000] {processor.py:830} INFO - Processing file /home/project/airflow/dags/ETL_toll_data.py for tasks to queue
[2026-06-27T19:26:56.384+0000] {logging_mixin.py:188} INFO - [2026-06-27T19:26:56.384+0000] {dagbag.py:545} INFO - Filling up the DagBag from /home/project/airflow/dags/ETL_toll_data.py
[2026-06-27T19:26:56.391+0000] {logging_mixin.py:188} INFO - [2026-06-27T19:26:56.388+0000] {dagbag.py:355} ERROR - Failed to import: /home/project/airflow/dags/ETL_toll_data.py
Traceback (most recent call last):
  File "/home/airflow/.local/lib/python3.9/site-packages/airflow/models/dagbag.py", line 351, in parse
    loader.exec_module(new_module)
  File "<frozen importlib._bootstrap_external>", line 850, in exec_module
  File "<frozen importlib._bootstrap>", line 228, in _call_with_frames_removed
  File "/home/project/airflow/dags/ETL_toll_data.py", line 3, in <module>
    from . home.project.download_dataset import download_dataset
ImportError: attempted relative import with no known parent package
[2026-06-27T19:26:56.392+0000] {processor.py:842} WARNING - No viable dags retrieved from /home/project/airflow/dags/ETL_toll_data.py
[2026-06-27T19:26:56.423+0000] {processor.py:183} INFO - Processing /home/project/airflow/dags/ETL_toll_data.py took 0.052 seconds
[2026-06-27T19:27:11.726+0000] {processor.py:161} INFO - Started process (PID=3170) to work on /home/project/airflow/dags/ETL_toll_data.py
[2026-06-27T19:27:11.728+0000] {processor.py:830} INFO - Processing file /home/project/airflow/dags/ETL_toll_data.py for tasks to queue
[2026-06-27T19:27:11.734+0000] {logging_mixin.py:188} INFO - [2026-06-27T19:27:11.733+0000] {dagbag.py:545} INFO - Filling up the DagBag from /home/project/airflow/dags/ETL_toll_data.py
[2026-06-27T19:27:11.740+0000] {logging_mixin.py:188} INFO - [2026-06-27T19:27:11.739+0000] {dagbag.py:355} ERROR - Failed to import: /home/project/airflow/dags/ETL_toll_data.py
Traceback (most recent call last):
  File "/home/airflow/.local/lib/python3.9/site-packages/airflow/models/dagbag.py", line 351, in parse
    loader.exec_module(new_module)
  File "<frozen importlib._bootstrap_external>", line 850, in exec_module
  File "<frozen importlib._bootstrap>", line 228, in _call_with_frames_removed
  File "/home/project/airflow/dags/ETL_toll_data.py", line 3, in <module>
    from home.project.download_dataset import download_dataset
ModuleNotFoundError: No module named 'home'
[2026-06-27T19:27:11.740+0000] {processor.py:842} WARNING - No viable dags retrieved from /home/project/airflow/dags/ETL_toll_data.py
[2026-06-27T19:27:11.780+0000] {processor.py:183} INFO - Processing /home/project/airflow/dags/ETL_toll_data.py took 0.063 seconds
[2026-06-27T19:27:42.535+0000] {processor.py:161} INFO - Started process (PID=3242) to work on /home/project/airflow/dags/ETL_toll_data.py
[2026-06-27T19:27:42.537+0000] {processor.py:830} INFO - Processing file /home/project/airflow/dags/ETL_toll_data.py for tasks to queue
[2026-06-27T19:27:42.554+0000] {logging_mixin.py:188} INFO - [2026-06-27T19:27:42.553+0000] {dagbag.py:545} INFO - Filling up the DagBag from /home/project/airflow/dags/ETL_toll_data.py
[2026-06-27T19:27:42.559+0000] {logging_mixin.py:188} INFO - [2026-06-27T19:27:42.557+0000] {dagbag.py:355} ERROR - Failed to import: /home/project/airflow/dags/ETL_toll_data.py
Traceback (most recent call last):
  File "/home/airflow/.local/lib/python3.9/site-packages/airflow/models/dagbag.py", line 351, in parse
    loader.exec_module(new_module)
  File "<frozen importlib._bootstrap_external>", line 850, in exec_module
  File "<frozen importlib._bootstrap>", line 228, in _call_with_frames_removed
  File "/home/project/airflow/dags/ETL_toll_data.py", line 3, in <module>
    from home.project.download_dataset import download_dataset
ModuleNotFoundError: No module named 'home'
[2026-06-27T19:27:42.560+0000] {processor.py:842} WARNING - No viable dags retrieved from /home/project/airflow/dags/ETL_toll_data.py
[2026-06-27T19:27:42.652+0000] {processor.py:183} INFO - Processing /home/project/airflow/dags/ETL_toll_data.py took 0.131 seconds
[2026-06-27T19:28:13.174+0000] {processor.py:161} INFO - Started process (PID=3309) to work on /home/project/airflow/dags/ETL_toll_data.py
[2026-06-27T19:28:13.176+0000] {processor.py:830} INFO - Processing file /home/project/airflow/dags/ETL_toll_data.py for tasks to queue
[2026-06-27T19:28:13.179+0000] {logging_mixin.py:188} INFO - [2026-06-27T19:28:13.178+0000] {dagbag.py:545} INFO - Filling up the DagBag from /home/project/airflow/dags/ETL_toll_data.py
[2026-06-27T19:28:13.193+0000] {logging_mixin.py:188} INFO - [2026-06-27T19:28:13.183+0000] {dagbag.py:355} ERROR - Failed to import: /home/project/airflow/dags/ETL_toll_data.py
Traceback (most recent call last):
  File "/home/airflow/.local/lib/python3.9/site-packages/airflow/models/dagbag.py", line 351, in parse
    loader.exec_module(new_module)
  File "<frozen importlib._bootstrap_external>", line 850, in exec_module
  File "<frozen importlib._bootstrap>", line 228, in _call_with_frames_removed
  File "/home/project/airflow/dags/ETL_toll_data.py", line 3, in <module>
    from home.project.download_dataset import download_dataset
ModuleNotFoundError: No module named 'home'
[2026-06-27T19:28:13.193+0000] {processor.py:842} WARNING - No viable dags retrieved from /home/project/airflow/dags/ETL_toll_data.py
[2026-06-27T19:28:13.263+0000] {processor.py:183} INFO - Processing /home/project/airflow/dags/ETL_toll_data.py took 0.100 seconds
[2026-06-27T19:28:43.657+0000] {processor.py:161} INFO - Started process (PID=3376) to work on /home/project/airflow/dags/ETL_toll_data.py
[2026-06-27T19:28:43.658+0000] {processor.py:830} INFO - Processing file /home/project/airflow/dags/ETL_toll_data.py for tasks to queue
[2026-06-27T19:28:43.661+0000] {logging_mixin.py:188} INFO - [2026-06-27T19:28:43.661+0000] {dagbag.py:545} INFO - Filling up the DagBag from /home/project/airflow/dags/ETL_toll_data.py
[2026-06-27T19:28:43.666+0000] {logging_mixin.py:188} INFO - [2026-06-27T19:28:43.665+0000] {dagbag.py:355} ERROR - Failed to import: /home/project/airflow/dags/ETL_toll_data.py
Traceback (most recent call last):
  File "/home/airflow/.local/lib/python3.9/site-packages/airflow/models/dagbag.py", line 351, in parse
    loader.exec_module(new_module)
  File "<frozen importlib._bootstrap_external>", line 850, in exec_module
  File "<frozen importlib._bootstrap>", line 228, in _call_with_frames_removed
  File "/home/project/airflow/dags/ETL_toll_data.py", line 3, in <module>
    from home.project.download_dataset import download_dataset
ModuleNotFoundError: No module named 'home'
[2026-06-27T19:28:43.666+0000] {processor.py:842} WARNING - No viable dags retrieved from /home/project/airflow/dags/ETL_toll_data.py
[2026-06-27T19:28:43.714+0000] {processor.py:183} INFO - Processing /home/project/airflow/dags/ETL_toll_data.py took 0.067 seconds
[2026-06-27T19:29:14.081+0000] {processor.py:161} INFO - Started process (PID=3443) to work on /home/project/airflow/dags/ETL_toll_data.py
[2026-06-27T19:29:14.083+0000] {processor.py:830} INFO - Processing file /home/project/airflow/dags/ETL_toll_data.py for tasks to queue
[2026-06-27T19:29:14.086+0000] {logging_mixin.py:188} INFO - [2026-06-27T19:29:14.085+0000] {dagbag.py:545} INFO - Filling up the DagBag from /home/project/airflow/dags/ETL_toll_data.py
[2026-06-27T19:29:14.092+0000] {logging_mixin.py:188} INFO - [2026-06-27T19:29:14.091+0000] {dagbag.py:355} ERROR - Failed to import: /home/project/airflow/dags/ETL_toll_data.py
Traceback (most recent call last):
  File "/home/airflow/.local/lib/python3.9/site-packages/airflow/models/dagbag.py", line 351, in parse
    loader.exec_module(new_module)
  File "<frozen importlib._bootstrap_external>", line 850, in exec_module
  File "<frozen importlib._bootstrap>", line 228, in _call_with_frames_removed
  File "/home/project/airflow/dags/ETL_toll_data.py", line 3, in <module>
    from home.project.download_dataset import download_dataset
ModuleNotFoundError: No module named 'home'
[2026-06-27T19:29:14.093+0000] {processor.py:842} WARNING - No viable dags retrieved from /home/project/airflow/dags/ETL_toll_data.py
[2026-06-27T19:29:14.135+0000] {processor.py:183} INFO - Processing /home/project/airflow/dags/ETL_toll_data.py took 0.066 seconds
[2026-06-27T19:29:44.723+0000] {processor.py:161} INFO - Started process (PID=3517) to work on /home/project/airflow/dags/ETL_toll_data.py
[2026-06-27T19:29:44.724+0000] {processor.py:830} INFO - Processing file /home/project/airflow/dags/ETL_toll_data.py for tasks to queue
[2026-06-27T19:29:44.733+0000] {logging_mixin.py:188} INFO - [2026-06-27T19:29:44.733+0000] {dagbag.py:545} INFO - Filling up the DagBag from /home/project/airflow/dags/ETL_toll_data.py
[2026-06-27T19:29:44.737+0000] {logging_mixin.py:188} INFO - [2026-06-27T19:29:44.736+0000] {dagbag.py:355} ERROR - Failed to import: /home/project/airflow/dags/ETL_toll_data.py
Traceback (most recent call last):
  File "/home/airflow/.local/lib/python3.9/site-packages/airflow/models/dagbag.py", line 351, in parse
    loader.exec_module(new_module)
  File "<frozen importlib._bootstrap_external>", line 850, in exec_module
  File "<frozen importlib._bootstrap>", line 228, in _call_with_frames_removed
  File "/home/project/airflow/dags/ETL_toll_data.py", line 3, in <module>
    from home.project.download_dataset import download_dataset
ModuleNotFoundError: No module named 'home'
[2026-06-27T19:29:44.738+0000] {processor.py:842} WARNING - No viable dags retrieved from /home/project/airflow/dags/ETL_toll_data.py
[2026-06-27T19:29:44.802+0000] {processor.py:183} INFO - Processing /home/project/airflow/dags/ETL_toll_data.py took 0.089 seconds
[2026-06-27T19:30:07.976+0000] {processor.py:161} INFO - Started process (PID=3562) to work on /home/project/airflow/dags/ETL_toll_data.py
[2026-06-27T19:30:07.978+0000] {processor.py:830} INFO - Processing file /home/project/airflow/dags/ETL_toll_data.py for tasks to queue
[2026-06-27T19:30:07.980+0000] {logging_mixin.py:188} INFO - [2026-06-27T19:30:07.980+0000] {dagbag.py:545} INFO - Filling up the DagBag from /home/project/airflow/dags/ETL_toll_data.py
[2026-06-27T19:30:07.985+0000] {logging_mixin.py:188} INFO - [2026-06-27T19:30:07.984+0000] {dagbag.py:355} ERROR - Failed to import: /home/project/airflow/dags/ETL_toll_data.py
Traceback (most recent call last):
  File "/home/airflow/.local/lib/python3.9/site-packages/airflow/models/dagbag.py", line 351, in parse
    loader.exec_module(new_module)
  File "<frozen importlib._bootstrap_external>", line 850, in exec_module
  File "<frozen importlib._bootstrap>", line 228, in _call_with_frames_removed
  File "/home/project/airflow/dags/ETL_toll_data.py", line 3, in <module>
    from download_dataset import download_dataset
ModuleNotFoundError: No module named 'download_dataset'
[2026-06-27T19:30:07.986+0000] {processor.py:842} WARNING - No viable dags retrieved from /home/project/airflow/dags/ETL_toll_data.py
[2026-06-27T19:30:08.023+0000] {processor.py:183} INFO - Processing /home/project/airflow/dags/ETL_toll_data.py took 0.057 seconds
[2026-06-27T19:30:11.635+0000] {processor.py:161} INFO - Started process (PID=3578) to work on /home/project/airflow/dags/ETL_toll_data.py
[2026-06-27T19:30:11.637+0000] {processor.py:830} INFO - Processing file /home/project/airflow/dags/ETL_toll_data.py for tasks to queue
[2026-06-27T19:30:11.640+0000] {logging_mixin.py:188} INFO - [2026-06-27T19:30:11.639+0000] {dagbag.py:545} INFO - Filling up the DagBag from /home/project/airflow/dags/ETL_toll_data.py
[2026-06-27T19:30:11.654+0000] {logging_mixin.py:188} INFO - [2026-06-27T19:30:11.653+0000] {dagbag.py:355} ERROR - Failed to import: /home/project/airflow/dags/ETL_toll_data.py
Traceback (most recent call last):
  File "/home/airflow/.local/lib/python3.9/site-packages/airflow/models/dagbag.py", line 351, in parse
    loader.exec_module(new_module)
  File "<frozen importlib._bootstrap_external>", line 850, in exec_module
  File "<frozen importlib._bootstrap>", line 228, in _call_with_frames_removed
  File "/home/project/airflow/dags/ETL_toll_data.py", line 3, in <module>
    from scripdownload_dataset import download_dataset
ModuleNotFoundError: No module named 'scripdownload_dataset'
[2026-06-27T19:30:11.654+0000] {processor.py:842} WARNING - No viable dags retrieved from /home/project/airflow/dags/ETL_toll_data.py
[2026-06-27T19:30:11.716+0000] {processor.py:183} INFO - Processing /home/project/airflow/dags/ETL_toll_data.py took 0.097 seconds
[2026-06-27T19:30:13.476+0000] {processor.py:161} INFO - Started process (PID=3586) to work on /home/project/airflow/dags/ETL_toll_data.py
[2026-06-27T19:30:13.477+0000] {processor.py:830} INFO - Processing file /home/project/airflow/dags/ETL_toll_data.py for tasks to queue
[2026-06-27T19:30:13.480+0000] {logging_mixin.py:188} INFO - [2026-06-27T19:30:13.479+0000] {dagbag.py:545} INFO - Filling up the DagBag from /home/project/airflow/dags/ETL_toll_data.py
[2026-06-27T19:30:13.485+0000] {logging_mixin.py:188} INFO - [2026-06-27T19:30:13.484+0000] {dagbag.py:355} ERROR - Failed to import: /home/project/airflow/dags/ETL_toll_data.py
Traceback (most recent call last):
  File "/home/airflow/.local/lib/python3.9/site-packages/airflow/models/dagbag.py", line 351, in parse
    loader.exec_module(new_module)
  File "<frozen importlib._bootstrap_external>", line 850, in exec_module
  File "<frozen importlib._bootstrap>", line 228, in _call_with_frames_removed
  File "/home/project/airflow/dags/ETL_toll_data.py", line 3, in <module>
    from download_dataset import download_dataset
ModuleNotFoundError: No module named 'download_dataset'
[2026-06-27T19:30:13.485+0000] {processor.py:842} WARNING - No viable dags retrieved from /home/project/airflow/dags/ETL_toll_data.py
[2026-06-27T19:30:13.520+0000] {processor.py:183} INFO - Processing /home/project/airflow/dags/ETL_toll_data.py took 0.060 seconds
[2026-06-27T19:30:32.491+0000] {processor.py:161} INFO - Started process (PID=3618) to work on /home/project/airflow/dags/ETL_toll_data.py
[2026-06-27T19:30:32.493+0000] {processor.py:830} INFO - Processing file /home/project/airflow/dags/ETL_toll_data.py for tasks to queue
[2026-06-27T19:30:32.495+0000] {logging_mixin.py:188} INFO - [2026-06-27T19:30:32.495+0000] {dagbag.py:545} INFO - Filling up the DagBag from /home/project/airflow/dags/ETL_toll_data.py
[2026-06-27T19:30:32.501+0000] {logging_mixin.py:188} INFO - [2026-06-27T19:30:32.500+0000] {dagbag.py:355} ERROR - Failed to import: /home/project/airflow/dags/ETL_toll_data.py
Traceback (most recent call last):
  File "/home/airflow/.local/lib/python3.9/site-packages/airflow/models/dagbag.py", line 351, in parse
    loader.exec_module(new_module)
  File "<frozen importlib._bootstrap_external>", line 850, in exec_module
  File "<frozen importlib._bootstrap>", line 228, in _call_with_frames_removed
  File "/home/project/airflow/dags/ETL_toll_data.py", line 3, in <module>
    from python_etl.download_dataset import download_dataset
ModuleNotFoundError: No module named 'python_etl.download_dataset'
[2026-06-27T19:30:32.501+0000] {processor.py:842} WARNING - No viable dags retrieved from /home/project/airflow/dags/ETL_toll_data.py
[2026-06-27T19:30:32.559+0000] {processor.py:183} INFO - Processing /home/project/airflow/dags/ETL_toll_data.py took 0.084 seconds
[2026-06-27T19:30:34.888+0000] {processor.py:161} INFO - Started process (PID=3623) to work on /home/project/airflow/dags/ETL_toll_data.py
[2026-06-27T19:30:34.890+0000] {processor.py:830} INFO - Processing file /home/project/airflow/dags/ETL_toll_data.py for tasks to queue
[2026-06-27T19:30:34.892+0000] {logging_mixin.py:188} INFO - [2026-06-27T19:30:34.892+0000] {dagbag.py:545} INFO - Filling up the DagBag from /home/project/airflow/dags/ETL_toll_data.py
[2026-06-27T19:30:35.240+0000] {logging_mixin.py:188} INFO - [2026-06-27T19:30:35.238+0000] {dagbag.py:355} ERROR - Failed to import: /home/project/airflow/dags/ETL_toll_data.py
Traceback (most recent call last):
  File "/home/airflow/.local/lib/python3.9/site-packages/airflow/models/dagbag.py", line 351, in parse
    loader.exec_module(new_module)
  File "<frozen importlib._bootstrap_external>", line 850, in exec_module
  File "<frozen importlib._bootstrap>", line 228, in _call_with_frames_removed
  File "/home/project/airflow/dags/ETL_toll_data.py", line 35, in <module>
    mi_pipeline()
  File "/home/airflow/.local/lib/python3.9/site-packages/airflow/models/dag.py", line 4081, in factory
    f(**f_kwargs)
  File "/home/project/airflow/dags/ETL_toll_data.py", line 33, in mi_pipeline
    download_dataset()
TypeError: download_dataset() missing 2 required positional arguments: 'source_path' and 'destination_path'
[2026-06-27T19:30:35.240+0000] {processor.py:842} WARNING - No viable dags retrieved from /home/project/airflow/dags/ETL_toll_data.py
[2026-06-27T19:30:35.278+0000] {processor.py:183} INFO - Processing /home/project/airflow/dags/ETL_toll_data.py took 0.399 seconds
[2026-06-27T19:31:05.493+0000] {processor.py:161} INFO - Started process (PID=3700) to work on /home/project/airflow/dags/ETL_toll_data.py
[2026-06-27T19:31:05.495+0000] {processor.py:830} INFO - Processing file /home/project/airflow/dags/ETL_toll_data.py for tasks to queue
[2026-06-27T19:31:05.497+0000] {logging_mixin.py:188} INFO - [2026-06-27T19:31:05.497+0000] {dagbag.py:545} INFO - Filling up the DagBag from /home/project/airflow/dags/ETL_toll_data.py
[2026-06-27T19:31:05.995+0000] {logging_mixin.py:188} INFO - [2026-06-27T19:31:05.993+0000] {dagbag.py:355} ERROR - Failed to import: /home/project/airflow/dags/ETL_toll_data.py
Traceback (most recent call last):
  File "/home/airflow/.local/lib/python3.9/site-packages/airflow/models/dagbag.py", line 351, in parse
    loader.exec_module(new_module)
  File "<frozen importlib._bootstrap_external>", line 850, in exec_module
  File "<frozen importlib._bootstrap>", line 228, in _call_with_frames_removed
  File "/home/project/airflow/dags/ETL_toll_data.py", line 35, in <module>
    mi_pipeline()
  File "/home/airflow/.local/lib/python3.9/site-packages/airflow/models/dag.py", line 4081, in factory
    f(**f_kwargs)
  File "/home/project/airflow/dags/ETL_toll_data.py", line 33, in mi_pipeline
    download_dataset()
TypeError: download_dataset() missing 2 required positional arguments: 'source_path' and 'destination_path'
[2026-06-27T19:31:05.996+0000] {processor.py:842} WARNING - No viable dags retrieved from /home/project/airflow/dags/ETL_toll_data.py
[2026-06-27T19:31:06.026+0000] {processor.py:183} INFO - Processing /home/project/airflow/dags/ETL_toll_data.py took 0.547 seconds
[2026-06-27T19:31:10.554+0000] {processor.py:161} INFO - Started process (PID=3711) to work on /home/project/airflow/dags/ETL_toll_data.py
[2026-06-27T19:31:10.555+0000] {processor.py:830} INFO - Processing file /home/project/airflow/dags/ETL_toll_data.py for tasks to queue
[2026-06-27T19:31:10.559+0000] {logging_mixin.py:188} INFO - [2026-06-27T19:31:10.558+0000] {dagbag.py:545} INFO - Filling up the DagBag from /home/project/airflow/dags/ETL_toll_data.py
[2026-06-27T19:31:11.143+0000] {processor.py:840} INFO - DAG(s) 'final_project' retrieved from /home/project/airflow/dags/ETL_toll_data.py
[2026-06-27T19:31:11.308+0000] {logging_mixin.py:188} INFO - [2026-06-27T19:31:11.307+0000] {override.py:1829} INFO - Created Permission View: can delete on DAG:final_project
[2026-06-27T19:31:11.321+0000] {logging_mixin.py:188} INFO - [2026-06-27T19:31:11.321+0000] {override.py:1829} INFO - Created Permission View: can edit on DAG:final_project
[2026-06-27T19:31:11.337+0000] {logging_mixin.py:188} INFO - [2026-06-27T19:31:11.337+0000] {override.py:1829} INFO - Created Permission View: can read on DAG:final_project
[2026-06-27T19:31:11.338+0000] {logging_mixin.py:188} INFO - [2026-06-27T19:31:11.337+0000] {dag.py:3096} INFO - Sync 1 DAGs
[2026-06-27T19:31:11.357+0000] {logging_mixin.py:188} INFO - [2026-06-27T19:31:11.356+0000] {dag.py:3118} INFO - Creating ORM DAG for final_project
[2026-06-27T19:31:11.357+0000] {logging_mixin.py:188} INFO - [2026-06-27T19:31:11.357+0000] {dag.py:3954} INFO - Setting next_dagrun for final_project to None, run_after=None
[2026-06-27T19:31:11.381+0000] {processor.py:183} INFO - Processing /home/project/airflow/dags/ETL_toll_data.py took 0.839 seconds
[2026-06-27T19:31:41.562+0000] {processor.py:161} INFO - Started process (PID=3782) to work on /home/project/airflow/dags/ETL_toll_data.py
[2026-06-27T19:31:41.563+0000] {processor.py:830} INFO - Processing file /home/project/airflow/dags/ETL_toll_data.py for tasks to queue
[2026-06-27T19:31:41.566+0000] {logging_mixin.py:188} INFO - [2026-06-27T19:31:41.566+0000] {dagbag.py:545} INFO - Filling up the DagBag from /home/project/airflow/dags/ETL_toll_data.py
[2026-06-27T19:31:41.979+0000] {processor.py:840} INFO - DAG(s) 'final_project' retrieved from /home/project/airflow/dags/ETL_toll_data.py
[2026-06-27T19:31:42.010+0000] {logging_mixin.py:188} INFO - [2026-06-27T19:31:42.009+0000] {dag.py:3096} INFO - Sync 1 DAGs
[2026-06-27T19:31:42.027+0000] {logging_mixin.py:188} INFO - [2026-06-27T19:31:42.027+0000] {dag.py:3954} INFO - Setting next_dagrun for final_project to None, run_after=None
[2026-06-27T19:31:42.048+0000] {processor.py:183} INFO - Processing /home/project/airflow/dags/ETL_toll_data.py took 0.495 seconds
[2026-06-27T19:32:12.260+0000] {processor.py:161} INFO - Started process (PID=3847) to work on /home/project/airflow/dags/ETL_toll_data.py
[2026-06-27T19:32:12.262+0000] {processor.py:830} INFO - Processing file /home/project/airflow/dags/ETL_toll_data.py for tasks to queue
[2026-06-27T19:32:12.266+0000] {logging_mixin.py:188} INFO - [2026-06-27T19:32:12.265+0000] {dagbag.py:545} INFO - Filling up the DagBag from /home/project/airflow/dags/ETL_toll_data.py
[2026-06-27T19:32:12.675+0000] {processor.py:840} INFO - DAG(s) 'final_project' retrieved from /home/project/airflow/dags/ETL_toll_data.py
[2026-06-27T19:32:12.718+0000] {logging_mixin.py:188} INFO - [2026-06-27T19:32:12.717+0000] {dag.py:3096} INFO - Sync 1 DAGs
[2026-06-27T19:32:12.752+0000] {logging_mixin.py:188} INFO - [2026-06-27T19:32:12.751+0000] {dag.py:3954} INFO - Setting next_dagrun for final_project to None, run_after=None
[2026-06-27T19:32:12.792+0000] {processor.py:183} INFO - Processing /home/project/airflow/dags/ETL_toll_data.py took 0.542 seconds
[2026-06-27T19:32:42.912+0000] {processor.py:161} INFO - Started process (PID=3924) to work on /home/project/airflow/dags/ETL_toll_data.py
[2026-06-27T19:32:42.914+0000] {processor.py:830} INFO - Processing file /home/project/airflow/dags/ETL_toll_data.py for tasks to queue
[2026-06-27T19:32:42.917+0000] {logging_mixin.py:188} INFO - [2026-06-27T19:32:42.917+0000] {dagbag.py:545} INFO - Filling up the DagBag from /home/project/airflow/dags/ETL_toll_data.py
[2026-06-27T19:32:43.258+0000] {processor.py:840} INFO - DAG(s) 'final_project' retrieved from /home/project/airflow/dags/ETL_toll_data.py
[2026-06-27T19:32:43.297+0000] {logging_mixin.py:188} INFO - [2026-06-27T19:32:43.296+0000] {dag.py:3096} INFO - Sync 1 DAGs
[2026-06-27T19:32:43.322+0000] {logging_mixin.py:188} INFO - [2026-06-27T19:32:43.321+0000] {dag.py:3954} INFO - Setting next_dagrun for final_project to None, run_after=None
[2026-06-27T19:32:43.361+0000] {processor.py:183} INFO - Processing /home/project/airflow/dags/ETL_toll_data.py took 0.460 seconds
[2026-06-27T19:33:14.169+0000] {processor.py:161} INFO - Started process (PID=3992) to work on /home/project/airflow/dags/ETL_toll_data.py
[2026-06-27T19:33:14.171+0000] {processor.py:830} INFO - Processing file /home/project/airflow/dags/ETL_toll_data.py for tasks to queue
[2026-06-27T19:33:14.173+0000] {logging_mixin.py:188} INFO - [2026-06-27T19:33:14.173+0000] {dagbag.py:545} INFO - Filling up the DagBag from /home/project/airflow/dags/ETL_toll_data.py
[2026-06-27T19:33:14.505+0000] {processor.py:840} INFO - DAG(s) 'final_project' retrieved from /home/project/airflow/dags/ETL_toll_data.py
[2026-06-27T19:33:14.534+0000] {logging_mixin.py:188} INFO - [2026-06-27T19:33:14.533+0000] {dag.py:3096} INFO - Sync 1 DAGs
[2026-06-27T19:33:14.551+0000] {logging_mixin.py:188} INFO - [2026-06-27T19:33:14.551+0000] {dag.py:3954} INFO - Setting next_dagrun for final_project to None, run_after=None
[2026-06-27T19:33:14.574+0000] {processor.py:183} INFO - Processing /home/project/airflow/dags/ETL_toll_data.py took 0.416 seconds
[2026-06-27T19:33:18.128+0000] {processor.py:161} INFO - Started process (PID=4005) to work on /home/project/airflow/dags/ETL_toll_data.py
[2026-06-27T19:33:18.130+0000] {processor.py:830} INFO - Processing file /home/project/airflow/dags/ETL_toll_data.py for tasks to queue
[2026-06-27T19:33:18.132+0000] {logging_mixin.py:188} INFO - [2026-06-27T19:33:18.132+0000] {dagbag.py:545} INFO - Filling up the DagBag from /home/project/airflow/dags/ETL_toll_data.py
[2026-06-27T19:33:18.450+0000] {processor.py:840} INFO - DAG(s) 'final_project' retrieved from /home/project/airflow/dags/ETL_toll_data.py
[2026-06-27T19:33:18.476+0000] {logging_mixin.py:188} INFO - [2026-06-27T19:33:18.476+0000] {dag.py:3096} INFO - Sync 1 DAGs
[2026-06-27T19:33:18.493+0000] {logging_mixin.py:188} INFO - [2026-06-27T19:33:18.493+0000] {dag.py:3954} INFO - Setting next_dagrun for final_project to None, run_after=None
[2026-06-27T19:33:18.514+0000] {processor.py:183} INFO - Processing /home/project/airflow/dags/ETL_toll_data.py took 0.396 seconds
[2026-06-27T19:33:20.439+0000] {processor.py:161} INFO - Started process (PID=4009) to work on /home/project/airflow/dags/ETL_toll_data.py
[2026-06-27T19:33:20.440+0000] {processor.py:830} INFO - Processing file /home/project/airflow/dags/ETL_toll_data.py for tasks to queue
[2026-06-27T19:33:20.443+0000] {logging_mixin.py:188} INFO - [2026-06-27T19:33:20.443+0000] {dagbag.py:545} INFO - Filling up the DagBag from /home/project/airflow/dags/ETL_toll_data.py
[2026-06-27T19:33:20.960+0000] {processor.py:840} INFO - DAG(s) 'final_project' retrieved from /home/project/airflow/dags/ETL_toll_data.py
[2026-06-27T19:33:20.999+0000] {logging_mixin.py:188} INFO - [2026-06-27T19:33:20.998+0000] {dag.py:3096} INFO - Sync 1 DAGs
[2026-06-27T19:33:21.034+0000] {logging_mixin.py:188} INFO - [2026-06-27T19:33:21.034+0000] {dag.py:3954} INFO - Setting next_dagrun for final_project to None, run_after=None
[2026-06-27T19:33:21.062+0000] {processor.py:183} INFO - Processing /home/project/airflow/dags/ETL_toll_data.py took 0.634 seconds
[2026-06-27T19:33:25.899+0000] {processor.py:161} INFO - Started process (PID=4028) to work on /home/project/airflow/dags/ETL_toll_data.py
[2026-06-27T19:33:25.901+0000] {processor.py:830} INFO - Processing file /home/project/airflow/dags/ETL_toll_data.py for tasks to queue
[2026-06-27T19:33:25.912+0000] {logging_mixin.py:188} INFO - [2026-06-27T19:33:25.912+0000] {dagbag.py:545} INFO - Filling up the DagBag from /home/project/airflow/dags/ETL_toll_data.py
[2026-06-27T19:33:26.453+0000] {logging_mixin.py:188} INFO - [2026-06-27T19:33:26.443+0000] {dagbag.py:355} ERROR - Failed to import: /home/project/airflow/dags/ETL_toll_data.py
Traceback (most recent call last):
  File "/home/airflow/.local/lib/python3.9/site-packages/airflow/models/dagbag.py", line 351, in parse
    loader.exec_module(new_module)
  File "<frozen importlib._bootstrap_external>", line 850, in exec_module
  File "<frozen importlib._bootstrap>", line 228, in _call_with_frames_removed
  File "/home/project/airflow/dags/ETL_toll_data.py", line 34, in <module>
    mi_pipeline()
  File "/home/airflow/.local/lib/python3.9/site-packages/airflow/models/dag.py", line 4081, in factory
    f(**f_kwargs)
  File "/home/project/airflow/dags/ETL_toll_data.py", line 31, in mi_pipeline
    d
NameError: name 'd' is not defined
[2026-06-27T19:33:26.453+0000] {processor.py:842} WARNING - No viable dags retrieved from /home/project/airflow/dags/ETL_toll_data.py
[2026-06-27T19:33:26.515+0000] {processor.py:183} INFO - Processing /home/project/airflow/dags/ETL_toll_data.py took 0.625 seconds
[2026-06-27T19:33:28.612+0000] {processor.py:161} INFO - Started process (PID=4033) to work on /home/project/airflow/dags/ETL_toll_data.py
[2026-06-27T19:33:28.613+0000] {processor.py:830} INFO - Processing file /home/project/airflow/dags/ETL_toll_data.py for tasks to queue
[2026-06-27T19:33:28.616+0000] {logging_mixin.py:188} INFO - [2026-06-27T19:33:28.615+0000] {dagbag.py:545} INFO - Filling up the DagBag from /home/project/airflow/dags/ETL_toll_data.py
[2026-06-27T19:33:28.987+0000] {logging_mixin.py:188} INFO - [2026-06-27T19:33:28.985+0000] {dagbag.py:355} ERROR - Failed to import: /home/project/airflow/dags/ETL_toll_data.py
Traceback (most recent call last):
  File "/home/airflow/.local/lib/python3.9/site-packages/airflow/models/dagbag.py", line 351, in parse
    loader.exec_module(new_module)
  File "<frozen importlib._bootstrap_external>", line 850, in exec_module
  File "<frozen importlib._bootstrap>", line 228, in _call_with_frames_removed
  File "/home/project/airflow/dags/ETL_toll_data.py", line 34, in <module>
    mi_pipeline()
  File "/home/airflow/.local/lib/python3.9/site-packages/airflow/models/dag.py", line 4081, in factory
    f(**f_kwargs)
  File "/home/project/airflow/dags/ETL_toll_data.py", line 31, in mi_pipeline
    download_dataset
NameError: name 'donw' is not defined
[2026-06-27T19:33:28.988+0000] {processor.py:842} WARNING - No viable dags retrieved from /home/project/airflow/dags/ETL_toll_data.py
[2026-06-27T19:33:29.017+0000] {processor.py:183} INFO - Processing /home/project/airflow/dags/ETL_toll_data.py took 0.414 seconds
[2026-06-27T19:33:47.581+0000] {processor.py:161} INFO - Started process (PID=4089) to work on /home/project/airflow/dags/ETL_toll_data.py
[2026-06-27T19:33:47.583+0000] {processor.py:830} INFO - Processing file /home/project/airflow/dags/ETL_toll_data.py for tasks to queue
[2026-06-27T19:33:47.585+0000] {logging_mixin.py:188} INFO - [2026-06-27T19:33:47.585+0000] {dagbag.py:545} INFO - Filling up the DagBag from /home/project/airflow/dags/ETL_toll_data.py
[2026-06-27T19:33:47.922+0000] {processor.py:840} INFO - DAG(s) 'final_project' retrieved from /home/project/airflow/dags/ETL_toll_data.py
[2026-06-27T19:33:47.953+0000] {logging_mixin.py:188} INFO - [2026-06-27T19:33:47.952+0000] {dag.py:3096} INFO - Sync 1 DAGs
[2026-06-27T19:33:47.973+0000] {logging_mixin.py:188} INFO - [2026-06-27T19:33:47.973+0000] {dag.py:3954} INFO - Setting next_dagrun for final_project to None, run_after=None
[2026-06-27T19:33:47.998+0000] {processor.py:183} INFO - Processing /home/project/airflow/dags/ETL_toll_data.py took 0.425 seconds
[2026-06-27T19:34:18.090+0000] {processor.py:161} INFO - Started process (PID=4173) to work on /home/project/airflow/dags/ETL_toll_data.py
[2026-06-27T19:34:18.092+0000] {processor.py:830} INFO - Processing file /home/project/airflow/dags/ETL_toll_data.py for tasks to queue
[2026-06-27T19:34:18.094+0000] {logging_mixin.py:188} INFO - [2026-06-27T19:34:18.094+0000] {dagbag.py:545} INFO - Filling up the DagBag from /home/project/airflow/dags/ETL_toll_data.py
[2026-06-27T19:34:18.453+0000] {processor.py:840} INFO - DAG(s) 'final_project' retrieved from /home/project/airflow/dags/ETL_toll_data.py
[2026-06-27T19:34:18.482+0000] {logging_mixin.py:188} INFO - [2026-06-27T19:34:18.482+0000] {dag.py:3096} INFO - Sync 1 DAGs
[2026-06-27T19:34:18.500+0000] {logging_mixin.py:188} INFO - [2026-06-27T19:34:18.500+0000] {dag.py:3954} INFO - Setting next_dagrun for final_project to None, run_after=None
[2026-06-27T19:34:18.521+0000] {processor.py:183} INFO - Processing /home/project/airflow/dags/ETL_toll_data.py took 0.441 seconds
[2026-06-27T19:34:36.022+0000] {processor.py:161} INFO - Started process (PID=4206) to work on /home/project/airflow/dags/ETL_toll_data.py
[2026-06-27T19:34:36.024+0000] {processor.py:830} INFO - Processing file /home/project/airflow/dags/ETL_toll_data.py for tasks to queue
[2026-06-27T19:34:36.027+0000] {logging_mixin.py:188} INFO - [2026-06-27T19:34:36.026+0000] {dagbag.py:545} INFO - Filling up the DagBag from /home/project/airflow/dags/ETL_toll_data.py
[2026-06-27T19:34:36.343+0000] {logging_mixin.py:188} INFO - [2026-06-27T19:34:36.341+0000] {dagbag.py:355} ERROR - Failed to import: /home/project/airflow/dags/ETL_toll_data.py
Traceback (most recent call last):
  File "/home/airflow/.local/lib/python3.9/site-packages/airflow/models/dagbag.py", line 351, in parse
    loader.exec_module(new_module)
  File "<frozen importlib._bootstrap_external>", line 850, in exec_module
  File "<frozen importlib._bootstrap>", line 228, in _call_with_frames_removed
  File "/home/project/airflow/dags/ETL_toll_data.py", line 34, in <module>
    mi_pipeline()
  File "/home/airflow/.local/lib/python3.9/site-packages/airflow/models/dag.py", line 4081, in factory
    f(**f_kwargs)
  File "/home/project/airflow/dags/ETL_toll_data.py", line 31, in mi_pipeline
    f
NameError: name 'f' is not defined
[2026-06-27T19:34:36.343+0000] {processor.py:842} WARNING - No viable dags retrieved from /home/project/airflow/dags/ETL_toll_data.py
[2026-06-27T19:34:36.372+0000] {processor.py:183} INFO - Processing /home/project/airflow/dags/ETL_toll_data.py took 0.359 seconds
[2026-06-27T19:34:40.647+0000] {processor.py:161} INFO - Started process (PID=4224) to work on /home/project/airflow/dags/ETL_toll_data.py
[2026-06-27T19:34:40.648+0000] {processor.py:830} INFO - Processing file /home/project/airflow/dags/ETL_toll_data.py for tasks to queue
[2026-06-27T19:34:40.653+0000] {logging_mixin.py:188} INFO - [2026-06-27T19:34:40.652+0000] {dagbag.py:545} INFO - Filling up the DagBag from /home/project/airflow/dags/ETL_toll_data.py
[2026-06-27T19:34:40.657+0000] {logging_mixin.py:188} INFO - [2026-06-27T19:34:40.656+0000] {dagbag.py:355} ERROR - Failed to import: /home/project/airflow/dags/ETL_toll_data.py
Traceback (most recent call last):
  File "/home/airflow/.local/lib/python3.9/site-packages/airflow/models/dagbag.py", line 351, in parse
    loader.exec_module(new_module)
  File "<frozen importlib._bootstrap_external>", line 846, in exec_module
  File "<frozen importlib._bootstrap_external>", line 983, in get_code
  File "<frozen importlib._bootstrap_external>", line 913, in source_to_code
  File "<frozen importlib._bootstrap>", line 228, in _call_with_frames_removed
  File "/home/project/airflow/dags/ETL_toll_data.py", line 31
    first_task = 
                 ^
SyntaxError: invalid syntax
[2026-06-27T19:34:40.658+0000] {processor.py:842} WARNING - No viable dags retrieved from /home/project/airflow/dags/ETL_toll_data.py
[2026-06-27T19:34:40.697+0000] {processor.py:183} INFO - Processing /home/project/airflow/dags/ETL_toll_data.py took 0.061 seconds
[2026-06-27T19:34:43.240+0000] {processor.py:161} INFO - Started process (PID=4232) to work on /home/project/airflow/dags/ETL_toll_data.py
[2026-06-27T19:34:43.241+0000] {processor.py:830} INFO - Processing file /home/project/airflow/dags/ETL_toll_data.py for tasks to queue
[2026-06-27T19:34:43.243+0000] {logging_mixin.py:188} INFO - [2026-06-27T19:34:43.243+0000] {dagbag.py:545} INFO - Filling up the DagBag from /home/project/airflow/dags/ETL_toll_data.py
[2026-06-27T19:34:43.578+0000] {processor.py:840} INFO - DAG(s) 'final_project' retrieved from /home/project/airflow/dags/ETL_toll_data.py
[2026-06-27T19:34:43.695+0000] {logging_mixin.py:188} INFO - [2026-06-27T19:34:43.695+0000] {dag.py:3096} INFO - Sync 1 DAGs
[2026-06-27T19:34:43.710+0000] {logging_mixin.py:188} INFO - [2026-06-27T19:34:43.710+0000] {dag.py:3954} INFO - Setting next_dagrun for final_project to None, run_after=None
[2026-06-27T19:34:43.739+0000] {processor.py:183} INFO - Processing /home/project/airflow/dags/ETL_toll_data.py took 0.509 seconds
[2026-06-27T19:34:45.815+0000] {processor.py:161} INFO - Started process (PID=4245) to work on /home/project/airflow/dags/ETL_toll_data.py
[2026-06-27T19:34:45.817+0000] {processor.py:830} INFO - Processing file /home/project/airflow/dags/ETL_toll_data.py for tasks to queue
[2026-06-27T19:34:45.821+0000] {logging_mixin.py:188} INFO - [2026-06-27T19:34:45.821+0000] {dagbag.py:545} INFO - Filling up the DagBag from /home/project/airflow/dags/ETL_toll_data.py
[2026-06-27T19:34:46.712+0000] {processor.py:840} INFO - DAG(s) 'final_project' retrieved from /home/project/airflow/dags/ETL_toll_data.py
[2026-06-27T19:34:46.761+0000] {logging_mixin.py:188} INFO - [2026-06-27T19:34:46.760+0000] {dag.py:3096} INFO - Sync 1 DAGs
[2026-06-27T19:34:46.815+0000] {logging_mixin.py:188} INFO - [2026-06-27T19:34:46.814+0000] {dag.py:3954} INFO - Setting next_dagrun for final_project to None, run_after=None
[2026-06-27T19:34:46.878+0000] {processor.py:183} INFO - Processing /home/project/airflow/dags/ETL_toll_data.py took 1.096 seconds
[2026-06-27T19:34:50.273+0000] {processor.py:161} INFO - Started process (PID=4258) to work on /home/project/airflow/dags/ETL_toll_data.py
[2026-06-27T19:34:50.275+0000] {processor.py:830} INFO - Processing file /home/project/airflow/dags/ETL_toll_data.py for tasks to queue
[2026-06-27T19:34:50.277+0000] {logging_mixin.py:188} INFO - [2026-06-27T19:34:50.277+0000] {dagbag.py:545} INFO - Filling up the DagBag from /home/project/airflow/dags/ETL_toll_data.py
[2026-06-27T19:34:50.633+0000] {processor.py:840} INFO - DAG(s) 'final_project' retrieved from /home/project/airflow/dags/ETL_toll_data.py
[2026-06-27T19:34:50.660+0000] {logging_mixin.py:188} INFO - [2026-06-27T19:34:50.659+0000] {dag.py:3096} INFO - Sync 1 DAGs
[2026-06-27T19:34:50.685+0000] {logging_mixin.py:188} INFO - [2026-06-27T19:34:50.684+0000] {dag.py:3954} INFO - Setting next_dagrun for final_project to None, run_after=None
[2026-06-27T19:34:50.724+0000] {processor.py:183} INFO - Processing /home/project/airflow/dags/ETL_toll_data.py took 0.460 seconds
[2026-06-27T19:35:20.933+0000] {processor.py:161} INFO - Started process (PID=4336) to work on /home/project/airflow/dags/ETL_toll_data.py
[2026-06-27T19:35:20.935+0000] {processor.py:830} INFO - Processing file /home/project/airflow/dags/ETL_toll_data.py for tasks to queue
[2026-06-27T19:35:20.937+0000] {logging_mixin.py:188} INFO - [2026-06-27T19:35:20.937+0000] {dagbag.py:545} INFO - Filling up the DagBag from /home/project/airflow/dags/ETL_toll_data.py
[2026-06-27T19:35:21.379+0000] {processor.py:840} INFO - DAG(s) 'final_project' retrieved from /home/project/airflow/dags/ETL_toll_data.py
[2026-06-27T19:35:21.411+0000] {logging_mixin.py:188} INFO - [2026-06-27T19:35:21.411+0000] {dag.py:3096} INFO - Sync 1 DAGs
[2026-06-27T19:35:21.430+0000] {logging_mixin.py:188} INFO - [2026-06-27T19:35:21.429+0000] {dag.py:3954} INFO - Setting next_dagrun for final_project to None, run_after=None
[2026-06-27T19:35:21.455+0000] {processor.py:183} INFO - Processing /home/project/airflow/dags/ETL_toll_data.py took 0.535 seconds
[2026-06-27T19:35:51.570+0000] {processor.py:161} INFO - Started process (PID=4414) to work on /home/project/airflow/dags/ETL_toll_data.py
[2026-06-27T19:35:51.571+0000] {processor.py:830} INFO - Processing file /home/project/airflow/dags/ETL_toll_data.py for tasks to queue
[2026-06-27T19:35:51.574+0000] {logging_mixin.py:188} INFO - [2026-06-27T19:35:51.574+0000] {dagbag.py:545} INFO - Filling up the DagBag from /home/project/airflow/dags/ETL_toll_data.py
[2026-06-27T19:35:51.948+0000] {processor.py:840} INFO - DAG(s) 'final_project' retrieved from /home/project/airflow/dags/ETL_toll_data.py
[2026-06-27T19:35:51.979+0000] {logging_mixin.py:188} INFO - [2026-06-27T19:35:51.978+0000] {dag.py:3096} INFO - Sync 1 DAGs
[2026-06-27T19:35:51.996+0000] {logging_mixin.py:188} INFO - [2026-06-27T19:35:51.995+0000] {dag.py:3954} INFO - Setting next_dagrun for final_project to None, run_after=None
[2026-06-27T19:35:52.017+0000] {processor.py:183} INFO - Processing /home/project/airflow/dags/ETL_toll_data.py took 0.456 seconds
[2026-06-27T19:36:22.355+0000] {processor.py:161} INFO - Started process (PID=4491) to work on /home/project/airflow/dags/ETL_toll_data.py
[2026-06-27T19:36:22.358+0000] {processor.py:830} INFO - Processing file /home/project/airflow/dags/ETL_toll_data.py for tasks to queue
[2026-06-27T19:36:22.361+0000] {logging_mixin.py:188} INFO - [2026-06-27T19:36:22.360+0000] {dagbag.py:545} INFO - Filling up the DagBag from /home/project/airflow/dags/ETL_toll_data.py
[2026-06-27T19:36:22.740+0000] {processor.py:840} INFO - DAG(s) 'final_project' retrieved from /home/project/airflow/dags/ETL_toll_data.py
[2026-06-27T19:36:22.776+0000] {logging_mixin.py:188} INFO - [2026-06-27T19:36:22.775+0000] {dag.py:3096} INFO - Sync 1 DAGs
[2026-06-27T19:36:22.795+0000] {logging_mixin.py:188} INFO - [2026-06-27T19:36:22.795+0000] {dag.py:3954} INFO - Setting next_dagrun for final_project to None, run_after=None
[2026-06-27T19:36:22.819+0000] {processor.py:183} INFO - Processing /home/project/airflow/dags/ETL_toll_data.py took 0.477 seconds
[2026-06-27T19:36:52.988+0000] {processor.py:161} INFO - Started process (PID=4571) to work on /home/project/airflow/dags/ETL_toll_data.py
[2026-06-27T19:36:52.990+0000] {processor.py:830} INFO - Processing file /home/project/airflow/dags/ETL_toll_data.py for tasks to queue
[2026-06-27T19:36:52.992+0000] {logging_mixin.py:188} INFO - [2026-06-27T19:36:52.992+0000] {dagbag.py:545} INFO - Filling up the DagBag from /home/project/airflow/dags/ETL_toll_data.py
[2026-06-27T19:36:53.315+0000] {processor.py:840} INFO - DAG(s) 'final_project' retrieved from /home/project/airflow/dags/ETL_toll_data.py
[2026-06-27T19:36:53.346+0000] {logging_mixin.py:188} INFO - [2026-06-27T19:36:53.346+0000] {dag.py:3096} INFO - Sync 1 DAGs
[2026-06-27T19:36:53.366+0000] {logging_mixin.py:188} INFO - [2026-06-27T19:36:53.366+0000] {dag.py:3954} INFO - Setting next_dagrun for final_project to None, run_after=None
[2026-06-27T19:36:53.391+0000] {processor.py:183} INFO - Processing /home/project/airflow/dags/ETL_toll_data.py took 0.413 seconds
[2026-06-27T19:37:23.589+0000] {processor.py:161} INFO - Started process (PID=4647) to work on /home/project/airflow/dags/ETL_toll_data.py
[2026-06-27T19:37:23.591+0000] {processor.py:830} INFO - Processing file /home/project/airflow/dags/ETL_toll_data.py for tasks to queue
[2026-06-27T19:37:23.593+0000] {logging_mixin.py:188} INFO - [2026-06-27T19:37:23.593+0000] {dagbag.py:545} INFO - Filling up the DagBag from /home/project/airflow/dags/ETL_toll_data.py
[2026-06-27T19:37:23.937+0000] {processor.py:840} INFO - DAG(s) 'final_project' retrieved from /home/project/airflow/dags/ETL_toll_data.py
[2026-06-27T19:37:23.968+0000] {logging_mixin.py:188} INFO - [2026-06-27T19:37:23.968+0000] {dag.py:3096} INFO - Sync 1 DAGs
[2026-06-27T19:37:23.988+0000] {logging_mixin.py:188} INFO - [2026-06-27T19:37:23.988+0000] {dag.py:3954} INFO - Setting next_dagrun for final_project to None, run_after=None
[2026-06-27T19:37:24.009+0000] {processor.py:183} INFO - Processing /home/project/airflow/dags/ETL_toll_data.py took 0.429 seconds
[2026-06-27T19:37:54.211+0000] {processor.py:161} INFO - Started process (PID=4725) to work on /home/project/airflow/dags/ETL_toll_data.py
[2026-06-27T19:37:54.212+0000] {processor.py:830} INFO - Processing file /home/project/airflow/dags/ETL_toll_data.py for tasks to queue
[2026-06-27T19:37:54.215+0000] {logging_mixin.py:188} INFO - [2026-06-27T19:37:54.214+0000] {dagbag.py:545} INFO - Filling up the DagBag from /home/project/airflow/dags/ETL_toll_data.py
[2026-06-27T19:37:54.563+0000] {processor.py:840} INFO - DAG(s) 'final_project' retrieved from /home/project/airflow/dags/ETL_toll_data.py
[2026-06-27T19:37:54.597+0000] {logging_mixin.py:188} INFO - [2026-06-27T19:37:54.596+0000] {dag.py:3096} INFO - Sync 1 DAGs
[2026-06-27T19:37:54.615+0000] {logging_mixin.py:188} INFO - [2026-06-27T19:37:54.614+0000] {dag.py:3954} INFO - Setting next_dagrun for final_project to None, run_after=None
[2026-06-27T19:37:54.638+0000] {processor.py:183} INFO - Processing /home/project/airflow/dags/ETL_toll_data.py took 0.436 seconds
[2026-06-27T19:38:24.892+0000] {processor.py:161} INFO - Started process (PID=4803) to work on /home/project/airflow/dags/ETL_toll_data.py
[2026-06-27T19:38:24.894+0000] {processor.py:830} INFO - Processing file /home/project/airflow/dags/ETL_toll_data.py for tasks to queue
[2026-06-27T19:38:24.897+0000] {logging_mixin.py:188} INFO - [2026-06-27T19:38:24.896+0000] {dagbag.py:545} INFO - Filling up the DagBag from /home/project/airflow/dags/ETL_toll_data.py
[2026-06-27T19:38:25.458+0000] {processor.py:840} INFO - DAG(s) 'final_project' retrieved from /home/project/airflow/dags/ETL_toll_data.py
[2026-06-27T19:38:25.492+0000] {logging_mixin.py:188} INFO - [2026-06-27T19:38:25.491+0000] {dag.py:3096} INFO - Sync 1 DAGs
[2026-06-27T19:38:25.511+0000] {logging_mixin.py:188} INFO - [2026-06-27T19:38:25.511+0000] {dag.py:3954} INFO - Setting next_dagrun for final_project to None, run_after=None
[2026-06-27T19:38:25.538+0000] {processor.py:183} INFO - Processing /home/project/airflow/dags/ETL_toll_data.py took 0.656 seconds
[2026-06-27T19:38:55.746+0000] {processor.py:161} INFO - Started process (PID=4889) to work on /home/project/airflow/dags/ETL_toll_data.py
[2026-06-27T19:38:55.748+0000] {processor.py:830} INFO - Processing file /home/project/airflow/dags/ETL_toll_data.py for tasks to queue
[2026-06-27T19:38:55.752+0000] {logging_mixin.py:188} INFO - [2026-06-27T19:38:55.752+0000] {dagbag.py:545} INFO - Filling up the DagBag from /home/project/airflow/dags/ETL_toll_data.py
[2026-06-27T19:38:56.106+0000] {processor.py:840} INFO - DAG(s) 'final_project' retrieved from /home/project/airflow/dags/ETL_toll_data.py
[2026-06-27T19:38:56.139+0000] {logging_mixin.py:188} INFO - [2026-06-27T19:38:56.139+0000] {dag.py:3096} INFO - Sync 1 DAGs
[2026-06-27T19:38:56.157+0000] {logging_mixin.py:188} INFO - [2026-06-27T19:38:56.156+0000] {dag.py:3954} INFO - Setting next_dagrun for final_project to None, run_after=None
[2026-06-27T19:38:56.181+0000] {processor.py:183} INFO - Processing /home/project/airflow/dags/ETL_toll_data.py took 0.445 seconds
[2026-06-27T19:39:26.530+0000] {processor.py:161} INFO - Started process (PID=4965) to work on /home/project/airflow/dags/ETL_toll_data.py
[2026-06-27T19:39:26.532+0000] {processor.py:830} INFO - Processing file /home/project/airflow/dags/ETL_toll_data.py for tasks to queue
[2026-06-27T19:39:26.535+0000] {logging_mixin.py:188} INFO - [2026-06-27T19:39:26.534+0000] {dagbag.py:545} INFO - Filling up the DagBag from /home/project/airflow/dags/ETL_toll_data.py
[2026-06-27T19:39:26.897+0000] {processor.py:840} INFO - DAG(s) 'final_project' retrieved from /home/project/airflow/dags/ETL_toll_data.py
[2026-06-27T19:39:26.926+0000] {logging_mixin.py:188} INFO - [2026-06-27T19:39:26.925+0000] {dag.py:3096} INFO - Sync 1 DAGs
[2026-06-27T19:39:26.944+0000] {logging_mixin.py:188} INFO - [2026-06-27T19:39:26.944+0000] {dag.py:3954} INFO - Setting next_dagrun for final_project to None, run_after=None
[2026-06-27T19:39:26.971+0000] {processor.py:183} INFO - Processing /home/project/airflow/dags/ETL_toll_data.py took 0.450 seconds
[2026-06-27T19:39:57.163+0000] {processor.py:161} INFO - Started process (PID=5043) to work on /home/project/airflow/dags/ETL_toll_data.py
[2026-06-27T19:39:57.165+0000] {processor.py:830} INFO - Processing file /home/project/airflow/dags/ETL_toll_data.py for tasks to queue
[2026-06-27T19:39:57.167+0000] {logging_mixin.py:188} INFO - [2026-06-27T19:39:57.167+0000] {dagbag.py:545} INFO - Filling up the DagBag from /home/project/airflow/dags/ETL_toll_data.py
[2026-06-27T19:39:57.496+0000] {processor.py:840} INFO - DAG(s) 'final_project' retrieved from /home/project/airflow/dags/ETL_toll_data.py
[2026-06-27T19:39:57.524+0000] {logging_mixin.py:188} INFO - [2026-06-27T19:39:57.523+0000] {dag.py:3096} INFO - Sync 1 DAGs
[2026-06-27T19:39:57.540+0000] {logging_mixin.py:188} INFO - [2026-06-27T19:39:57.540+0000] {dag.py:3954} INFO - Setting next_dagrun for final_project to None, run_after=None
[2026-06-27T19:39:57.561+0000] {processor.py:183} INFO - Processing /home/project/airflow/dags/ETL_toll_data.py took 0.408 seconds
[2026-06-27T19:40:28.299+0000] {processor.py:161} INFO - Started process (PID=5121) to work on /home/project/airflow/dags/ETL_toll_data.py
[2026-06-27T19:40:28.305+0000] {processor.py:830} INFO - Processing file /home/project/airflow/dags/ETL_toll_data.py for tasks to queue
[2026-06-27T19:40:28.315+0000] {logging_mixin.py:188} INFO - [2026-06-27T19:40:28.314+0000] {dagbag.py:545} INFO - Filling up the DagBag from /home/project/airflow/dags/ETL_toll_data.py
[2026-06-27T19:40:28.997+0000] {processor.py:840} INFO - DAG(s) 'final_project' retrieved from /home/project/airflow/dags/ETL_toll_data.py
[2026-06-27T19:40:29.044+0000] {logging_mixin.py:188} INFO - [2026-06-27T19:40:29.043+0000] {dag.py:3096} INFO - Sync 1 DAGs
[2026-06-27T19:40:29.075+0000] {logging_mixin.py:188} INFO - [2026-06-27T19:40:29.075+0000] {dag.py:3954} INFO - Setting next_dagrun for final_project to None, run_after=None
[2026-06-27T19:40:29.114+0000] {processor.py:183} INFO - Processing /home/project/airflow/dags/ETL_toll_data.py took 0.835 seconds
[2026-06-27T19:40:59.600+0000] {processor.py:161} INFO - Started process (PID=5207) to work on /home/project/airflow/dags/ETL_toll_data.py
[2026-06-27T19:40:59.602+0000] {processor.py:830} INFO - Processing file /home/project/airflow/dags/ETL_toll_data.py for tasks to queue
[2026-06-27T19:40:59.604+0000] {logging_mixin.py:188} INFO - [2026-06-27T19:40:59.604+0000] {dagbag.py:545} INFO - Filling up the DagBag from /home/project/airflow/dags/ETL_toll_data.py
[2026-06-27T19:41:00.194+0000] {processor.py:840} INFO - DAG(s) 'final_project' retrieved from /home/project/airflow/dags/ETL_toll_data.py
[2026-06-27T19:41:00.225+0000] {logging_mixin.py:188} INFO - [2026-06-27T19:41:00.224+0000] {dag.py:3096} INFO - Sync 1 DAGs
[2026-06-27T19:41:00.242+0000] {logging_mixin.py:188} INFO - [2026-06-27T19:41:00.242+0000] {dag.py:3954} INFO - Setting next_dagrun for final_project to None, run_after=None
[2026-06-27T19:41:00.266+0000] {processor.py:183} INFO - Processing /home/project/airflow/dags/ETL_toll_data.py took 0.676 seconds
[2026-06-27T19:41:30.331+0000] {processor.py:161} INFO - Started process (PID=5283) to work on /home/project/airflow/dags/ETL_toll_data.py
[2026-06-27T19:41:30.333+0000] {processor.py:830} INFO - Processing file /home/project/airflow/dags/ETL_toll_data.py for tasks to queue
[2026-06-27T19:41:30.336+0000] {logging_mixin.py:188} INFO - [2026-06-27T19:41:30.335+0000] {dagbag.py:545} INFO - Filling up the DagBag from /home/project/airflow/dags/ETL_toll_data.py
[2026-06-27T19:41:31.076+0000] {processor.py:840} INFO - DAG(s) 'final_project' retrieved from /home/project/airflow/dags/ETL_toll_data.py
[2026-06-27T19:41:31.132+0000] {logging_mixin.py:188} INFO - [2026-06-27T19:41:31.124+0000] {dag.py:3096} INFO - Sync 1 DAGs
[2026-06-27T19:41:31.173+0000] {logging_mixin.py:188} INFO - [2026-06-27T19:41:31.173+0000] {dag.py:3954} INFO - Setting next_dagrun for final_project to None, run_after=None
[2026-06-27T19:41:31.223+0000] {processor.py:183} INFO - Processing /home/project/airflow/dags/ETL_toll_data.py took 0.909 seconds
[2026-06-27T19:42:01.440+0000] {processor.py:161} INFO - Started process (PID=5364) to work on /home/project/airflow/dags/ETL_toll_data.py
[2026-06-27T19:42:01.441+0000] {processor.py:830} INFO - Processing file /home/project/airflow/dags/ETL_toll_data.py for tasks to queue
[2026-06-27T19:42:01.452+0000] {logging_mixin.py:188} INFO - [2026-06-27T19:42:01.452+0000] {dagbag.py:545} INFO - Filling up the DagBag from /home/project/airflow/dags/ETL_toll_data.py
[2026-06-27T19:42:02.001+0000] {processor.py:840} INFO - DAG(s) 'final_project' retrieved from /home/project/airflow/dags/ETL_toll_data.py
[2026-06-27T19:42:02.038+0000] {logging_mixin.py:188} INFO - [2026-06-27T19:42:02.037+0000] {dag.py:3096} INFO - Sync 1 DAGs
[2026-06-27T19:42:02.058+0000] {logging_mixin.py:188} INFO - [2026-06-27T19:42:02.057+0000] {dag.py:3954} INFO - Setting next_dagrun for final_project to None, run_after=None
[2026-06-27T19:42:02.082+0000] {processor.py:183} INFO - Processing /home/project/airflow/dags/ETL_toll_data.py took 0.662 seconds
[2026-06-27T19:42:32.238+0000] {processor.py:161} INFO - Started process (PID=5444) to work on /home/project/airflow/dags/ETL_toll_data.py
[2026-06-27T19:42:32.240+0000] {processor.py:830} INFO - Processing file /home/project/airflow/dags/ETL_toll_data.py for tasks to queue
[2026-06-27T19:42:32.242+0000] {logging_mixin.py:188} INFO - [2026-06-27T19:42:32.242+0000] {dagbag.py:545} INFO - Filling up the DagBag from /home/project/airflow/dags/ETL_toll_data.py
[2026-06-27T19:42:32.694+0000] {processor.py:840} INFO - DAG(s) 'final_project' retrieved from /home/project/airflow/dags/ETL_toll_data.py
[2026-06-27T19:42:32.724+0000] {logging_mixin.py:188} INFO - [2026-06-27T19:42:32.723+0000] {dag.py:3096} INFO - Sync 1 DAGs
[2026-06-27T19:42:32.741+0000] {logging_mixin.py:188} INFO - [2026-06-27T19:42:32.740+0000] {dag.py:3954} INFO - Setting next_dagrun for final_project to None, run_after=None
[2026-06-27T19:42:32.771+0000] {processor.py:183} INFO - Processing /home/project/airflow/dags/ETL_toll_data.py took 0.550 seconds
[2026-06-27T19:43:03.425+0000] {processor.py:161} INFO - Started process (PID=5522) to work on /home/project/airflow/dags/ETL_toll_data.py
[2026-06-27T19:43:03.426+0000] {processor.py:830} INFO - Processing file /home/project/airflow/dags/ETL_toll_data.py for tasks to queue
[2026-06-27T19:43:03.430+0000] {logging_mixin.py:188} INFO - [2026-06-27T19:43:03.429+0000] {dagbag.py:545} INFO - Filling up the DagBag from /home/project/airflow/dags/ETL_toll_data.py
[2026-06-27T19:43:03.936+0000] {processor.py:840} INFO - DAG(s) 'final_project' retrieved from /home/project/airflow/dags/ETL_toll_data.py
[2026-06-27T19:43:03.979+0000] {logging_mixin.py:188} INFO - [2026-06-27T19:43:03.978+0000] {dag.py:3096} INFO - Sync 1 DAGs
[2026-06-27T19:43:04.003+0000] {logging_mixin.py:188} INFO - [2026-06-27T19:43:04.003+0000] {dag.py:3954} INFO - Setting next_dagrun for final_project to None, run_after=None
[2026-06-27T19:43:04.039+0000] {processor.py:183} INFO - Processing /home/project/airflow/dags/ETL_toll_data.py took 0.626 seconds
[2026-06-27T19:43:34.853+0000] {processor.py:161} INFO - Started process (PID=5608) to work on /home/project/airflow/dags/ETL_toll_data.py
[2026-06-27T19:43:34.855+0000] {processor.py:830} INFO - Processing file /home/project/airflow/dags/ETL_toll_data.py for tasks to queue
[2026-06-27T19:43:34.858+0000] {logging_mixin.py:188} INFO - [2026-06-27T19:43:34.857+0000] {dagbag.py:545} INFO - Filling up the DagBag from /home/project/airflow/dags/ETL_toll_data.py
[2026-06-27T19:43:35.594+0000] {processor.py:840} INFO - DAG(s) 'final_project' retrieved from /home/project/airflow/dags/ETL_toll_data.py
[2026-06-27T19:43:35.696+0000] {logging_mixin.py:188} INFO - [2026-06-27T19:43:35.695+0000] {dag.py:3096} INFO - Sync 1 DAGs
[2026-06-27T19:43:35.753+0000] {logging_mixin.py:188} INFO - [2026-06-27T19:43:35.753+0000] {dag.py:3954} INFO - Setting next_dagrun for final_project to None, run_after=None
[2026-06-27T19:43:35.815+0000] {processor.py:183} INFO - Processing /home/project/airflow/dags/ETL_toll_data.py took 0.978 seconds
[2026-06-27T19:44:06.439+0000] {processor.py:161} INFO - Started process (PID=5686) to work on /home/project/airflow/dags/ETL_toll_data.py
[2026-06-27T19:44:06.441+0000] {processor.py:830} INFO - Processing file /home/project/airflow/dags/ETL_toll_data.py for tasks to queue
[2026-06-27T19:44:06.444+0000] {logging_mixin.py:188} INFO - [2026-06-27T19:44:06.444+0000] {dagbag.py:545} INFO - Filling up the DagBag from /home/project/airflow/dags/ETL_toll_data.py
[2026-06-27T19:44:06.893+0000] {processor.py:840} INFO - DAG(s) 'final_project' retrieved from /home/project/airflow/dags/ETL_toll_data.py
[2026-06-27T19:44:06.927+0000] {logging_mixin.py:188} INFO - [2026-06-27T19:44:06.927+0000] {dag.py:3096} INFO - Sync 1 DAGs
[2026-06-27T19:44:06.950+0000] {logging_mixin.py:188} INFO - [2026-06-27T19:44:06.950+0000] {dag.py:3954} INFO - Setting next_dagrun for final_project to None, run_after=None
[2026-06-27T19:44:06.977+0000] {processor.py:183} INFO - Processing /home/project/airflow/dags/ETL_toll_data.py took 0.557 seconds
[2026-06-27T19:44:37.914+0000] {processor.py:161} INFO - Started process (PID=5758) to work on /home/project/airflow/dags/ETL_toll_data.py
[2026-06-27T19:44:37.915+0000] {processor.py:830} INFO - Processing file /home/project/airflow/dags/ETL_toll_data.py for tasks to queue
[2026-06-27T19:44:37.918+0000] {logging_mixin.py:188} INFO - [2026-06-27T19:44:37.917+0000] {dagbag.py:545} INFO - Filling up the DagBag from /home/project/airflow/dags/ETL_toll_data.py
[2026-06-27T19:44:38.275+0000] {processor.py:840} INFO - DAG(s) 'final_project' retrieved from /home/project/airflow/dags/ETL_toll_data.py
[2026-06-27T19:44:38.309+0000] {logging_mixin.py:188} INFO - [2026-06-27T19:44:38.308+0000] {dag.py:3096} INFO - Sync 1 DAGs
[2026-06-27T19:44:38.334+0000] {logging_mixin.py:188} INFO - [2026-06-27T19:44:38.334+0000] {dag.py:3954} INFO - Setting next_dagrun for final_project to None, run_after=None
[2026-06-27T19:44:38.358+0000] {processor.py:183} INFO - Processing /home/project/airflow/dags/ETL_toll_data.py took 0.455 seconds
[2026-06-27T19:45:08.441+0000] {processor.py:161} INFO - Started process (PID=5837) to work on /home/project/airflow/dags/ETL_toll_data.py
[2026-06-27T19:45:08.442+0000] {processor.py:830} INFO - Processing file /home/project/airflow/dags/ETL_toll_data.py for tasks to queue
[2026-06-27T19:45:08.445+0000] {logging_mixin.py:188} INFO - [2026-06-27T19:45:08.445+0000] {dagbag.py:545} INFO - Filling up the DagBag from /home/project/airflow/dags/ETL_toll_data.py
[2026-06-27T19:45:08.815+0000] {processor.py:840} INFO - DAG(s) 'final_project' retrieved from /home/project/airflow/dags/ETL_toll_data.py
[2026-06-27T19:45:08.852+0000] {logging_mixin.py:188} INFO - [2026-06-27T19:45:08.851+0000] {dag.py:3096} INFO - Sync 1 DAGs
[2026-06-27T19:45:08.874+0000] {logging_mixin.py:188} INFO - [2026-06-27T19:45:08.873+0000] {dag.py:3954} INFO - Setting next_dagrun for final_project to None, run_after=None
[2026-06-27T19:45:09.230+0000] {processor.py:183} INFO - Processing /home/project/airflow/dags/ETL_toll_data.py took 0.804 seconds
[2026-06-27T19:45:39.817+0000] {processor.py:161} INFO - Started process (PID=5917) to work on /home/project/airflow/dags/ETL_toll_data.py
[2026-06-27T19:45:39.819+0000] {processor.py:830} INFO - Processing file /home/project/airflow/dags/ETL_toll_data.py for tasks to queue
[2026-06-27T19:45:39.822+0000] {logging_mixin.py:188} INFO - [2026-06-27T19:45:39.821+0000] {dagbag.py:545} INFO - Filling up the DagBag from /home/project/airflow/dags/ETL_toll_data.py
[2026-06-27T19:45:40.142+0000] {processor.py:840} INFO - DAG(s) 'final_project' retrieved from /home/project/airflow/dags/ETL_toll_data.py
[2026-06-27T19:45:40.173+0000] {logging_mixin.py:188} INFO - [2026-06-27T19:45:40.173+0000] {dag.py:3096} INFO - Sync 1 DAGs
[2026-06-27T19:45:40.190+0000] {logging_mixin.py:188} INFO - [2026-06-27T19:45:40.190+0000] {dag.py:3954} INFO - Setting next_dagrun for final_project to None, run_after=None
[2026-06-27T19:45:40.440+0000] {processor.py:183} INFO - Processing /home/project/airflow/dags/ETL_toll_data.py took 0.632 seconds
[2026-06-27T19:46:10.586+0000] {processor.py:161} INFO - Started process (PID=5995) to work on /home/project/airflow/dags/ETL_toll_data.py
[2026-06-27T19:46:10.587+0000] {processor.py:830} INFO - Processing file /home/project/airflow/dags/ETL_toll_data.py for tasks to queue
[2026-06-27T19:46:10.590+0000] {logging_mixin.py:188} INFO - [2026-06-27T19:46:10.590+0000] {dagbag.py:545} INFO - Filling up the DagBag from /home/project/airflow/dags/ETL_toll_data.py
[2026-06-27T19:46:10.993+0000] {processor.py:840} INFO - DAG(s) 'final_project' retrieved from /home/project/airflow/dags/ETL_toll_data.py
[2026-06-27T19:46:11.029+0000] {logging_mixin.py:188} INFO - [2026-06-27T19:46:11.028+0000] {dag.py:3096} INFO - Sync 1 DAGs
[2026-06-27T19:46:11.050+0000] {logging_mixin.py:188} INFO - [2026-06-27T19:46:11.050+0000] {dag.py:3954} INFO - Setting next_dagrun for final_project to None, run_after=None
[2026-06-27T19:46:11.418+0000] {processor.py:183} INFO - Processing /home/project/airflow/dags/ETL_toll_data.py took 0.841 seconds
[2026-06-27T19:46:41.700+0000] {processor.py:161} INFO - Started process (PID=6084) to work on /home/project/airflow/dags/ETL_toll_data.py
[2026-06-27T19:46:41.701+0000] {processor.py:830} INFO - Processing file /home/project/airflow/dags/ETL_toll_data.py for tasks to queue
[2026-06-27T19:46:41.704+0000] {logging_mixin.py:188} INFO - [2026-06-27T19:46:41.703+0000] {dagbag.py:545} INFO - Filling up the DagBag from /home/project/airflow/dags/ETL_toll_data.py
[2026-06-27T19:46:42.295+0000] {processor.py:840} INFO - DAG(s) 'final_project' retrieved from /home/project/airflow/dags/ETL_toll_data.py
[2026-06-27T19:46:42.382+0000] {logging_mixin.py:188} INFO - [2026-06-27T19:46:42.382+0000] {dag.py:3096} INFO - Sync 1 DAGs
[2026-06-27T19:46:42.418+0000] {logging_mixin.py:188} INFO - [2026-06-27T19:46:42.417+0000] {dag.py:3954} INFO - Setting next_dagrun for final_project to None, run_after=None
[2026-06-27T19:46:42.472+0000] {processor.py:183} INFO - Processing /home/project/airflow/dags/ETL_toll_data.py took 0.792 seconds
