[2026-06-27T19:04:12.292+0000] {processor.py:161} INFO - Started process (PID=126) to work on /home/airflow/.local/lib/python3.9/site-packages/airflow/example_dags/subdags/subdag.py
[2026-06-27T19:04:12.294+0000] {processor.py:830} INFO - Processing file /home/airflow/.local/lib/python3.9/site-packages/airflow/example_dags/subdags/subdag.py for tasks to queue
[2026-06-27T19:04:12.297+0000] {logging_mixin.py:188} INFO - [2026-06-27T19:04:12.296+0000] {dagbag.py:545} INFO - Filling up the DagBag from /home/airflow/.local/lib/python3.9/site-packages/airflow/example_dags/subdags/subdag.py
[2026-06-27T19:04:12.314+0000] {processor.py:842} WARNING - No viable dags retrieved from /home/airflow/.local/lib/python3.9/site-packages/airflow/example_dags/subdags/subdag.py
[2026-06-27T19:04:12.417+0000] {processor.py:183} INFO - Processing /home/airflow/.local/lib/python3.9/site-packages/airflow/example_dags/subdags/subdag.py took 0.161 seconds
[2026-06-27T19:04:42.545+0000] {processor.py:161} INFO - Started process (PID=184) to work on /home/airflow/.local/lib/python3.9/site-packages/airflow/example_dags/subdags/subdag.py
[2026-06-27T19:04:42.546+0000] {processor.py:830} INFO - Processing file /home/airflow/.local/lib/python3.9/site-packages/airflow/example_dags/subdags/subdag.py for tasks to queue
[2026-06-27T19:04:42.552+0000] {logging_mixin.py:188} INFO - [2026-06-27T19:04:42.552+0000] {dagbag.py:545} INFO - Filling up the DagBag from /home/airflow/.local/lib/python3.9/site-packages/airflow/example_dags/subdags/subdag.py
[2026-06-27T19:04:42.555+0000] {processor.py:842} WARNING - No viable dags retrieved from /home/airflow/.local/lib/python3.9/site-packages/airflow/example_dags/subdags/subdag.py
[2026-06-27T19:04:42.579+0000] {processor.py:183} INFO - Processing /home/airflow/.local/lib/python3.9/site-packages/airflow/example_dags/subdags/subdag.py took 0.044 seconds
[2026-06-27T19:05:13.693+0000] {processor.py:161} INFO - Started process (PID=257) to work on /home/airflow/.local/lib/python3.9/site-packages/airflow/example_dags/subdags/subdag.py
[2026-06-27T19:05:13.695+0000] {processor.py:830} INFO - Processing file /home/airflow/.local/lib/python3.9/site-packages/airflow/example_dags/subdags/subdag.py for tasks to queue
[2026-06-27T19:05:13.698+0000] {logging_mixin.py:188} INFO - [2026-06-27T19:05:13.697+0000] {dagbag.py:545} INFO - Filling up the DagBag from /home/airflow/.local/lib/python3.9/site-packages/airflow/example_dags/subdags/subdag.py
[2026-06-27T19:05:13.701+0000] {processor.py:842} WARNING - No viable dags retrieved from /home/airflow/.local/lib/python3.9/site-packages/airflow/example_dags/subdags/subdag.py
[2026-06-27T19:05:13.760+0000] {processor.py:183} INFO - Processing /home/airflow/.local/lib/python3.9/site-packages/airflow/example_dags/subdags/subdag.py took 0.089 seconds
[2026-06-27T19:05:43.886+0000] {processor.py:161} INFO - Started process (PID=323) to work on /home/airflow/.local/lib/python3.9/site-packages/airflow/example_dags/subdags/subdag.py
[2026-06-27T19:05:43.888+0000] {processor.py:830} INFO - Processing file /home/airflow/.local/lib/python3.9/site-packages/airflow/example_dags/subdags/subdag.py for tasks to queue
[2026-06-27T19:05:43.891+0000] {logging_mixin.py:188} INFO - [2026-06-27T19:05:43.891+0000] {dagbag.py:545} INFO - Filling up the DagBag from /home/airflow/.local/lib/python3.9/site-packages/airflow/example_dags/subdags/subdag.py
[2026-06-27T19:05:43.894+0000] {processor.py:842} WARNING - No viable dags retrieved from /home/airflow/.local/lib/python3.9/site-packages/airflow/example_dags/subdags/subdag.py
[2026-06-27T19:05:43.920+0000] {processor.py:183} INFO - Processing /home/airflow/.local/lib/python3.9/site-packages/airflow/example_dags/subdags/subdag.py took 0.043 seconds
[2026-06-27T19:06:13.979+0000] {processor.py:161} INFO - Started process (PID=388) to work on /home/airflow/.local/lib/python3.9/site-packages/airflow/example_dags/subdags/subdag.py
[2026-06-27T19:06:13.980+0000] {processor.py:830} INFO - Processing file /home/airflow/.local/lib/python3.9/site-packages/airflow/example_dags/subdags/subdag.py for tasks to queue
[2026-06-27T19:06:13.993+0000] {logging_mixin.py:188} INFO - [2026-06-27T19:06:13.993+0000] {dagbag.py:545} INFO - Filling up the DagBag from /home/airflow/.local/lib/python3.9/site-packages/airflow/example_dags/subdags/subdag.py
[2026-06-27T19:06:13.996+0000] {processor.py:842} WARNING - No viable dags retrieved from /home/airflow/.local/lib/python3.9/site-packages/airflow/example_dags/subdags/subdag.py
[2026-06-27T19:06:14.036+0000] {processor.py:183} INFO - Processing /home/airflow/.local/lib/python3.9/site-packages/airflow/example_dags/subdags/subdag.py took 0.071 seconds
[2026-06-27T19:06:44.816+0000] {processor.py:161} INFO - Started process (PID=455) to work on /home/airflow/.local/lib/python3.9/site-packages/airflow/example_dags/subdags/subdag.py
[2026-06-27T19:06:44.817+0000] {processor.py:830} INFO - Processing file /home/airflow/.local/lib/python3.9/site-packages/airflow/example_dags/subdags/subdag.py for tasks to queue
[2026-06-27T19:06:44.820+0000] {logging_mixin.py:188} INFO - [2026-06-27T19:06:44.819+0000] {dagbag.py:545} INFO - Filling up the DagBag from /home/airflow/.local/lib/python3.9/site-packages/airflow/example_dags/subdags/subdag.py
[2026-06-27T19:06:44.823+0000] {processor.py:842} WARNING - No viable dags retrieved from /home/airflow/.local/lib/python3.9/site-packages/airflow/example_dags/subdags/subdag.py
[2026-06-27T19:06:44.846+0000] {processor.py:183} INFO - Processing /home/airflow/.local/lib/python3.9/site-packages/airflow/example_dags/subdags/subdag.py took 0.040 seconds
[2026-06-27T19:07:15.316+0000] {processor.py:161} INFO - Started process (PID=521) to work on /home/airflow/.local/lib/python3.9/site-packages/airflow/example_dags/subdags/subdag.py
[2026-06-27T19:07:15.318+0000] {processor.py:830} INFO - Processing file /home/airflow/.local/lib/python3.9/site-packages/airflow/example_dags/subdags/subdag.py for tasks to queue
[2026-06-27T19:07:15.320+0000] {logging_mixin.py:188} INFO - [2026-06-27T19:07:15.320+0000] {dagbag.py:545} INFO - Filling up the DagBag from /home/airflow/.local/lib/python3.9/site-packages/airflow/example_dags/subdags/subdag.py
[2026-06-27T19:07:15.324+0000] {processor.py:842} WARNING - No viable dags retrieved from /home/airflow/.local/lib/python3.9/site-packages/airflow/example_dags/subdags/subdag.py
[2026-06-27T19:07:15.349+0000] {processor.py:183} INFO - Processing /home/airflow/.local/lib/python3.9/site-packages/airflow/example_dags/subdags/subdag.py took 0.042 seconds
[2026-06-27T19:07:45.740+0000] {processor.py:161} INFO - Started process (PID=594) to work on /home/airflow/.local/lib/python3.9/site-packages/airflow/example_dags/subdags/subdag.py
[2026-06-27T19:07:45.741+0000] {processor.py:830} INFO - Processing file /home/airflow/.local/lib/python3.9/site-packages/airflow/example_dags/subdags/subdag.py for tasks to queue
[2026-06-27T19:07:45.743+0000] {logging_mixin.py:188} INFO - [2026-06-27T19:07:45.743+0000] {dagbag.py:545} INFO - Filling up the DagBag from /home/airflow/.local/lib/python3.9/site-packages/airflow/example_dags/subdags/subdag.py
[2026-06-27T19:07:45.753+0000] {processor.py:842} WARNING - No viable dags retrieved from /home/airflow/.local/lib/python3.9/site-packages/airflow/example_dags/subdags/subdag.py
[2026-06-27T19:07:45.797+0000] {processor.py:183} INFO - Processing /home/airflow/.local/lib/python3.9/site-packages/airflow/example_dags/subdags/subdag.py took 0.069 seconds
[2026-06-27T19:08:16.294+0000] {processor.py:161} INFO - Started process (PID=660) to work on /home/airflow/.local/lib/python3.9/site-packages/airflow/example_dags/subdags/subdag.py
[2026-06-27T19:08:16.295+0000] {processor.py:830} INFO - Processing file /home/airflow/.local/lib/python3.9/site-packages/airflow/example_dags/subdags/subdag.py for tasks to queue
[2026-06-27T19:08:16.297+0000] {logging_mixin.py:188} INFO - [2026-06-27T19:08:16.297+0000] {dagbag.py:545} INFO - Filling up the DagBag from /home/airflow/.local/lib/python3.9/site-packages/airflow/example_dags/subdags/subdag.py
[2026-06-27T19:08:16.300+0000] {processor.py:842} WARNING - No viable dags retrieved from /home/airflow/.local/lib/python3.9/site-packages/airflow/example_dags/subdags/subdag.py
[2026-06-27T19:08:16.332+0000] {processor.py:183} INFO - Processing /home/airflow/.local/lib/python3.9/site-packages/airflow/example_dags/subdags/subdag.py took 0.051 seconds
[2026-06-27T19:08:46.480+0000] {processor.py:161} INFO - Started process (PID=726) to work on /home/airflow/.local/lib/python3.9/site-packages/airflow/example_dags/subdags/subdag.py
[2026-06-27T19:08:46.481+0000] {processor.py:830} INFO - Processing file /home/airflow/.local/lib/python3.9/site-packages/airflow/example_dags/subdags/subdag.py for tasks to queue
[2026-06-27T19:08:46.483+0000] {logging_mixin.py:188} INFO - [2026-06-27T19:08:46.483+0000] {dagbag.py:545} INFO - Filling up the DagBag from /home/airflow/.local/lib/python3.9/site-packages/airflow/example_dags/subdags/subdag.py
[2026-06-27T19:08:46.486+0000] {processor.py:842} WARNING - No viable dags retrieved from /home/airflow/.local/lib/python3.9/site-packages/airflow/example_dags/subdags/subdag.py
[2026-06-27T19:08:46.507+0000] {processor.py:183} INFO - Processing /home/airflow/.local/lib/python3.9/site-packages/airflow/example_dags/subdags/subdag.py took 0.044 seconds
[2026-06-27T19:09:17.107+0000] {processor.py:161} INFO - Started process (PID=792) to work on /home/airflow/.local/lib/python3.9/site-packages/airflow/example_dags/subdags/subdag.py
[2026-06-27T19:09:17.108+0000] {processor.py:830} INFO - Processing file /home/airflow/.local/lib/python3.9/site-packages/airflow/example_dags/subdags/subdag.py for tasks to queue
[2026-06-27T19:09:17.112+0000] {logging_mixin.py:188} INFO - [2026-06-27T19:09:17.111+0000] {dagbag.py:545} INFO - Filling up the DagBag from /home/airflow/.local/lib/python3.9/site-packages/airflow/example_dags/subdags/subdag.py
[2026-06-27T19:09:17.114+0000] {processor.py:842} WARNING - No viable dags retrieved from /home/airflow/.local/lib/python3.9/site-packages/airflow/example_dags/subdags/subdag.py
[2026-06-27T19:09:17.138+0000] {processor.py:183} INFO - Processing /home/airflow/.local/lib/python3.9/site-packages/airflow/example_dags/subdags/subdag.py took 0.041 seconds
[2026-06-27T19:09:47.977+0000] {processor.py:161} INFO - Started process (PID=865) to work on /home/airflow/.local/lib/python3.9/site-packages/airflow/example_dags/subdags/subdag.py
[2026-06-27T19:09:47.978+0000] {processor.py:830} INFO - Processing file /home/airflow/.local/lib/python3.9/site-packages/airflow/example_dags/subdags/subdag.py for tasks to queue
[2026-06-27T19:09:47.980+0000] {logging_mixin.py:188} INFO - [2026-06-27T19:09:47.980+0000] {dagbag.py:545} INFO - Filling up the DagBag from /home/airflow/.local/lib/python3.9/site-packages/airflow/example_dags/subdags/subdag.py
[2026-06-27T19:09:47.983+0000] {processor.py:842} WARNING - No viable dags retrieved from /home/airflow/.local/lib/python3.9/site-packages/airflow/example_dags/subdags/subdag.py
[2026-06-27T19:09:48.013+0000] {processor.py:183} INFO - Processing /home/airflow/.local/lib/python3.9/site-packages/airflow/example_dags/subdags/subdag.py took 0.047 seconds
[2026-06-27T19:10:18.817+0000] {processor.py:161} INFO - Started process (PID=931) to work on /home/airflow/.local/lib/python3.9/site-packages/airflow/example_dags/subdags/subdag.py
[2026-06-27T19:10:18.819+0000] {processor.py:830} INFO - Processing file /home/airflow/.local/lib/python3.9/site-packages/airflow/example_dags/subdags/subdag.py for tasks to queue
[2026-06-27T19:10:18.832+0000] {logging_mixin.py:188} INFO - [2026-06-27T19:10:18.831+0000] {dagbag.py:545} INFO - Filling up the DagBag from /home/airflow/.local/lib/python3.9/site-packages/airflow/example_dags/subdags/subdag.py
[2026-06-27T19:10:18.834+0000] {processor.py:842} WARNING - No viable dags retrieved from /home/airflow/.local/lib/python3.9/site-packages/airflow/example_dags/subdags/subdag.py
[2026-06-27T19:10:18.877+0000] {processor.py:183} INFO - Processing /home/airflow/.local/lib/python3.9/site-packages/airflow/example_dags/subdags/subdag.py took 0.082 seconds
[2026-06-27T19:10:49.519+0000] {processor.py:161} INFO - Started process (PID=997) to work on /home/airflow/.local/lib/python3.9/site-packages/airflow/example_dags/subdags/subdag.py
[2026-06-27T19:10:49.520+0000] {processor.py:830} INFO - Processing file /home/airflow/.local/lib/python3.9/site-packages/airflow/example_dags/subdags/subdag.py for tasks to queue
[2026-06-27T19:10:49.523+0000] {logging_mixin.py:188} INFO - [2026-06-27T19:10:49.522+0000] {dagbag.py:545} INFO - Filling up the DagBag from /home/airflow/.local/lib/python3.9/site-packages/airflow/example_dags/subdags/subdag.py
[2026-06-27T19:10:49.526+0000] {processor.py:842} WARNING - No viable dags retrieved from /home/airflow/.local/lib/python3.9/site-packages/airflow/example_dags/subdags/subdag.py
[2026-06-27T19:10:49.550+0000] {processor.py:183} INFO - Processing /home/airflow/.local/lib/python3.9/site-packages/airflow/example_dags/subdags/subdag.py took 0.042 seconds
[2026-06-27T19:11:19.845+0000] {processor.py:161} INFO - Started process (PID=1063) to work on /home/airflow/.local/lib/python3.9/site-packages/airflow/example_dags/subdags/subdag.py
[2026-06-27T19:11:19.846+0000] {processor.py:830} INFO - Processing file /home/airflow/.local/lib/python3.9/site-packages/airflow/example_dags/subdags/subdag.py for tasks to queue
[2026-06-27T19:11:19.849+0000] {logging_mixin.py:188} INFO - [2026-06-27T19:11:19.849+0000] {dagbag.py:545} INFO - Filling up the DagBag from /home/airflow/.local/lib/python3.9/site-packages/airflow/example_dags/subdags/subdag.py
[2026-06-27T19:11:19.852+0000] {processor.py:842} WARNING - No viable dags retrieved from /home/airflow/.local/lib/python3.9/site-packages/airflow/example_dags/subdags/subdag.py
[2026-06-27T19:11:19.877+0000] {processor.py:183} INFO - Processing /home/airflow/.local/lib/python3.9/site-packages/airflow/example_dags/subdags/subdag.py took 0.043 seconds
[2026-06-27T19:11:49.959+0000] {processor.py:161} INFO - Started process (PID=1128) to work on /home/airflow/.local/lib/python3.9/site-packages/airflow/example_dags/subdags/subdag.py
[2026-06-27T19:11:49.961+0000] {processor.py:830} INFO - Processing file /home/airflow/.local/lib/python3.9/site-packages/airflow/example_dags/subdags/subdag.py for tasks to queue
[2026-06-27T19:11:49.965+0000] {logging_mixin.py:188} INFO - [2026-06-27T19:11:49.964+0000] {dagbag.py:545} INFO - Filling up the DagBag from /home/airflow/.local/lib/python3.9/site-packages/airflow/example_dags/subdags/subdag.py
[2026-06-27T19:11:49.968+0000] {processor.py:842} WARNING - No viable dags retrieved from /home/airflow/.local/lib/python3.9/site-packages/airflow/example_dags/subdags/subdag.py
[2026-06-27T19:11:49.998+0000] {processor.py:183} INFO - Processing /home/airflow/.local/lib/python3.9/site-packages/airflow/example_dags/subdags/subdag.py took 0.051 seconds
[2026-06-27T19:12:20.964+0000] {processor.py:161} INFO - Started process (PID=1196) to work on /home/airflow/.local/lib/python3.9/site-packages/airflow/example_dags/subdags/subdag.py
[2026-06-27T19:12:20.966+0000] {processor.py:830} INFO - Processing file /home/airflow/.local/lib/python3.9/site-packages/airflow/example_dags/subdags/subdag.py for tasks to queue
[2026-06-27T19:12:20.968+0000] {logging_mixin.py:188} INFO - [2026-06-27T19:12:20.968+0000] {dagbag.py:545} INFO - Filling up the DagBag from /home/airflow/.local/lib/python3.9/site-packages/airflow/example_dags/subdags/subdag.py
[2026-06-27T19:12:20.972+0000] {processor.py:842} WARNING - No viable dags retrieved from /home/airflow/.local/lib/python3.9/site-packages/airflow/example_dags/subdags/subdag.py
[2026-06-27T19:12:20.997+0000] {processor.py:183} INFO - Processing /home/airflow/.local/lib/python3.9/site-packages/airflow/example_dags/subdags/subdag.py took 0.044 seconds
[2026-06-27T19:12:51.653+0000] {processor.py:161} INFO - Started process (PID=1269) to work on /home/airflow/.local/lib/python3.9/site-packages/airflow/example_dags/subdags/subdag.py
[2026-06-27T19:12:51.655+0000] {processor.py:830} INFO - Processing file /home/airflow/.local/lib/python3.9/site-packages/airflow/example_dags/subdags/subdag.py for tasks to queue
[2026-06-27T19:12:51.657+0000] {logging_mixin.py:188} INFO - [2026-06-27T19:12:51.657+0000] {dagbag.py:545} INFO - Filling up the DagBag from /home/airflow/.local/lib/python3.9/site-packages/airflow/example_dags/subdags/subdag.py
[2026-06-27T19:12:51.660+0000] {processor.py:842} WARNING - No viable dags retrieved from /home/airflow/.local/lib/python3.9/site-packages/airflow/example_dags/subdags/subdag.py
[2026-06-27T19:12:51.714+0000] {processor.py:183} INFO - Processing /home/airflow/.local/lib/python3.9/site-packages/airflow/example_dags/subdags/subdag.py took 0.083 seconds
[2026-06-27T19:13:22.296+0000] {processor.py:161} INFO - Started process (PID=1335) to work on /home/airflow/.local/lib/python3.9/site-packages/airflow/example_dags/subdags/subdag.py
[2026-06-27T19:13:22.298+0000] {processor.py:830} INFO - Processing file /home/airflow/.local/lib/python3.9/site-packages/airflow/example_dags/subdags/subdag.py for tasks to queue
[2026-06-27T19:13:22.312+0000] {logging_mixin.py:188} INFO - [2026-06-27T19:13:22.312+0000] {dagbag.py:545} INFO - Filling up the DagBag from /home/airflow/.local/lib/python3.9/site-packages/airflow/example_dags/subdags/subdag.py
[2026-06-27T19:13:22.316+0000] {processor.py:842} WARNING - No viable dags retrieved from /home/airflow/.local/lib/python3.9/site-packages/airflow/example_dags/subdags/subdag.py
[2026-06-27T19:13:22.373+0000] {processor.py:183} INFO - Processing /home/airflow/.local/lib/python3.9/site-packages/airflow/example_dags/subdags/subdag.py took 0.095 seconds
[2026-06-27T19:13:53.371+0000] {processor.py:161} INFO - Started process (PID=1401) to work on /home/airflow/.local/lib/python3.9/site-packages/airflow/example_dags/subdags/subdag.py
[2026-06-27T19:13:53.373+0000] {processor.py:830} INFO - Processing file /home/airflow/.local/lib/python3.9/site-packages/airflow/example_dags/subdags/subdag.py for tasks to queue
[2026-06-27T19:13:53.375+0000] {logging_mixin.py:188} INFO - [2026-06-27T19:13:53.375+0000] {dagbag.py:545} INFO - Filling up the DagBag from /home/airflow/.local/lib/python3.9/site-packages/airflow/example_dags/subdags/subdag.py
[2026-06-27T19:13:53.379+0000] {processor.py:842} WARNING - No viable dags retrieved from /home/airflow/.local/lib/python3.9/site-packages/airflow/example_dags/subdags/subdag.py
[2026-06-27T19:13:53.401+0000] {processor.py:183} INFO - Processing /home/airflow/.local/lib/python3.9/site-packages/airflow/example_dags/subdags/subdag.py took 0.039 seconds
[2026-06-27T19:14:23.861+0000] {processor.py:161} INFO - Started process (PID=1467) to work on /home/airflow/.local/lib/python3.9/site-packages/airflow/example_dags/subdags/subdag.py
[2026-06-27T19:14:23.867+0000] {processor.py:830} INFO - Processing file /home/airflow/.local/lib/python3.9/site-packages/airflow/example_dags/subdags/subdag.py for tasks to queue
[2026-06-27T19:14:23.876+0000] {logging_mixin.py:188} INFO - [2026-06-27T19:14:23.875+0000] {dagbag.py:545} INFO - Filling up the DagBag from /home/airflow/.local/lib/python3.9/site-packages/airflow/example_dags/subdags/subdag.py
[2026-06-27T19:14:23.882+0000] {processor.py:842} WARNING - No viable dags retrieved from /home/airflow/.local/lib/python3.9/site-packages/airflow/example_dags/subdags/subdag.py
[2026-06-27T19:14:23.933+0000] {processor.py:183} INFO - Processing /home/airflow/.local/lib/python3.9/site-packages/airflow/example_dags/subdags/subdag.py took 0.084 seconds
[2026-06-27T19:14:54.097+0000] {processor.py:161} INFO - Started process (PID=1533) to work on /home/airflow/.local/lib/python3.9/site-packages/airflow/example_dags/subdags/subdag.py
[2026-06-27T19:14:54.098+0000] {processor.py:830} INFO - Processing file /home/airflow/.local/lib/python3.9/site-packages/airflow/example_dags/subdags/subdag.py for tasks to queue
[2026-06-27T19:14:54.100+0000] {logging_mixin.py:188} INFO - [2026-06-27T19:14:54.100+0000] {dagbag.py:545} INFO - Filling up the DagBag from /home/airflow/.local/lib/python3.9/site-packages/airflow/example_dags/subdags/subdag.py
[2026-06-27T19:14:54.103+0000] {processor.py:842} WARNING - No viable dags retrieved from /home/airflow/.local/lib/python3.9/site-packages/airflow/example_dags/subdags/subdag.py
[2026-06-27T19:14:54.128+0000] {processor.py:183} INFO - Processing /home/airflow/.local/lib/python3.9/site-packages/airflow/example_dags/subdags/subdag.py took 0.044 seconds
[2026-06-27T19:15:24.514+0000] {processor.py:161} INFO - Started process (PID=1598) to work on /home/airflow/.local/lib/python3.9/site-packages/airflow/example_dags/subdags/subdag.py
[2026-06-27T19:15:24.516+0000] {processor.py:830} INFO - Processing file /home/airflow/.local/lib/python3.9/site-packages/airflow/example_dags/subdags/subdag.py for tasks to queue
[2026-06-27T19:15:24.518+0000] {logging_mixin.py:188} INFO - [2026-06-27T19:15:24.518+0000] {dagbag.py:545} INFO - Filling up the DagBag from /home/airflow/.local/lib/python3.9/site-packages/airflow/example_dags/subdags/subdag.py
[2026-06-27T19:15:24.521+0000] {processor.py:842} WARNING - No viable dags retrieved from /home/airflow/.local/lib/python3.9/site-packages/airflow/example_dags/subdags/subdag.py
[2026-06-27T19:15:24.560+0000] {processor.py:183} INFO - Processing /home/airflow/.local/lib/python3.9/site-packages/airflow/example_dags/subdags/subdag.py took 0.059 seconds
[2026-06-27T19:15:55.188+0000] {processor.py:161} INFO - Started process (PID=1671) to work on /home/airflow/.local/lib/python3.9/site-packages/airflow/example_dags/subdags/subdag.py
[2026-06-27T19:15:55.192+0000] {processor.py:830} INFO - Processing file /home/airflow/.local/lib/python3.9/site-packages/airflow/example_dags/subdags/subdag.py for tasks to queue
[2026-06-27T19:15:55.194+0000] {logging_mixin.py:188} INFO - [2026-06-27T19:15:55.194+0000] {dagbag.py:545} INFO - Filling up the DagBag from /home/airflow/.local/lib/python3.9/site-packages/airflow/example_dags/subdags/subdag.py
[2026-06-27T19:15:55.197+0000] {processor.py:842} WARNING - No viable dags retrieved from /home/airflow/.local/lib/python3.9/site-packages/airflow/example_dags/subdags/subdag.py
[2026-06-27T19:15:55.223+0000] {processor.py:183} INFO - Processing /home/airflow/.local/lib/python3.9/site-packages/airflow/example_dags/subdags/subdag.py took 0.046 seconds
[2026-06-27T19:16:25.636+0000] {processor.py:161} INFO - Started process (PID=1737) to work on /home/airflow/.local/lib/python3.9/site-packages/airflow/example_dags/subdags/subdag.py
[2026-06-27T19:16:25.638+0000] {processor.py:830} INFO - Processing file /home/airflow/.local/lib/python3.9/site-packages/airflow/example_dags/subdags/subdag.py for tasks to queue
[2026-06-27T19:16:25.640+0000] {logging_mixin.py:188} INFO - [2026-06-27T19:16:25.640+0000] {dagbag.py:545} INFO - Filling up the DagBag from /home/airflow/.local/lib/python3.9/site-packages/airflow/example_dags/subdags/subdag.py
[2026-06-27T19:16:25.644+0000] {processor.py:842} WARNING - No viable dags retrieved from /home/airflow/.local/lib/python3.9/site-packages/airflow/example_dags/subdags/subdag.py
[2026-06-27T19:16:25.669+0000] {processor.py:183} INFO - Processing /home/airflow/.local/lib/python3.9/site-packages/airflow/example_dags/subdags/subdag.py took 0.044 seconds
[2026-06-27T19:16:56.396+0000] {processor.py:161} INFO - Started process (PID=1803) to work on /home/airflow/.local/lib/python3.9/site-packages/airflow/example_dags/subdags/subdag.py
[2026-06-27T19:16:56.398+0000] {processor.py:830} INFO - Processing file /home/airflow/.local/lib/python3.9/site-packages/airflow/example_dags/subdags/subdag.py for tasks to queue
[2026-06-27T19:16:56.400+0000] {logging_mixin.py:188} INFO - [2026-06-27T19:16:56.400+0000] {dagbag.py:545} INFO - Filling up the DagBag from /home/airflow/.local/lib/python3.9/site-packages/airflow/example_dags/subdags/subdag.py
[2026-06-27T19:16:56.403+0000] {processor.py:842} WARNING - No viable dags retrieved from /home/airflow/.local/lib/python3.9/site-packages/airflow/example_dags/subdags/subdag.py
[2026-06-27T19:16:56.428+0000] {processor.py:183} INFO - Processing /home/airflow/.local/lib/python3.9/site-packages/airflow/example_dags/subdags/subdag.py took 0.043 seconds
[2026-06-27T19:17:26.818+0000] {processor.py:161} INFO - Started process (PID=1869) to work on /home/airflow/.local/lib/python3.9/site-packages/airflow/example_dags/subdags/subdag.py
[2026-06-27T19:17:26.820+0000] {processor.py:830} INFO - Processing file /home/airflow/.local/lib/python3.9/site-packages/airflow/example_dags/subdags/subdag.py for tasks to queue
[2026-06-27T19:17:26.822+0000] {logging_mixin.py:188} INFO - [2026-06-27T19:17:26.822+0000] {dagbag.py:545} INFO - Filling up the DagBag from /home/airflow/.local/lib/python3.9/site-packages/airflow/example_dags/subdags/subdag.py
[2026-06-27T19:17:26.833+0000] {processor.py:842} WARNING - No viable dags retrieved from /home/airflow/.local/lib/python3.9/site-packages/airflow/example_dags/subdags/subdag.py
[2026-06-27T19:17:26.874+0000] {processor.py:183} INFO - Processing /home/airflow/.local/lib/python3.9/site-packages/airflow/example_dags/subdags/subdag.py took 0.075 seconds
[2026-06-27T19:17:57.059+0000] {processor.py:161} INFO - Started process (PID=1935) to work on /home/airflow/.local/lib/python3.9/site-packages/airflow/example_dags/subdags/subdag.py
[2026-06-27T19:17:57.060+0000] {processor.py:830} INFO - Processing file /home/airflow/.local/lib/python3.9/site-packages/airflow/example_dags/subdags/subdag.py for tasks to queue
[2026-06-27T19:17:57.063+0000] {logging_mixin.py:188} INFO - [2026-06-27T19:17:57.062+0000] {dagbag.py:545} INFO - Filling up the DagBag from /home/airflow/.local/lib/python3.9/site-packages/airflow/example_dags/subdags/subdag.py
[2026-06-27T19:17:57.066+0000] {processor.py:842} WARNING - No viable dags retrieved from /home/airflow/.local/lib/python3.9/site-packages/airflow/example_dags/subdags/subdag.py
[2026-06-27T19:17:57.087+0000] {processor.py:183} INFO - Processing /home/airflow/.local/lib/python3.9/site-packages/airflow/example_dags/subdags/subdag.py took 0.038 seconds
[2026-06-27T19:18:27.719+0000] {processor.py:161} INFO - Started process (PID=2008) to work on /home/airflow/.local/lib/python3.9/site-packages/airflow/example_dags/subdags/subdag.py
[2026-06-27T19:18:27.721+0000] {processor.py:830} INFO - Processing file /home/airflow/.local/lib/python3.9/site-packages/airflow/example_dags/subdags/subdag.py for tasks to queue
[2026-06-27T19:18:27.723+0000] {logging_mixin.py:188} INFO - [2026-06-27T19:18:27.723+0000] {dagbag.py:545} INFO - Filling up the DagBag from /home/airflow/.local/lib/python3.9/site-packages/airflow/example_dags/subdags/subdag.py
[2026-06-27T19:18:27.726+0000] {processor.py:842} WARNING - No viable dags retrieved from /home/airflow/.local/lib/python3.9/site-packages/airflow/example_dags/subdags/subdag.py
[2026-06-27T19:18:27.762+0000] {processor.py:183} INFO - Processing /home/airflow/.local/lib/python3.9/site-packages/airflow/example_dags/subdags/subdag.py took 0.061 seconds
[2026-06-27T19:18:58.279+0000] {processor.py:161} INFO - Started process (PID=2074) to work on /home/airflow/.local/lib/python3.9/site-packages/airflow/example_dags/subdags/subdag.py
[2026-06-27T19:18:58.280+0000] {processor.py:830} INFO - Processing file /home/airflow/.local/lib/python3.9/site-packages/airflow/example_dags/subdags/subdag.py for tasks to queue
[2026-06-27T19:18:58.283+0000] {logging_mixin.py:188} INFO - [2026-06-27T19:18:58.283+0000] {dagbag.py:545} INFO - Filling up the DagBag from /home/airflow/.local/lib/python3.9/site-packages/airflow/example_dags/subdags/subdag.py
[2026-06-27T19:18:58.286+0000] {processor.py:842} WARNING - No viable dags retrieved from /home/airflow/.local/lib/python3.9/site-packages/airflow/example_dags/subdags/subdag.py
[2026-06-27T19:18:58.332+0000] {processor.py:183} INFO - Processing /home/airflow/.local/lib/python3.9/site-packages/airflow/example_dags/subdags/subdag.py took 0.070 seconds
[2026-06-27T19:19:28.985+0000] {processor.py:161} INFO - Started process (PID=2140) to work on /home/airflow/.local/lib/python3.9/site-packages/airflow/example_dags/subdags/subdag.py
[2026-06-27T19:19:28.986+0000] {processor.py:830} INFO - Processing file /home/airflow/.local/lib/python3.9/site-packages/airflow/example_dags/subdags/subdag.py for tasks to queue
[2026-06-27T19:19:28.989+0000] {logging_mixin.py:188} INFO - [2026-06-27T19:19:28.988+0000] {dagbag.py:545} INFO - Filling up the DagBag from /home/airflow/.local/lib/python3.9/site-packages/airflow/example_dags/subdags/subdag.py
[2026-06-27T19:19:28.993+0000] {processor.py:842} WARNING - No viable dags retrieved from /home/airflow/.local/lib/python3.9/site-packages/airflow/example_dags/subdags/subdag.py
[2026-06-27T19:19:29.023+0000] {processor.py:183} INFO - Processing /home/airflow/.local/lib/python3.9/site-packages/airflow/example_dags/subdags/subdag.py took 0.047 seconds
[2026-06-27T19:19:59.253+0000] {processor.py:161} INFO - Started process (PID=2206) to work on /home/airflow/.local/lib/python3.9/site-packages/airflow/example_dags/subdags/subdag.py
[2026-06-27T19:19:59.255+0000] {processor.py:830} INFO - Processing file /home/airflow/.local/lib/python3.9/site-packages/airflow/example_dags/subdags/subdag.py for tasks to queue
[2026-06-27T19:19:59.258+0000] {logging_mixin.py:188} INFO - [2026-06-27T19:19:59.257+0000] {dagbag.py:545} INFO - Filling up the DagBag from /home/airflow/.local/lib/python3.9/site-packages/airflow/example_dags/subdags/subdag.py
[2026-06-27T19:19:59.261+0000] {processor.py:842} WARNING - No viable dags retrieved from /home/airflow/.local/lib/python3.9/site-packages/airflow/example_dags/subdags/subdag.py
[2026-06-27T19:19:59.284+0000] {processor.py:183} INFO - Processing /home/airflow/.local/lib/python3.9/site-packages/airflow/example_dags/subdags/subdag.py took 0.040 seconds
[2026-06-27T19:20:29.960+0000] {processor.py:161} INFO - Started process (PID=2279) to work on /home/airflow/.local/lib/python3.9/site-packages/airflow/example_dags/subdags/subdag.py
[2026-06-27T19:20:29.961+0000] {processor.py:830} INFO - Processing file /home/airflow/.local/lib/python3.9/site-packages/airflow/example_dags/subdags/subdag.py for tasks to queue
[2026-06-27T19:20:29.972+0000] {logging_mixin.py:188} INFO - [2026-06-27T19:20:29.972+0000] {dagbag.py:545} INFO - Filling up the DagBag from /home/airflow/.local/lib/python3.9/site-packages/airflow/example_dags/subdags/subdag.py
[2026-06-27T19:20:29.976+0000] {processor.py:842} WARNING - No viable dags retrieved from /home/airflow/.local/lib/python3.9/site-packages/airflow/example_dags/subdags/subdag.py
[2026-06-27T19:20:30.019+0000] {processor.py:183} INFO - Processing /home/airflow/.local/lib/python3.9/site-packages/airflow/example_dags/subdags/subdag.py took 0.076 seconds
[2026-06-27T19:21:00.877+0000] {processor.py:161} INFO - Started process (PID=2343) to work on /home/airflow/.local/lib/python3.9/site-packages/airflow/example_dags/subdags/subdag.py
[2026-06-27T19:21:00.879+0000] {processor.py:830} INFO - Processing file /home/airflow/.local/lib/python3.9/site-packages/airflow/example_dags/subdags/subdag.py for tasks to queue
[2026-06-27T19:21:00.882+0000] {logging_mixin.py:188} INFO - [2026-06-27T19:21:00.881+0000] {dagbag.py:545} INFO - Filling up the DagBag from /home/airflow/.local/lib/python3.9/site-packages/airflow/example_dags/subdags/subdag.py
[2026-06-27T19:21:00.885+0000] {processor.py:842} WARNING - No viable dags retrieved from /home/airflow/.local/lib/python3.9/site-packages/airflow/example_dags/subdags/subdag.py
[2026-06-27T19:21:00.921+0000] {processor.py:183} INFO - Processing /home/airflow/.local/lib/python3.9/site-packages/airflow/example_dags/subdags/subdag.py took 0.065 seconds
[2026-06-27T19:21:31.148+0000] {processor.py:161} INFO - Started process (PID=2409) to work on /home/airflow/.local/lib/python3.9/site-packages/airflow/example_dags/subdags/subdag.py
[2026-06-27T19:21:31.151+0000] {processor.py:830} INFO - Processing file /home/airflow/.local/lib/python3.9/site-packages/airflow/example_dags/subdags/subdag.py for tasks to queue
[2026-06-27T19:21:31.154+0000] {logging_mixin.py:188} INFO - [2026-06-27T19:21:31.153+0000] {dagbag.py:545} INFO - Filling up the DagBag from /home/airflow/.local/lib/python3.9/site-packages/airflow/example_dags/subdags/subdag.py
[2026-06-27T19:21:31.158+0000] {processor.py:842} WARNING - No viable dags retrieved from /home/airflow/.local/lib/python3.9/site-packages/airflow/example_dags/subdags/subdag.py
[2026-06-27T19:21:31.180+0000] {processor.py:183} INFO - Processing /home/airflow/.local/lib/python3.9/site-packages/airflow/example_dags/subdags/subdag.py took 0.042 seconds
[2026-06-27T19:22:01.295+0000] {processor.py:161} INFO - Started process (PID=2475) to work on /home/airflow/.local/lib/python3.9/site-packages/airflow/example_dags/subdags/subdag.py
[2026-06-27T19:22:01.296+0000] {processor.py:830} INFO - Processing file /home/airflow/.local/lib/python3.9/site-packages/airflow/example_dags/subdags/subdag.py for tasks to queue
[2026-06-27T19:22:01.299+0000] {logging_mixin.py:188} INFO - [2026-06-27T19:22:01.298+0000] {dagbag.py:545} INFO - Filling up the DagBag from /home/airflow/.local/lib/python3.9/site-packages/airflow/example_dags/subdags/subdag.py
[2026-06-27T19:22:01.302+0000] {processor.py:842} WARNING - No viable dags retrieved from /home/airflow/.local/lib/python3.9/site-packages/airflow/example_dags/subdags/subdag.py
[2026-06-27T19:22:01.325+0000] {processor.py:183} INFO - Processing /home/airflow/.local/lib/python3.9/site-packages/airflow/example_dags/subdags/subdag.py took 0.041 seconds
[2026-06-27T19:22:31.569+0000] {processor.py:161} INFO - Started process (PID=2541) to work on /home/airflow/.local/lib/python3.9/site-packages/airflow/example_dags/subdags/subdag.py
[2026-06-27T19:22:31.571+0000] {processor.py:830} INFO - Processing file /home/airflow/.local/lib/python3.9/site-packages/airflow/example_dags/subdags/subdag.py for tasks to queue
[2026-06-27T19:22:31.573+0000] {logging_mixin.py:188} INFO - [2026-06-27T19:22:31.573+0000] {dagbag.py:545} INFO - Filling up the DagBag from /home/airflow/.local/lib/python3.9/site-packages/airflow/example_dags/subdags/subdag.py
[2026-06-27T19:22:31.576+0000] {processor.py:842} WARNING - No viable dags retrieved from /home/airflow/.local/lib/python3.9/site-packages/airflow/example_dags/subdags/subdag.py
[2026-06-27T19:22:31.602+0000] {processor.py:183} INFO - Processing /home/airflow/.local/lib/python3.9/site-packages/airflow/example_dags/subdags/subdag.py took 0.043 seconds
[2026-06-27T19:23:02.115+0000] {processor.py:161} INFO - Started process (PID=2614) to work on /home/airflow/.local/lib/python3.9/site-packages/airflow/example_dags/subdags/subdag.py
[2026-06-27T19:23:02.116+0000] {processor.py:830} INFO - Processing file /home/airflow/.local/lib/python3.9/site-packages/airflow/example_dags/subdags/subdag.py for tasks to queue
[2026-06-27T19:23:02.119+0000] {logging_mixin.py:188} INFO - [2026-06-27T19:23:02.118+0000] {dagbag.py:545} INFO - Filling up the DagBag from /home/airflow/.local/lib/python3.9/site-packages/airflow/example_dags/subdags/subdag.py
[2026-06-27T19:23:02.131+0000] {processor.py:842} WARNING - No viable dags retrieved from /home/airflow/.local/lib/python3.9/site-packages/airflow/example_dags/subdags/subdag.py
[2026-06-27T19:23:02.178+0000] {processor.py:183} INFO - Processing /home/airflow/.local/lib/python3.9/site-packages/airflow/example_dags/subdags/subdag.py took 0.082 seconds
[2026-06-27T19:23:32.476+0000] {processor.py:161} INFO - Started process (PID=2680) to work on /home/airflow/.local/lib/python3.9/site-packages/airflow/example_dags/subdags/subdag.py
[2026-06-27T19:23:32.479+0000] {processor.py:830} INFO - Processing file /home/airflow/.local/lib/python3.9/site-packages/airflow/example_dags/subdags/subdag.py for tasks to queue
[2026-06-27T19:23:32.493+0000] {logging_mixin.py:188} INFO - [2026-06-27T19:23:32.492+0000] {dagbag.py:545} INFO - Filling up the DagBag from /home/airflow/.local/lib/python3.9/site-packages/airflow/example_dags/subdags/subdag.py
[2026-06-27T19:23:32.496+0000] {processor.py:842} WARNING - No viable dags retrieved from /home/airflow/.local/lib/python3.9/site-packages/airflow/example_dags/subdags/subdag.py
[2026-06-27T19:23:32.574+0000] {processor.py:183} INFO - Processing /home/airflow/.local/lib/python3.9/site-packages/airflow/example_dags/subdags/subdag.py took 0.137 seconds
[2026-06-27T19:24:03.572+0000] {processor.py:161} INFO - Started process (PID=2747) to work on /home/airflow/.local/lib/python3.9/site-packages/airflow/example_dags/subdags/subdag.py
[2026-06-27T19:24:03.574+0000] {processor.py:830} INFO - Processing file /home/airflow/.local/lib/python3.9/site-packages/airflow/example_dags/subdags/subdag.py for tasks to queue
[2026-06-27T19:24:03.576+0000] {logging_mixin.py:188} INFO - [2026-06-27T19:24:03.576+0000] {dagbag.py:545} INFO - Filling up the DagBag from /home/airflow/.local/lib/python3.9/site-packages/airflow/example_dags/subdags/subdag.py
[2026-06-27T19:24:03.579+0000] {processor.py:842} WARNING - No viable dags retrieved from /home/airflow/.local/lib/python3.9/site-packages/airflow/example_dags/subdags/subdag.py
[2026-06-27T19:24:03.633+0000] {processor.py:183} INFO - Processing /home/airflow/.local/lib/python3.9/site-packages/airflow/example_dags/subdags/subdag.py took 0.078 seconds
[2026-06-27T19:24:33.851+0000] {processor.py:161} INFO - Started process (PID=2814) to work on /home/airflow/.local/lib/python3.9/site-packages/airflow/example_dags/subdags/subdag.py
[2026-06-27T19:24:33.853+0000] {processor.py:830} INFO - Processing file /home/airflow/.local/lib/python3.9/site-packages/airflow/example_dags/subdags/subdag.py for tasks to queue
[2026-06-27T19:24:33.855+0000] {logging_mixin.py:188} INFO - [2026-06-27T19:24:33.855+0000] {dagbag.py:545} INFO - Filling up the DagBag from /home/airflow/.local/lib/python3.9/site-packages/airflow/example_dags/subdags/subdag.py
[2026-06-27T19:24:33.858+0000] {processor.py:842} WARNING - No viable dags retrieved from /home/airflow/.local/lib/python3.9/site-packages/airflow/example_dags/subdags/subdag.py
[2026-06-27T19:24:33.881+0000] {processor.py:183} INFO - Processing /home/airflow/.local/lib/python3.9/site-packages/airflow/example_dags/subdags/subdag.py took 0.040 seconds
[2026-06-27T19:25:04.312+0000] {processor.py:161} INFO - Started process (PID=2881) to work on /home/airflow/.local/lib/python3.9/site-packages/airflow/example_dags/subdags/subdag.py
[2026-06-27T19:25:04.314+0000] {processor.py:830} INFO - Processing file /home/airflow/.local/lib/python3.9/site-packages/airflow/example_dags/subdags/subdag.py for tasks to queue
[2026-06-27T19:25:04.316+0000] {logging_mixin.py:188} INFO - [2026-06-27T19:25:04.316+0000] {dagbag.py:545} INFO - Filling up the DagBag from /home/airflow/.local/lib/python3.9/site-packages/airflow/example_dags/subdags/subdag.py
[2026-06-27T19:25:04.319+0000] {processor.py:842} WARNING - No viable dags retrieved from /home/airflow/.local/lib/python3.9/site-packages/airflow/example_dags/subdags/subdag.py
[2026-06-27T19:25:04.341+0000] {processor.py:183} INFO - Processing /home/airflow/.local/lib/python3.9/site-packages/airflow/example_dags/subdags/subdag.py took 0.041 seconds
[2026-06-27T19:25:35.088+0000] {processor.py:161} INFO - Started process (PID=2949) to work on /home/airflow/.local/lib/python3.9/site-packages/airflow/example_dags/subdags/subdag.py
[2026-06-27T19:25:35.092+0000] {processor.py:830} INFO - Processing file /home/airflow/.local/lib/python3.9/site-packages/airflow/example_dags/subdags/subdag.py for tasks to queue
[2026-06-27T19:25:35.095+0000] {logging_mixin.py:188} INFO - [2026-06-27T19:25:35.094+0000] {dagbag.py:545} INFO - Filling up the DagBag from /home/airflow/.local/lib/python3.9/site-packages/airflow/example_dags/subdags/subdag.py
[2026-06-27T19:25:35.099+0000] {processor.py:842} WARNING - No viable dags retrieved from /home/airflow/.local/lib/python3.9/site-packages/airflow/example_dags/subdags/subdag.py
[2026-06-27T19:25:35.127+0000] {processor.py:183} INFO - Processing /home/airflow/.local/lib/python3.9/site-packages/airflow/example_dags/subdags/subdag.py took 0.049 seconds
[2026-06-27T19:26:05.699+0000] {processor.py:161} INFO - Started process (PID=3024) to work on /home/airflow/.local/lib/python3.9/site-packages/airflow/example_dags/subdags/subdag.py
[2026-06-27T19:26:05.700+0000] {processor.py:830} INFO - Processing file /home/airflow/.local/lib/python3.9/site-packages/airflow/example_dags/subdags/subdag.py for tasks to queue
[2026-06-27T19:26:05.713+0000] {logging_mixin.py:188} INFO - [2026-06-27T19:26:05.712+0000] {dagbag.py:545} INFO - Filling up the DagBag from /home/airflow/.local/lib/python3.9/site-packages/airflow/example_dags/subdags/subdag.py
[2026-06-27T19:26:05.716+0000] {processor.py:842} WARNING - No viable dags retrieved from /home/airflow/.local/lib/python3.9/site-packages/airflow/example_dags/subdags/subdag.py
[2026-06-27T19:26:05.793+0000] {processor.py:183} INFO - Processing /home/airflow/.local/lib/python3.9/site-packages/airflow/example_dags/subdags/subdag.py took 0.114 seconds
[2026-06-27T19:26:36.619+0000] {processor.py:161} INFO - Started process (PID=3092) to work on /home/airflow/.local/lib/python3.9/site-packages/airflow/example_dags/subdags/subdag.py
[2026-06-27T19:26:36.620+0000] {processor.py:830} INFO - Processing file /home/airflow/.local/lib/python3.9/site-packages/airflow/example_dags/subdags/subdag.py for tasks to queue
[2026-06-27T19:26:36.622+0000] {logging_mixin.py:188} INFO - [2026-06-27T19:26:36.622+0000] {dagbag.py:545} INFO - Filling up the DagBag from /home/airflow/.local/lib/python3.9/site-packages/airflow/example_dags/subdags/subdag.py
[2026-06-27T19:26:36.625+0000] {processor.py:842} WARNING - No viable dags retrieved from /home/airflow/.local/lib/python3.9/site-packages/airflow/example_dags/subdags/subdag.py
[2026-06-27T19:26:36.660+0000] {processor.py:183} INFO - Processing /home/airflow/.local/lib/python3.9/site-packages/airflow/example_dags/subdags/subdag.py took 0.061 seconds
[2026-06-27T19:27:06.928+0000] {processor.py:161} INFO - Started process (PID=3159) to work on /home/airflow/.local/lib/python3.9/site-packages/airflow/example_dags/subdags/subdag.py
[2026-06-27T19:27:06.929+0000] {processor.py:830} INFO - Processing file /home/airflow/.local/lib/python3.9/site-packages/airflow/example_dags/subdags/subdag.py for tasks to queue
[2026-06-27T19:27:06.932+0000] {logging_mixin.py:188} INFO - [2026-06-27T19:27:06.931+0000] {dagbag.py:545} INFO - Filling up the DagBag from /home/airflow/.local/lib/python3.9/site-packages/airflow/example_dags/subdags/subdag.py
[2026-06-27T19:27:06.935+0000] {processor.py:842} WARNING - No viable dags retrieved from /home/airflow/.local/lib/python3.9/site-packages/airflow/example_dags/subdags/subdag.py
[2026-06-27T19:27:06.964+0000] {processor.py:183} INFO - Processing /home/airflow/.local/lib/python3.9/site-packages/airflow/example_dags/subdags/subdag.py took 0.046 seconds
[2026-06-27T19:27:37.681+0000] {processor.py:161} INFO - Started process (PID=3226) to work on /home/airflow/.local/lib/python3.9/site-packages/airflow/example_dags/subdags/subdag.py
[2026-06-27T19:27:37.692+0000] {processor.py:830} INFO - Processing file /home/airflow/.local/lib/python3.9/site-packages/airflow/example_dags/subdags/subdag.py for tasks to queue
[2026-06-27T19:27:37.695+0000] {logging_mixin.py:188} INFO - [2026-06-27T19:27:37.695+0000] {dagbag.py:545} INFO - Filling up the DagBag from /home/airflow/.local/lib/python3.9/site-packages/airflow/example_dags/subdags/subdag.py
[2026-06-27T19:27:37.698+0000] {processor.py:842} WARNING - No viable dags retrieved from /home/airflow/.local/lib/python3.9/site-packages/airflow/example_dags/subdags/subdag.py
[2026-06-27T19:27:37.755+0000] {processor.py:183} INFO - Processing /home/airflow/.local/lib/python3.9/site-packages/airflow/example_dags/subdags/subdag.py took 0.098 seconds
[2026-06-27T19:28:08.361+0000] {processor.py:161} INFO - Started process (PID=3300) to work on /home/airflow/.local/lib/python3.9/site-packages/airflow/example_dags/subdags/subdag.py
[2026-06-27T19:28:08.363+0000] {processor.py:830} INFO - Processing file /home/airflow/.local/lib/python3.9/site-packages/airflow/example_dags/subdags/subdag.py for tasks to queue
[2026-06-27T19:28:08.372+0000] {logging_mixin.py:188} INFO - [2026-06-27T19:28:08.372+0000] {dagbag.py:545} INFO - Filling up the DagBag from /home/airflow/.local/lib/python3.9/site-packages/airflow/example_dags/subdags/subdag.py
[2026-06-27T19:28:08.375+0000] {processor.py:842} WARNING - No viable dags retrieved from /home/airflow/.local/lib/python3.9/site-packages/airflow/example_dags/subdags/subdag.py
[2026-06-27T19:28:08.414+0000] {processor.py:183} INFO - Processing /home/airflow/.local/lib/python3.9/site-packages/airflow/example_dags/subdags/subdag.py took 0.062 seconds
[2026-06-27T19:28:39.087+0000] {processor.py:161} INFO - Started process (PID=3367) to work on /home/airflow/.local/lib/python3.9/site-packages/airflow/example_dags/subdags/subdag.py
[2026-06-27T19:28:39.089+0000] {processor.py:830} INFO - Processing file /home/airflow/.local/lib/python3.9/site-packages/airflow/example_dags/subdags/subdag.py for tasks to queue
[2026-06-27T19:28:39.091+0000] {logging_mixin.py:188} INFO - [2026-06-27T19:28:39.091+0000] {dagbag.py:545} INFO - Filling up the DagBag from /home/airflow/.local/lib/python3.9/site-packages/airflow/example_dags/subdags/subdag.py
[2026-06-27T19:28:39.094+0000] {processor.py:842} WARNING - No viable dags retrieved from /home/airflow/.local/lib/python3.9/site-packages/airflow/example_dags/subdags/subdag.py
[2026-06-27T19:28:39.120+0000] {processor.py:183} INFO - Processing /home/airflow/.local/lib/python3.9/site-packages/airflow/example_dags/subdags/subdag.py took 0.042 seconds
[2026-06-27T19:29:09.406+0000] {processor.py:161} INFO - Started process (PID=3434) to work on /home/airflow/.local/lib/python3.9/site-packages/airflow/example_dags/subdags/subdag.py
[2026-06-27T19:29:09.408+0000] {processor.py:830} INFO - Processing file /home/airflow/.local/lib/python3.9/site-packages/airflow/example_dags/subdags/subdag.py for tasks to queue
[2026-06-27T19:29:09.410+0000] {logging_mixin.py:188} INFO - [2026-06-27T19:29:09.410+0000] {dagbag.py:545} INFO - Filling up the DagBag from /home/airflow/.local/lib/python3.9/site-packages/airflow/example_dags/subdags/subdag.py
[2026-06-27T19:29:09.413+0000] {processor.py:842} WARNING - No viable dags retrieved from /home/airflow/.local/lib/python3.9/site-packages/airflow/example_dags/subdags/subdag.py
[2026-06-27T19:29:09.438+0000] {processor.py:183} INFO - Processing /home/airflow/.local/lib/python3.9/site-packages/airflow/example_dags/subdags/subdag.py took 0.042 seconds
[2026-06-27T19:29:40.147+0000] {processor.py:161} INFO - Started process (PID=3501) to work on /home/airflow/.local/lib/python3.9/site-packages/airflow/example_dags/subdags/subdag.py
[2026-06-27T19:29:40.149+0000] {processor.py:830} INFO - Processing file /home/airflow/.local/lib/python3.9/site-packages/airflow/example_dags/subdags/subdag.py for tasks to queue
[2026-06-27T19:29:40.152+0000] {logging_mixin.py:188} INFO - [2026-06-27T19:29:40.152+0000] {dagbag.py:545} INFO - Filling up the DagBag from /home/airflow/.local/lib/python3.9/site-packages/airflow/example_dags/subdags/subdag.py
[2026-06-27T19:29:40.155+0000] {processor.py:842} WARNING - No viable dags retrieved from /home/airflow/.local/lib/python3.9/site-packages/airflow/example_dags/subdags/subdag.py
[2026-06-27T19:29:40.181+0000] {processor.py:183} INFO - Processing /home/airflow/.local/lib/python3.9/site-packages/airflow/example_dags/subdags/subdag.py took 0.043 seconds
[2026-06-27T19:30:10.524+0000] {processor.py:161} INFO - Started process (PID=3576) to work on /home/airflow/.local/lib/python3.9/site-packages/airflow/example_dags/subdags/subdag.py
[2026-06-27T19:30:10.525+0000] {processor.py:830} INFO - Processing file /home/airflow/.local/lib/python3.9/site-packages/airflow/example_dags/subdags/subdag.py for tasks to queue
[2026-06-27T19:30:10.528+0000] {logging_mixin.py:188} INFO - [2026-06-27T19:30:10.527+0000] {dagbag.py:545} INFO - Filling up the DagBag from /home/airflow/.local/lib/python3.9/site-packages/airflow/example_dags/subdags/subdag.py
[2026-06-27T19:30:10.533+0000] {processor.py:842} WARNING - No viable dags retrieved from /home/airflow/.local/lib/python3.9/site-packages/airflow/example_dags/subdags/subdag.py
[2026-06-27T19:30:10.558+0000] {processor.py:183} INFO - Processing /home/airflow/.local/lib/python3.9/site-packages/airflow/example_dags/subdags/subdag.py took 0.044 seconds
[2026-06-27T19:30:40.721+0000] {processor.py:161} INFO - Started process (PID=3647) to work on /home/airflow/.local/lib/python3.9/site-packages/airflow/example_dags/subdags/subdag.py
[2026-06-27T19:30:40.732+0000] {processor.py:830} INFO - Processing file /home/airflow/.local/lib/python3.9/site-packages/airflow/example_dags/subdags/subdag.py for tasks to queue
[2026-06-27T19:30:40.735+0000] {logging_mixin.py:188} INFO - [2026-06-27T19:30:40.735+0000] {dagbag.py:545} INFO - Filling up the DagBag from /home/airflow/.local/lib/python3.9/site-packages/airflow/example_dags/subdags/subdag.py
[2026-06-27T19:30:40.739+0000] {processor.py:842} WARNING - No viable dags retrieved from /home/airflow/.local/lib/python3.9/site-packages/airflow/example_dags/subdags/subdag.py
[2026-06-27T19:30:40.815+0000] {processor.py:183} INFO - Processing /home/airflow/.local/lib/python3.9/site-packages/airflow/example_dags/subdags/subdag.py took 0.113 seconds
[2026-06-27T19:31:11.459+0000] {processor.py:161} INFO - Started process (PID=3717) to work on /home/airflow/.local/lib/python3.9/site-packages/airflow/example_dags/subdags/subdag.py
[2026-06-27T19:31:11.461+0000] {processor.py:830} INFO - Processing file /home/airflow/.local/lib/python3.9/site-packages/airflow/example_dags/subdags/subdag.py for tasks to queue
[2026-06-27T19:31:11.463+0000] {logging_mixin.py:188} INFO - [2026-06-27T19:31:11.463+0000] {dagbag.py:545} INFO - Filling up the DagBag from /home/airflow/.local/lib/python3.9/site-packages/airflow/example_dags/subdags/subdag.py
[2026-06-27T19:31:11.472+0000] {processor.py:842} WARNING - No viable dags retrieved from /home/airflow/.local/lib/python3.9/site-packages/airflow/example_dags/subdags/subdag.py
[2026-06-27T19:31:11.505+0000] {processor.py:183} INFO - Processing /home/airflow/.local/lib/python3.9/site-packages/airflow/example_dags/subdags/subdag.py took 0.063 seconds
[2026-06-27T19:31:41.574+0000] {processor.py:161} INFO - Started process (PID=3783) to work on /home/airflow/.local/lib/python3.9/site-packages/airflow/example_dags/subdags/subdag.py
[2026-06-27T19:31:41.575+0000] {processor.py:830} INFO - Processing file /home/airflow/.local/lib/python3.9/site-packages/airflow/example_dags/subdags/subdag.py for tasks to queue
[2026-06-27T19:31:41.578+0000] {logging_mixin.py:188} INFO - [2026-06-27T19:31:41.577+0000] {dagbag.py:545} INFO - Filling up the DagBag from /home/airflow/.local/lib/python3.9/site-packages/airflow/example_dags/subdags/subdag.py
[2026-06-27T19:31:41.581+0000] {processor.py:842} WARNING - No viable dags retrieved from /home/airflow/.local/lib/python3.9/site-packages/airflow/example_dags/subdags/subdag.py
[2026-06-27T19:31:41.611+0000] {processor.py:183} INFO - Processing /home/airflow/.local/lib/python3.9/site-packages/airflow/example_dags/subdags/subdag.py took 0.049 seconds
[2026-06-27T19:32:12.952+0000] {processor.py:161} INFO - Started process (PID=3860) to work on /home/airflow/.local/lib/python3.9/site-packages/airflow/example_dags/subdags/subdag.py
[2026-06-27T19:32:12.953+0000] {processor.py:830} INFO - Processing file /home/airflow/.local/lib/python3.9/site-packages/airflow/example_dags/subdags/subdag.py for tasks to queue
[2026-06-27T19:32:12.955+0000] {logging_mixin.py:188} INFO - [2026-06-27T19:32:12.955+0000] {dagbag.py:545} INFO - Filling up the DagBag from /home/airflow/.local/lib/python3.9/site-packages/airflow/example_dags/subdags/subdag.py
[2026-06-27T19:32:12.958+0000] {processor.py:842} WARNING - No viable dags retrieved from /home/airflow/.local/lib/python3.9/site-packages/airflow/example_dags/subdags/subdag.py
[2026-06-27T19:32:13.012+0000] {processor.py:183} INFO - Processing /home/airflow/.local/lib/python3.9/site-packages/airflow/example_dags/subdags/subdag.py took 0.077 seconds
[2026-06-27T19:32:43.741+0000] {processor.py:161} INFO - Started process (PID=3929) to work on /home/airflow/.local/lib/python3.9/site-packages/airflow/example_dags/subdags/subdag.py
[2026-06-27T19:32:43.743+0000] {processor.py:830} INFO - Processing file /home/airflow/.local/lib/python3.9/site-packages/airflow/example_dags/subdags/subdag.py for tasks to queue
[2026-06-27T19:32:43.753+0000] {logging_mixin.py:188} INFO - [2026-06-27T19:32:43.753+0000] {dagbag.py:545} INFO - Filling up the DagBag from /home/airflow/.local/lib/python3.9/site-packages/airflow/example_dags/subdags/subdag.py
[2026-06-27T19:32:43.757+0000] {processor.py:842} WARNING - No viable dags retrieved from /home/airflow/.local/lib/python3.9/site-packages/airflow/example_dags/subdags/subdag.py
[2026-06-27T19:32:43.800+0000] {processor.py:183} INFO - Processing /home/airflow/.local/lib/python3.9/site-packages/airflow/example_dags/subdags/subdag.py took 0.069 seconds
[2026-06-27T19:33:14.627+0000] {processor.py:161} INFO - Started process (PID=3997) to work on /home/airflow/.local/lib/python3.9/site-packages/airflow/example_dags/subdags/subdag.py
[2026-06-27T19:33:14.628+0000] {processor.py:830} INFO - Processing file /home/airflow/.local/lib/python3.9/site-packages/airflow/example_dags/subdags/subdag.py for tasks to queue
[2026-06-27T19:33:14.633+0000] {logging_mixin.py:188} INFO - [2026-06-27T19:33:14.633+0000] {dagbag.py:545} INFO - Filling up the DagBag from /home/airflow/.local/lib/python3.9/site-packages/airflow/example_dags/subdags/subdag.py
[2026-06-27T19:33:14.636+0000] {processor.py:842} WARNING - No viable dags retrieved from /home/airflow/.local/lib/python3.9/site-packages/airflow/example_dags/subdags/subdag.py
[2026-06-27T19:33:14.658+0000] {processor.py:183} INFO - Processing /home/airflow/.local/lib/python3.9/site-packages/airflow/example_dags/subdags/subdag.py took 0.041 seconds
[2026-06-27T19:33:45.036+0000] {processor.py:161} INFO - Started process (PID=4081) to work on /home/airflow/.local/lib/python3.9/site-packages/airflow/example_dags/subdags/subdag.py
[2026-06-27T19:33:45.037+0000] {processor.py:830} INFO - Processing file /home/airflow/.local/lib/python3.9/site-packages/airflow/example_dags/subdags/subdag.py for tasks to queue
[2026-06-27T19:33:45.040+0000] {logging_mixin.py:188} INFO - [2026-06-27T19:33:45.040+0000] {dagbag.py:545} INFO - Filling up the DagBag from /home/airflow/.local/lib/python3.9/site-packages/airflow/example_dags/subdags/subdag.py
[2026-06-27T19:33:45.043+0000] {processor.py:842} WARNING - No viable dags retrieved from /home/airflow/.local/lib/python3.9/site-packages/airflow/example_dags/subdags/subdag.py
[2026-06-27T19:33:45.077+0000] {processor.py:183} INFO - Processing /home/airflow/.local/lib/python3.9/site-packages/airflow/example_dags/subdags/subdag.py took 0.057 seconds
[2026-06-27T19:34:15.430+0000] {processor.py:161} INFO - Started process (PID=4159) to work on /home/airflow/.local/lib/python3.9/site-packages/airflow/example_dags/subdags/subdag.py
[2026-06-27T19:34:15.432+0000] {processor.py:830} INFO - Processing file /home/airflow/.local/lib/python3.9/site-packages/airflow/example_dags/subdags/subdag.py for tasks to queue
[2026-06-27T19:34:15.434+0000] {logging_mixin.py:188} INFO - [2026-06-27T19:34:15.434+0000] {dagbag.py:545} INFO - Filling up the DagBag from /home/airflow/.local/lib/python3.9/site-packages/airflow/example_dags/subdags/subdag.py
[2026-06-27T19:34:15.437+0000] {processor.py:842} WARNING - No viable dags retrieved from /home/airflow/.local/lib/python3.9/site-packages/airflow/example_dags/subdags/subdag.py
[2026-06-27T19:34:15.459+0000] {processor.py:183} INFO - Processing /home/airflow/.local/lib/python3.9/site-packages/airflow/example_dags/subdags/subdag.py took 0.039 seconds
[2026-06-27T19:34:47.052+0000] {processor.py:161} INFO - Started process (PID=4250) to work on /home/airflow/.local/lib/python3.9/site-packages/airflow/example_dags/subdags/subdag.py
[2026-06-27T19:34:47.054+0000] {processor.py:830} INFO - Processing file /home/airflow/.local/lib/python3.9/site-packages/airflow/example_dags/subdags/subdag.py for tasks to queue
[2026-06-27T19:34:47.057+0000] {logging_mixin.py:188} INFO - [2026-06-27T19:34:47.057+0000] {dagbag.py:545} INFO - Filling up the DagBag from /home/airflow/.local/lib/python3.9/site-packages/airflow/example_dags/subdags/subdag.py
[2026-06-27T19:34:47.071+0000] {processor.py:842} WARNING - No viable dags retrieved from /home/airflow/.local/lib/python3.9/site-packages/airflow/example_dags/subdags/subdag.py
[2026-06-27T19:34:47.135+0000] {processor.py:183} INFO - Processing /home/airflow/.local/lib/python3.9/site-packages/airflow/example_dags/subdags/subdag.py took 0.121 seconds
[2026-06-27T19:35:17.553+0000] {processor.py:161} INFO - Started process (PID=4328) to work on /home/airflow/.local/lib/python3.9/site-packages/airflow/example_dags/subdags/subdag.py
[2026-06-27T19:35:17.556+0000] {processor.py:830} INFO - Processing file /home/airflow/.local/lib/python3.9/site-packages/airflow/example_dags/subdags/subdag.py for tasks to queue
[2026-06-27T19:35:17.575+0000] {logging_mixin.py:188} INFO - [2026-06-27T19:35:17.574+0000] {dagbag.py:545} INFO - Filling up the DagBag from /home/airflow/.local/lib/python3.9/site-packages/airflow/example_dags/subdags/subdag.py
[2026-06-27T19:35:17.593+0000] {processor.py:842} WARNING - No viable dags retrieved from /home/airflow/.local/lib/python3.9/site-packages/airflow/example_dags/subdags/subdag.py
[2026-06-27T19:35:17.641+0000] {processor.py:183} INFO - Processing /home/airflow/.local/lib/python3.9/site-packages/airflow/example_dags/subdags/subdag.py took 0.124 seconds
[2026-06-27T19:35:47.977+0000] {processor.py:161} INFO - Started process (PID=4406) to work on /home/airflow/.local/lib/python3.9/site-packages/airflow/example_dags/subdags/subdag.py
[2026-06-27T19:35:47.992+0000] {processor.py:830} INFO - Processing file /home/airflow/.local/lib/python3.9/site-packages/airflow/example_dags/subdags/subdag.py for tasks to queue
[2026-06-27T19:35:47.995+0000] {logging_mixin.py:188} INFO - [2026-06-27T19:35:47.994+0000] {dagbag.py:545} INFO - Filling up the DagBag from /home/airflow/.local/lib/python3.9/site-packages/airflow/example_dags/subdags/subdag.py
[2026-06-27T19:35:48.011+0000] {processor.py:842} WARNING - No viable dags retrieved from /home/airflow/.local/lib/python3.9/site-packages/airflow/example_dags/subdags/subdag.py
[2026-06-27T19:35:48.151+0000] {processor.py:183} INFO - Processing /home/airflow/.local/lib/python3.9/site-packages/airflow/example_dags/subdags/subdag.py took 0.200 seconds
[2026-06-27T19:36:19.279+0000] {processor.py:161} INFO - Started process (PID=4484) to work on /home/airflow/.local/lib/python3.9/site-packages/airflow/example_dags/subdags/subdag.py
[2026-06-27T19:36:19.293+0000] {processor.py:830} INFO - Processing file /home/airflow/.local/lib/python3.9/site-packages/airflow/example_dags/subdags/subdag.py for tasks to queue
[2026-06-27T19:36:19.295+0000] {logging_mixin.py:188} INFO - [2026-06-27T19:36:19.295+0000] {dagbag.py:545} INFO - Filling up the DagBag from /home/airflow/.local/lib/python3.9/site-packages/airflow/example_dags/subdags/subdag.py
[2026-06-27T19:36:19.298+0000] {processor.py:842} WARNING - No viable dags retrieved from /home/airflow/.local/lib/python3.9/site-packages/airflow/example_dags/subdags/subdag.py
[2026-06-27T19:36:19.355+0000] {processor.py:183} INFO - Processing /home/airflow/.local/lib/python3.9/site-packages/airflow/example_dags/subdags/subdag.py took 0.096 seconds
[2026-06-27T19:36:49.633+0000] {processor.py:161} INFO - Started process (PID=4561) to work on /home/airflow/.local/lib/python3.9/site-packages/airflow/example_dags/subdags/subdag.py
[2026-06-27T19:36:49.635+0000] {processor.py:830} INFO - Processing file /home/airflow/.local/lib/python3.9/site-packages/airflow/example_dags/subdags/subdag.py for tasks to queue
[2026-06-27T19:36:49.638+0000] {logging_mixin.py:188} INFO - [2026-06-27T19:36:49.638+0000] {dagbag.py:545} INFO - Filling up the DagBag from /home/airflow/.local/lib/python3.9/site-packages/airflow/example_dags/subdags/subdag.py
[2026-06-27T19:36:49.641+0000] {processor.py:842} WARNING - No viable dags retrieved from /home/airflow/.local/lib/python3.9/site-packages/airflow/example_dags/subdags/subdag.py
[2026-06-27T19:36:49.677+0000] {processor.py:183} INFO - Processing /home/airflow/.local/lib/python3.9/site-packages/airflow/example_dags/subdags/subdag.py took 0.061 seconds
[2026-06-27T19:37:20.718+0000] {processor.py:161} INFO - Started process (PID=4639) to work on /home/airflow/.local/lib/python3.9/site-packages/airflow/example_dags/subdags/subdag.py
[2026-06-27T19:37:20.719+0000] {processor.py:830} INFO - Processing file /home/airflow/.local/lib/python3.9/site-packages/airflow/example_dags/subdags/subdag.py for tasks to queue
[2026-06-27T19:37:20.734+0000] {logging_mixin.py:188} INFO - [2026-06-27T19:37:20.734+0000] {dagbag.py:545} INFO - Filling up the DagBag from /home/airflow/.local/lib/python3.9/site-packages/airflow/example_dags/subdags/subdag.py
[2026-06-27T19:37:20.738+0000] {processor.py:842} WARNING - No viable dags retrieved from /home/airflow/.local/lib/python3.9/site-packages/airflow/example_dags/subdags/subdag.py
[2026-06-27T19:37:20.783+0000] {processor.py:183} INFO - Processing /home/airflow/.local/lib/python3.9/site-packages/airflow/example_dags/subdags/subdag.py took 0.086 seconds
[2026-06-27T19:37:51.603+0000] {processor.py:161} INFO - Started process (PID=4717) to work on /home/airflow/.local/lib/python3.9/site-packages/airflow/example_dags/subdags/subdag.py
[2026-06-27T19:37:51.605+0000] {processor.py:830} INFO - Processing file /home/airflow/.local/lib/python3.9/site-packages/airflow/example_dags/subdags/subdag.py for tasks to queue
[2026-06-27T19:37:51.608+0000] {logging_mixin.py:188} INFO - [2026-06-27T19:37:51.608+0000] {dagbag.py:545} INFO - Filling up the DagBag from /home/airflow/.local/lib/python3.9/site-packages/airflow/example_dags/subdags/subdag.py
[2026-06-27T19:37:51.612+0000] {processor.py:842} WARNING - No viable dags retrieved from /home/airflow/.local/lib/python3.9/site-packages/airflow/example_dags/subdags/subdag.py
[2026-06-27T19:37:51.636+0000] {processor.py:183} INFO - Processing /home/airflow/.local/lib/python3.9/site-packages/airflow/example_dags/subdags/subdag.py took 0.044 seconds
[2026-06-27T19:38:22.461+0000] {processor.py:161} INFO - Started process (PID=4797) to work on /home/airflow/.local/lib/python3.9/site-packages/airflow/example_dags/subdags/subdag.py
[2026-06-27T19:38:22.463+0000] {processor.py:830} INFO - Processing file /home/airflow/.local/lib/python3.9/site-packages/airflow/example_dags/subdags/subdag.py for tasks to queue
[2026-06-27T19:38:22.466+0000] {logging_mixin.py:188} INFO - [2026-06-27T19:38:22.465+0000] {dagbag.py:545} INFO - Filling up the DagBag from /home/airflow/.local/lib/python3.9/site-packages/airflow/example_dags/subdags/subdag.py
[2026-06-27T19:38:22.469+0000] {processor.py:842} WARNING - No viable dags retrieved from /home/airflow/.local/lib/python3.9/site-packages/airflow/example_dags/subdags/subdag.py
[2026-06-27T19:38:22.496+0000] {processor.py:183} INFO - Processing /home/airflow/.local/lib/python3.9/site-packages/airflow/example_dags/subdags/subdag.py took 0.049 seconds
[2026-06-27T19:38:54.042+0000] {processor.py:161} INFO - Started process (PID=4882) to work on /home/airflow/.local/lib/python3.9/site-packages/airflow/example_dags/subdags/subdag.py
[2026-06-27T19:38:54.052+0000] {processor.py:830} INFO - Processing file /home/airflow/.local/lib/python3.9/site-packages/airflow/example_dags/subdags/subdag.py for tasks to queue
[2026-06-27T19:38:54.055+0000] {logging_mixin.py:188} INFO - [2026-06-27T19:38:54.054+0000] {dagbag.py:545} INFO - Filling up the DagBag from /home/airflow/.local/lib/python3.9/site-packages/airflow/example_dags/subdags/subdag.py
[2026-06-27T19:38:54.073+0000] {processor.py:842} WARNING - No viable dags retrieved from /home/airflow/.local/lib/python3.9/site-packages/airflow/example_dags/subdags/subdag.py
[2026-06-27T19:38:54.119+0000] {processor.py:183} INFO - Processing /home/airflow/.local/lib/python3.9/site-packages/airflow/example_dags/subdags/subdag.py took 0.102 seconds
[2026-06-27T19:39:25.282+0000] {processor.py:161} INFO - Started process (PID=4961) to work on /home/airflow/.local/lib/python3.9/site-packages/airflow/example_dags/subdags/subdag.py
[2026-06-27T19:39:25.292+0000] {processor.py:830} INFO - Processing file /home/airflow/.local/lib/python3.9/site-packages/airflow/example_dags/subdags/subdag.py for tasks to queue
[2026-06-27T19:39:25.294+0000] {logging_mixin.py:188} INFO - [2026-06-27T19:39:25.294+0000] {dagbag.py:545} INFO - Filling up the DagBag from /home/airflow/.local/lib/python3.9/site-packages/airflow/example_dags/subdags/subdag.py
[2026-06-27T19:39:25.297+0000] {processor.py:842} WARNING - No viable dags retrieved from /home/airflow/.local/lib/python3.9/site-packages/airflow/example_dags/subdags/subdag.py
[2026-06-27T19:39:25.336+0000] {processor.py:183} INFO - Processing /home/airflow/.local/lib/python3.9/site-packages/airflow/example_dags/subdags/subdag.py took 0.064 seconds
[2026-06-27T19:39:55.999+0000] {processor.py:161} INFO - Started process (PID=5039) to work on /home/airflow/.local/lib/python3.9/site-packages/airflow/example_dags/subdags/subdag.py
[2026-06-27T19:39:56.000+0000] {processor.py:830} INFO - Processing file /home/airflow/.local/lib/python3.9/site-packages/airflow/example_dags/subdags/subdag.py for tasks to queue
[2026-06-27T19:39:56.003+0000] {logging_mixin.py:188} INFO - [2026-06-27T19:39:56.002+0000] {dagbag.py:545} INFO - Filling up the DagBag from /home/airflow/.local/lib/python3.9/site-packages/airflow/example_dags/subdags/subdag.py
[2026-06-27T19:39:56.006+0000] {processor.py:842} WARNING - No viable dags retrieved from /home/airflow/.local/lib/python3.9/site-packages/airflow/example_dags/subdags/subdag.py
[2026-06-27T19:39:56.031+0000] {processor.py:183} INFO - Processing /home/airflow/.local/lib/python3.9/site-packages/airflow/example_dags/subdags/subdag.py took 0.044 seconds
[2026-06-27T19:40:26.960+0000] {processor.py:161} INFO - Started process (PID=5117) to work on /home/airflow/.local/lib/python3.9/site-packages/airflow/example_dags/subdags/subdag.py
[2026-06-27T19:40:26.961+0000] {processor.py:830} INFO - Processing file /home/airflow/.local/lib/python3.9/site-packages/airflow/example_dags/subdags/subdag.py for tasks to queue
[2026-06-27T19:40:26.963+0000] {logging_mixin.py:188} INFO - [2026-06-27T19:40:26.963+0000] {dagbag.py:545} INFO - Filling up the DagBag from /home/airflow/.local/lib/python3.9/site-packages/airflow/example_dags/subdags/subdag.py
[2026-06-27T19:40:26.973+0000] {processor.py:842} WARNING - No viable dags retrieved from /home/airflow/.local/lib/python3.9/site-packages/airflow/example_dags/subdags/subdag.py
[2026-06-27T19:40:27.013+0000] {processor.py:183} INFO - Processing /home/airflow/.local/lib/python3.9/site-packages/airflow/example_dags/subdags/subdag.py took 0.072 seconds
[2026-06-27T19:40:58.290+0000] {processor.py:161} INFO - Started process (PID=5195) to work on /home/airflow/.local/lib/python3.9/site-packages/airflow/example_dags/subdags/subdag.py
[2026-06-27T19:40:58.292+0000] {processor.py:830} INFO - Processing file /home/airflow/.local/lib/python3.9/site-packages/airflow/example_dags/subdags/subdag.py for tasks to queue
[2026-06-27T19:40:58.294+0000] {logging_mixin.py:188} INFO - [2026-06-27T19:40:58.294+0000] {dagbag.py:545} INFO - Filling up the DagBag from /home/airflow/.local/lib/python3.9/site-packages/airflow/example_dags/subdags/subdag.py
[2026-06-27T19:40:58.297+0000] {processor.py:842} WARNING - No viable dags retrieved from /home/airflow/.local/lib/python3.9/site-packages/airflow/example_dags/subdags/subdag.py
[2026-06-27T19:40:58.322+0000] {processor.py:183} INFO - Processing /home/airflow/.local/lib/python3.9/site-packages/airflow/example_dags/subdags/subdag.py took 0.041 seconds
[2026-06-27T19:41:30.139+0000] {processor.py:161} INFO - Started process (PID=5280) to work on /home/airflow/.local/lib/python3.9/site-packages/airflow/example_dags/subdags/subdag.py
[2026-06-27T19:41:30.141+0000] {processor.py:830} INFO - Processing file /home/airflow/.local/lib/python3.9/site-packages/airflow/example_dags/subdags/subdag.py for tasks to queue
[2026-06-27T19:41:30.152+0000] {logging_mixin.py:188} INFO - [2026-06-27T19:41:30.143+0000] {dagbag.py:545} INFO - Filling up the DagBag from /home/airflow/.local/lib/python3.9/site-packages/airflow/example_dags/subdags/subdag.py
[2026-06-27T19:41:30.155+0000] {processor.py:842} WARNING - No viable dags retrieved from /home/airflow/.local/lib/python3.9/site-packages/airflow/example_dags/subdags/subdag.py
[2026-06-27T19:41:30.196+0000] {processor.py:183} INFO - Processing /home/airflow/.local/lib/python3.9/site-packages/airflow/example_dags/subdags/subdag.py took 0.072 seconds
[2026-06-27T19:42:00.856+0000] {processor.py:161} INFO - Started process (PID=5359) to work on /home/airflow/.local/lib/python3.9/site-packages/airflow/example_dags/subdags/subdag.py
[2026-06-27T19:42:00.857+0000] {processor.py:830} INFO - Processing file /home/airflow/.local/lib/python3.9/site-packages/airflow/example_dags/subdags/subdag.py for tasks to queue
[2026-06-27T19:42:00.860+0000] {logging_mixin.py:188} INFO - [2026-06-27T19:42:00.860+0000] {dagbag.py:545} INFO - Filling up the DagBag from /home/airflow/.local/lib/python3.9/site-packages/airflow/example_dags/subdags/subdag.py
[2026-06-27T19:42:00.863+0000] {processor.py:842} WARNING - No viable dags retrieved from /home/airflow/.local/lib/python3.9/site-packages/airflow/example_dags/subdags/subdag.py
[2026-06-27T19:42:00.902+0000] {processor.py:183} INFO - Processing /home/airflow/.local/lib/python3.9/site-packages/airflow/example_dags/subdags/subdag.py took 0.065 seconds
[2026-06-27T19:42:31.818+0000] {processor.py:161} INFO - Started process (PID=5439) to work on /home/airflow/.local/lib/python3.9/site-packages/airflow/example_dags/subdags/subdag.py
[2026-06-27T19:42:31.820+0000] {processor.py:830} INFO - Processing file /home/airflow/.local/lib/python3.9/site-packages/airflow/example_dags/subdags/subdag.py for tasks to queue
[2026-06-27T19:42:31.823+0000] {logging_mixin.py:188} INFO - [2026-06-27T19:42:31.823+0000] {dagbag.py:545} INFO - Filling up the DagBag from /home/airflow/.local/lib/python3.9/site-packages/airflow/example_dags/subdags/subdag.py
[2026-06-27T19:42:31.831+0000] {processor.py:842} WARNING - No viable dags retrieved from /home/airflow/.local/lib/python3.9/site-packages/airflow/example_dags/subdags/subdag.py
[2026-06-27T19:42:31.862+0000] {processor.py:183} INFO - Processing /home/airflow/.local/lib/python3.9/site-packages/airflow/example_dags/subdags/subdag.py took 0.063 seconds
[2026-06-27T19:43:02.052+0000] {processor.py:161} INFO - Started process (PID=5516) to work on /home/airflow/.local/lib/python3.9/site-packages/airflow/example_dags/subdags/subdag.py
[2026-06-27T19:43:02.054+0000] {processor.py:830} INFO - Processing file /home/airflow/.local/lib/python3.9/site-packages/airflow/example_dags/subdags/subdag.py for tasks to queue
[2026-06-27T19:43:02.056+0000] {logging_mixin.py:188} INFO - [2026-06-27T19:43:02.056+0000] {dagbag.py:545} INFO - Filling up the DagBag from /home/airflow/.local/lib/python3.9/site-packages/airflow/example_dags/subdags/subdag.py
[2026-06-27T19:43:02.060+0000] {processor.py:842} WARNING - No viable dags retrieved from /home/airflow/.local/lib/python3.9/site-packages/airflow/example_dags/subdags/subdag.py
[2026-06-27T19:43:02.081+0000] {processor.py:183} INFO - Processing /home/airflow/.local/lib/python3.9/site-packages/airflow/example_dags/subdags/subdag.py took 0.040 seconds
[2026-06-27T19:43:33.473+0000] {processor.py:161} INFO - Started process (PID=5603) to work on /home/airflow/.local/lib/python3.9/site-packages/airflow/example_dags/subdags/subdag.py
[2026-06-27T19:43:33.474+0000] {processor.py:830} INFO - Processing file /home/airflow/.local/lib/python3.9/site-packages/airflow/example_dags/subdags/subdag.py for tasks to queue
[2026-06-27T19:43:33.477+0000] {logging_mixin.py:188} INFO - [2026-06-27T19:43:33.476+0000] {dagbag.py:545} INFO - Filling up the DagBag from /home/airflow/.local/lib/python3.9/site-packages/airflow/example_dags/subdags/subdag.py
[2026-06-27T19:43:33.480+0000] {processor.py:842} WARNING - No viable dags retrieved from /home/airflow/.local/lib/python3.9/site-packages/airflow/example_dags/subdags/subdag.py
[2026-06-27T19:43:33.520+0000] {processor.py:183} INFO - Processing /home/airflow/.local/lib/python3.9/site-packages/airflow/example_dags/subdags/subdag.py took 0.064 seconds
[2026-06-27T19:44:05.893+0000] {processor.py:161} INFO - Started process (PID=5682) to work on /home/airflow/.local/lib/python3.9/site-packages/airflow/example_dags/subdags/subdag.py
[2026-06-27T19:44:05.894+0000] {processor.py:830} INFO - Processing file /home/airflow/.local/lib/python3.9/site-packages/airflow/example_dags/subdags/subdag.py for tasks to queue
[2026-06-27T19:44:05.897+0000] {logging_mixin.py:188} INFO - [2026-06-27T19:44:05.897+0000] {dagbag.py:545} INFO - Filling up the DagBag from /home/airflow/.local/lib/python3.9/site-packages/airflow/example_dags/subdags/subdag.py
[2026-06-27T19:44:05.900+0000] {processor.py:842} WARNING - No viable dags retrieved from /home/airflow/.local/lib/python3.9/site-packages/airflow/example_dags/subdags/subdag.py
[2026-06-27T19:44:05.998+0000] {processor.py:183} INFO - Processing /home/airflow/.local/lib/python3.9/site-packages/airflow/example_dags/subdags/subdag.py took 0.144 seconds
[2026-06-27T19:44:38.633+0000] {processor.py:161} INFO - Started process (PID=5767) to work on /home/airflow/.local/lib/python3.9/site-packages/airflow/example_dags/subdags/subdag.py
[2026-06-27T19:44:38.634+0000] {processor.py:830} INFO - Processing file /home/airflow/.local/lib/python3.9/site-packages/airflow/example_dags/subdags/subdag.py for tasks to queue
[2026-06-27T19:44:38.636+0000] {logging_mixin.py:188} INFO - [2026-06-27T19:44:38.636+0000] {dagbag.py:545} INFO - Filling up the DagBag from /home/airflow/.local/lib/python3.9/site-packages/airflow/example_dags/subdags/subdag.py
[2026-06-27T19:44:38.639+0000] {processor.py:842} WARNING - No viable dags retrieved from /home/airflow/.local/lib/python3.9/site-packages/airflow/example_dags/subdags/subdag.py
[2026-06-27T19:44:38.662+0000] {processor.py:183} INFO - Processing /home/airflow/.local/lib/python3.9/site-packages/airflow/example_dags/subdags/subdag.py took 0.041 seconds
[2026-06-27T19:45:09.354+0000] {processor.py:161} INFO - Started process (PID=5845) to work on /home/airflow/.local/lib/python3.9/site-packages/airflow/example_dags/subdags/subdag.py
[2026-06-27T19:45:09.356+0000] {processor.py:830} INFO - Processing file /home/airflow/.local/lib/python3.9/site-packages/airflow/example_dags/subdags/subdag.py for tasks to queue
[2026-06-27T19:45:09.359+0000] {logging_mixin.py:188} INFO - [2026-06-27T19:45:09.358+0000] {dagbag.py:545} INFO - Filling up the DagBag from /home/airflow/.local/lib/python3.9/site-packages/airflow/example_dags/subdags/subdag.py
[2026-06-27T19:45:09.362+0000] {processor.py:842} WARNING - No viable dags retrieved from /home/airflow/.local/lib/python3.9/site-packages/airflow/example_dags/subdags/subdag.py
[2026-06-27T19:45:09.391+0000] {processor.py:183} INFO - Processing /home/airflow/.local/lib/python3.9/site-packages/airflow/example_dags/subdags/subdag.py took 0.052 seconds
[2026-06-27T19:45:40.632+0000] {processor.py:161} INFO - Started process (PID=5925) to work on /home/airflow/.local/lib/python3.9/site-packages/airflow/example_dags/subdags/subdag.py
[2026-06-27T19:45:40.634+0000] {processor.py:830} INFO - Processing file /home/airflow/.local/lib/python3.9/site-packages/airflow/example_dags/subdags/subdag.py for tasks to queue
[2026-06-27T19:45:40.636+0000] {logging_mixin.py:188} INFO - [2026-06-27T19:45:40.636+0000] {dagbag.py:545} INFO - Filling up the DagBag from /home/airflow/.local/lib/python3.9/site-packages/airflow/example_dags/subdags/subdag.py
[2026-06-27T19:45:40.639+0000] {processor.py:842} WARNING - No viable dags retrieved from /home/airflow/.local/lib/python3.9/site-packages/airflow/example_dags/subdags/subdag.py
[2026-06-27T19:45:40.665+0000] {processor.py:183} INFO - Processing /home/airflow/.local/lib/python3.9/site-packages/airflow/example_dags/subdags/subdag.py took 0.041 seconds
[2026-06-27T19:46:12.120+0000] {processor.py:161} INFO - Started process (PID=6014) to work on /home/airflow/.local/lib/python3.9/site-packages/airflow/example_dags/subdags/subdag.py
[2026-06-27T19:46:12.122+0000] {processor.py:830} INFO - Processing file /home/airflow/.local/lib/python3.9/site-packages/airflow/example_dags/subdags/subdag.py for tasks to queue
[2026-06-27T19:46:12.134+0000] {logging_mixin.py:188} INFO - [2026-06-27T19:46:12.133+0000] {dagbag.py:545} INFO - Filling up the DagBag from /home/airflow/.local/lib/python3.9/site-packages/airflow/example_dags/subdags/subdag.py
[2026-06-27T19:46:12.137+0000] {processor.py:842} WARNING - No viable dags retrieved from /home/airflow/.local/lib/python3.9/site-packages/airflow/example_dags/subdags/subdag.py
[2026-06-27T19:46:12.179+0000] {processor.py:183} INFO - Processing /home/airflow/.local/lib/python3.9/site-packages/airflow/example_dags/subdags/subdag.py took 0.068 seconds
[2026-06-27T19:46:43.441+0000] {processor.py:161} INFO - Started process (PID=6092) to work on /home/airflow/.local/lib/python3.9/site-packages/airflow/example_dags/subdags/subdag.py
[2026-06-27T19:46:43.442+0000] {processor.py:830} INFO - Processing file /home/airflow/.local/lib/python3.9/site-packages/airflow/example_dags/subdags/subdag.py for tasks to queue
[2026-06-27T19:46:43.454+0000] {logging_mixin.py:188} INFO - [2026-06-27T19:46:43.454+0000] {dagbag.py:545} INFO - Filling up the DagBag from /home/airflow/.local/lib/python3.9/site-packages/airflow/example_dags/subdags/subdag.py
[2026-06-27T19:46:43.472+0000] {processor.py:842} WARNING - No viable dags retrieved from /home/airflow/.local/lib/python3.9/site-packages/airflow/example_dags/subdags/subdag.py
[2026-06-27T19:46:43.572+0000] {processor.py:183} INFO - Processing /home/airflow/.local/lib/python3.9/site-packages/airflow/example_dags/subdags/subdag.py took 0.153 seconds
