[2026-06-27T19:33:37.800+0000] {processor.py:161} INFO - Started process (PID=4058) to work on /home/project/airflow/dags/python_etl/scripts/download_dataset.py
[2026-06-27T19:33:37.801+0000] {processor.py:830} INFO - Processing file /home/project/airflow/dags/python_etl/scripts/download_dataset.py for tasks to queue
[2026-06-27T19:33:37.813+0000] {logging_mixin.py:188} INFO - [2026-06-27T19:33:37.812+0000] {dagbag.py:545} INFO - Filling up the DagBag from /home/project/airflow/dags/python_etl/scripts/download_dataset.py
[2026-06-27T19:33:37.817+0000] {processor.py:842} WARNING - No viable dags retrieved from /home/project/airflow/dags/python_etl/scripts/download_dataset.py
[2026-06-27T19:33:37.894+0000] {processor.py:183} INFO - Processing /home/project/airflow/dags/python_etl/scripts/download_dataset.py took 0.115 seconds
[2026-06-27T19:34:08.787+0000] {processor.py:161} INFO - Started process (PID=4135) to work on /home/project/airflow/dags/python_etl/scripts/download_dataset.py
[2026-06-27T19:34:08.789+0000] {processor.py:830} INFO - Processing file /home/project/airflow/dags/python_etl/scripts/download_dataset.py for tasks to queue
[2026-06-27T19:34:08.791+0000] {logging_mixin.py:188} INFO - [2026-06-27T19:34:08.791+0000] {dagbag.py:545} INFO - Filling up the DagBag from /home/project/airflow/dags/python_etl/scripts/download_dataset.py
[2026-06-27T19:34:08.795+0000] {processor.py:842} WARNING - No viable dags retrieved from /home/project/airflow/dags/python_etl/scripts/download_dataset.py
[2026-06-27T19:34:08.822+0000] {processor.py:183} INFO - Processing /home/project/airflow/dags/python_etl/scripts/download_dataset.py took 0.044 seconds
[2026-06-27T19:34:39.557+0000] {processor.py:161} INFO - Started process (PID=4214) to work on /home/project/airflow/dags/python_etl/scripts/download_dataset.py
[2026-06-27T19:34:39.558+0000] {processor.py:830} INFO - Processing file /home/project/airflow/dags/python_etl/scripts/download_dataset.py for tasks to queue
[2026-06-27T19:34:39.561+0000] {logging_mixin.py:188} INFO - [2026-06-27T19:34:39.560+0000] {dagbag.py:545} INFO - Filling up the DagBag from /home/project/airflow/dags/python_etl/scripts/download_dataset.py
[2026-06-27T19:34:39.564+0000] {processor.py:842} WARNING - No viable dags retrieved from /home/project/airflow/dags/python_etl/scripts/download_dataset.py
[2026-06-27T19:34:39.590+0000] {processor.py:183} INFO - Processing /home/project/airflow/dags/python_etl/scripts/download_dataset.py took 0.043 seconds
[2026-06-27T19:35:09.885+0000] {processor.py:161} INFO - Started process (PID=4296) to work on /home/project/airflow/dags/python_etl/scripts/download_dataset.py
[2026-06-27T19:35:09.887+0000] {processor.py:830} INFO - Processing file /home/project/airflow/dags/python_etl/scripts/download_dataset.py for tasks to queue
[2026-06-27T19:35:09.889+0000] {logging_mixin.py:188} INFO - [2026-06-27T19:35:09.889+0000] {dagbag.py:545} INFO - Filling up the DagBag from /home/project/airflow/dags/python_etl/scripts/download_dataset.py
[2026-06-27T19:35:09.893+0000] {processor.py:842} WARNING - No viable dags retrieved from /home/project/airflow/dags/python_etl/scripts/download_dataset.py
[2026-06-27T19:35:09.917+0000] {processor.py:183} INFO - Processing /home/project/airflow/dags/python_etl/scripts/download_dataset.py took 0.041 seconds
[2026-06-27T19:35:40.010+0000] {processor.py:161} INFO - Started process (PID=4374) to work on /home/project/airflow/dags/python_etl/scripts/download_dataset.py
[2026-06-27T19:35:40.012+0000] {processor.py:830} INFO - Processing file /home/project/airflow/dags/python_etl/scripts/download_dataset.py for tasks to queue
[2026-06-27T19:35:40.015+0000] {logging_mixin.py:188} INFO - [2026-06-27T19:35:40.014+0000] {dagbag.py:545} INFO - Filling up the DagBag from /home/project/airflow/dags/python_etl/scripts/download_dataset.py
[2026-06-27T19:35:40.018+0000] {processor.py:842} WARNING - No viable dags retrieved from /home/project/airflow/dags/python_etl/scripts/download_dataset.py
[2026-06-27T19:35:40.043+0000] {processor.py:183} INFO - Processing /home/project/airflow/dags/python_etl/scripts/download_dataset.py took 0.043 seconds
[2026-06-27T19:36:10.276+0000] {processor.py:161} INFO - Started process (PID=4451) to work on /home/project/airflow/dags/python_etl/scripts/download_dataset.py
[2026-06-27T19:36:10.278+0000] {processor.py:830} INFO - Processing file /home/project/airflow/dags/python_etl/scripts/download_dataset.py for tasks to queue
[2026-06-27T19:36:10.280+0000] {logging_mixin.py:188} INFO - [2026-06-27T19:36:10.280+0000] {dagbag.py:545} INFO - Filling up the DagBag from /home/project/airflow/dags/python_etl/scripts/download_dataset.py
[2026-06-27T19:36:10.284+0000] {processor.py:842} WARNING - No viable dags retrieved from /home/project/airflow/dags/python_etl/scripts/download_dataset.py
[2026-06-27T19:36:10.307+0000] {processor.py:183} INFO - Processing /home/project/airflow/dags/python_etl/scripts/download_dataset.py took 0.041 seconds
[2026-06-27T19:36:40.446+0000] {processor.py:161} INFO - Started process (PID=4529) to work on /home/project/airflow/dags/python_etl/scripts/download_dataset.py
[2026-06-27T19:36:40.447+0000] {processor.py:830} INFO - Processing file /home/project/airflow/dags/python_etl/scripts/download_dataset.py for tasks to queue
[2026-06-27T19:36:40.450+0000] {logging_mixin.py:188} INFO - [2026-06-27T19:36:40.449+0000] {dagbag.py:545} INFO - Filling up the DagBag from /home/project/airflow/dags/python_etl/scripts/download_dataset.py
[2026-06-27T19:36:40.453+0000] {processor.py:842} WARNING - No viable dags retrieved from /home/project/airflow/dags/python_etl/scripts/download_dataset.py
[2026-06-27T19:36:40.475+0000] {processor.py:183} INFO - Processing /home/project/airflow/dags/python_etl/scripts/download_dataset.py took 0.038 seconds
[2026-06-27T19:37:11.343+0000] {processor.py:161} INFO - Started process (PID=4607) to work on /home/project/airflow/dags/python_etl/scripts/download_dataset.py
[2026-06-27T19:37:11.345+0000] {processor.py:830} INFO - Processing file /home/project/airflow/dags/python_etl/scripts/download_dataset.py for tasks to queue
[2026-06-27T19:37:11.347+0000] {logging_mixin.py:188} INFO - [2026-06-27T19:37:11.347+0000] {dagbag.py:545} INFO - Filling up the DagBag from /home/project/airflow/dags/python_etl/scripts/download_dataset.py
[2026-06-27T19:37:11.351+0000] {processor.py:842} WARNING - No viable dags retrieved from /home/project/airflow/dags/python_etl/scripts/download_dataset.py
[2026-06-27T19:37:11.375+0000] {processor.py:183} INFO - Processing /home/project/airflow/dags/python_etl/scripts/download_dataset.py took 0.042 seconds
[2026-06-27T19:37:42.011+0000] {processor.py:161} INFO - Started process (PID=4685) to work on /home/project/airflow/dags/python_etl/scripts/download_dataset.py
[2026-06-27T19:37:42.012+0000] {processor.py:830} INFO - Processing file /home/project/airflow/dags/python_etl/scripts/download_dataset.py for tasks to queue
[2026-06-27T19:37:42.015+0000] {logging_mixin.py:188} INFO - [2026-06-27T19:37:42.015+0000] {dagbag.py:545} INFO - Filling up the DagBag from /home/project/airflow/dags/python_etl/scripts/download_dataset.py
[2026-06-27T19:37:42.019+0000] {processor.py:842} WARNING - No viable dags retrieved from /home/project/airflow/dags/python_etl/scripts/download_dataset.py
[2026-06-27T19:37:42.047+0000] {processor.py:183} INFO - Processing /home/project/airflow/dags/python_etl/scripts/download_dataset.py took 0.047 seconds
[2026-06-27T19:38:12.721+0000] {processor.py:161} INFO - Started process (PID=4770) to work on /home/project/airflow/dags/python_etl/scripts/download_dataset.py
[2026-06-27T19:38:12.732+0000] {processor.py:830} INFO - Processing file /home/project/airflow/dags/python_etl/scripts/download_dataset.py for tasks to queue
[2026-06-27T19:38:12.735+0000] {logging_mixin.py:188} INFO - [2026-06-27T19:38:12.734+0000] {dagbag.py:545} INFO - Filling up the DagBag from /home/project/airflow/dags/python_etl/scripts/download_dataset.py
[2026-06-27T19:38:12.738+0000] {processor.py:842} WARNING - No viable dags retrieved from /home/project/airflow/dags/python_etl/scripts/download_dataset.py
[2026-06-27T19:38:12.796+0000] {processor.py:183} INFO - Processing /home/project/airflow/dags/python_etl/scripts/download_dataset.py took 0.096 seconds
[2026-06-27T19:38:43.354+0000] {processor.py:161} INFO - Started process (PID=4847) to work on /home/project/airflow/dags/python_etl/scripts/download_dataset.py
[2026-06-27T19:38:43.356+0000] {processor.py:830} INFO - Processing file /home/project/airflow/dags/python_etl/scripts/download_dataset.py for tasks to queue
[2026-06-27T19:38:43.359+0000] {logging_mixin.py:188} INFO - [2026-06-27T19:38:43.358+0000] {dagbag.py:545} INFO - Filling up the DagBag from /home/project/airflow/dags/python_etl/scripts/download_dataset.py
[2026-06-27T19:38:43.362+0000] {processor.py:842} WARNING - No viable dags retrieved from /home/project/airflow/dags/python_etl/scripts/download_dataset.py
[2026-06-27T19:38:43.395+0000] {processor.py:183} INFO - Processing /home/project/airflow/dags/python_etl/scripts/download_dataset.py took 0.055 seconds
[2026-06-27T19:39:13.554+0000] {processor.py:161} INFO - Started process (PID=4925) to work on /home/project/airflow/dags/python_etl/scripts/download_dataset.py
[2026-06-27T19:39:13.556+0000] {processor.py:830} INFO - Processing file /home/project/airflow/dags/python_etl/scripts/download_dataset.py for tasks to queue
[2026-06-27T19:39:13.559+0000] {logging_mixin.py:188} INFO - [2026-06-27T19:39:13.558+0000] {dagbag.py:545} INFO - Filling up the DagBag from /home/project/airflow/dags/python_etl/scripts/download_dataset.py
[2026-06-27T19:39:13.562+0000] {processor.py:842} WARNING - No viable dags retrieved from /home/project/airflow/dags/python_etl/scripts/download_dataset.py
[2026-06-27T19:39:13.587+0000] {processor.py:183} INFO - Processing /home/project/airflow/dags/python_etl/scripts/download_dataset.py took 0.044 seconds
[2026-06-27T19:39:43.998+0000] {processor.py:161} INFO - Started process (PID=5003) to work on /home/project/airflow/dags/python_etl/scripts/download_dataset.py
[2026-06-27T19:39:44.000+0000] {processor.py:830} INFO - Processing file /home/project/airflow/dags/python_etl/scripts/download_dataset.py for tasks to queue
[2026-06-27T19:39:44.003+0000] {logging_mixin.py:188} INFO - [2026-06-27T19:39:44.002+0000] {dagbag.py:545} INFO - Filling up the DagBag from /home/project/airflow/dags/python_etl/scripts/download_dataset.py
[2026-06-27T19:39:44.006+0000] {processor.py:842} WARNING - No viable dags retrieved from /home/project/airflow/dags/python_etl/scripts/download_dataset.py
[2026-06-27T19:39:44.031+0000] {processor.py:183} INFO - Processing /home/project/airflow/dags/python_etl/scripts/download_dataset.py took 0.043 seconds
[2026-06-27T19:40:14.628+0000] {processor.py:161} INFO - Started process (PID=5081) to work on /home/project/airflow/dags/python_etl/scripts/download_dataset.py
[2026-06-27T19:40:14.630+0000] {processor.py:830} INFO - Processing file /home/project/airflow/dags/python_etl/scripts/download_dataset.py for tasks to queue
[2026-06-27T19:40:14.633+0000] {logging_mixin.py:188} INFO - [2026-06-27T19:40:14.632+0000] {dagbag.py:545} INFO - Filling up the DagBag from /home/project/airflow/dags/python_etl/scripts/download_dataset.py
[2026-06-27T19:40:14.636+0000] {processor.py:842} WARNING - No viable dags retrieved from /home/project/airflow/dags/python_etl/scripts/download_dataset.py
[2026-06-27T19:40:14.674+0000] {processor.py:183} INFO - Processing /home/project/airflow/dags/python_etl/scripts/download_dataset.py took 0.056 seconds
[2026-06-27T19:40:45.530+0000] {processor.py:161} INFO - Started process (PID=5159) to work on /home/project/airflow/dags/python_etl/scripts/download_dataset.py
[2026-06-27T19:40:45.531+0000] {processor.py:830} INFO - Processing file /home/project/airflow/dags/python_etl/scripts/download_dataset.py for tasks to queue
[2026-06-27T19:40:45.534+0000] {logging_mixin.py:188} INFO - [2026-06-27T19:40:45.533+0000] {dagbag.py:545} INFO - Filling up the DagBag from /home/project/airflow/dags/python_etl/scripts/download_dataset.py
[2026-06-27T19:40:45.537+0000] {processor.py:842} WARNING - No viable dags retrieved from /home/project/airflow/dags/python_etl/scripts/download_dataset.py
[2026-06-27T19:40:45.561+0000] {processor.py:183} INFO - Processing /home/project/airflow/dags/python_etl/scripts/download_dataset.py took 0.041 seconds
[2026-06-27T19:41:16.296+0000] {processor.py:161} INFO - Started process (PID=5244) to work on /home/project/airflow/dags/python_etl/scripts/download_dataset.py
[2026-06-27T19:41:16.298+0000] {processor.py:830} INFO - Processing file /home/project/airflow/dags/python_etl/scripts/download_dataset.py for tasks to queue
[2026-06-27T19:41:16.301+0000] {logging_mixin.py:188} INFO - [2026-06-27T19:41:16.301+0000] {dagbag.py:545} INFO - Filling up the DagBag from /home/project/airflow/dags/python_etl/scripts/download_dataset.py
[2026-06-27T19:41:16.304+0000] {processor.py:842} WARNING - No viable dags retrieved from /home/project/airflow/dags/python_etl/scripts/download_dataset.py
[2026-06-27T19:41:16.330+0000] {processor.py:183} INFO - Processing /home/project/airflow/dags/python_etl/scripts/download_dataset.py took 0.043 seconds
[2026-06-27T19:41:46.616+0000] {processor.py:161} INFO - Started process (PID=5323) to work on /home/project/airflow/dags/python_etl/scripts/download_dataset.py
[2026-06-27T19:41:46.617+0000] {processor.py:830} INFO - Processing file /home/project/airflow/dags/python_etl/scripts/download_dataset.py for tasks to queue
[2026-06-27T19:41:46.620+0000] {logging_mixin.py:188} INFO - [2026-06-27T19:41:46.619+0000] {dagbag.py:545} INFO - Filling up the DagBag from /home/project/airflow/dags/python_etl/scripts/download_dataset.py
[2026-06-27T19:41:46.623+0000] {processor.py:842} WARNING - No viable dags retrieved from /home/project/airflow/dags/python_etl/scripts/download_dataset.py
[2026-06-27T19:41:46.661+0000] {processor.py:183} INFO - Processing /home/project/airflow/dags/python_etl/scripts/download_dataset.py took 0.064 seconds
[2026-06-27T19:42:17.523+0000] {processor.py:161} INFO - Started process (PID=5401) to work on /home/project/airflow/dags/python_etl/scripts/download_dataset.py
[2026-06-27T19:42:17.525+0000] {processor.py:830} INFO - Processing file /home/project/airflow/dags/python_etl/scripts/download_dataset.py for tasks to queue
[2026-06-27T19:42:17.527+0000] {logging_mixin.py:188} INFO - [2026-06-27T19:42:17.527+0000] {dagbag.py:545} INFO - Filling up the DagBag from /home/project/airflow/dags/python_etl/scripts/download_dataset.py
[2026-06-27T19:42:17.530+0000] {processor.py:842} WARNING - No viable dags retrieved from /home/project/airflow/dags/python_etl/scripts/download_dataset.py
[2026-06-27T19:42:17.554+0000] {processor.py:183} INFO - Processing /home/project/airflow/dags/python_etl/scripts/download_dataset.py took 0.041 seconds
[2026-06-27T19:42:48.524+0000] {processor.py:161} INFO - Started process (PID=5479) to work on /home/project/airflow/dags/python_etl/scripts/download_dataset.py
[2026-06-27T19:42:48.526+0000] {processor.py:830} INFO - Processing file /home/project/airflow/dags/python_etl/scripts/download_dataset.py for tasks to queue
[2026-06-27T19:42:48.528+0000] {logging_mixin.py:188} INFO - [2026-06-27T19:42:48.528+0000] {dagbag.py:545} INFO - Filling up the DagBag from /home/project/airflow/dags/python_etl/scripts/download_dataset.py
[2026-06-27T19:42:48.532+0000] {processor.py:842} WARNING - No viable dags retrieved from /home/project/airflow/dags/python_etl/scripts/download_dataset.py
[2026-06-27T19:42:48.558+0000] {processor.py:183} INFO - Processing /home/project/airflow/dags/python_etl/scripts/download_dataset.py took 0.044 seconds
[2026-06-27T19:43:19.400+0000] {processor.py:161} INFO - Started process (PID=5564) to work on /home/project/airflow/dags/python_etl/scripts/download_dataset.py
[2026-06-27T19:43:19.402+0000] {processor.py:830} INFO - Processing file /home/project/airflow/dags/python_etl/scripts/download_dataset.py for tasks to queue
[2026-06-27T19:43:19.404+0000] {logging_mixin.py:188} INFO - [2026-06-27T19:43:19.404+0000] {dagbag.py:545} INFO - Filling up the DagBag from /home/project/airflow/dags/python_etl/scripts/download_dataset.py
[2026-06-27T19:43:19.408+0000] {processor.py:842} WARNING - No viable dags retrieved from /home/project/airflow/dags/python_etl/scripts/download_dataset.py
[2026-06-27T19:43:19.433+0000] {processor.py:183} INFO - Processing /home/project/airflow/dags/python_etl/scripts/download_dataset.py took 0.042 seconds
[2026-06-27T19:43:50.090+0000] {processor.py:161} INFO - Started process (PID=5642) to work on /home/project/airflow/dags/python_etl/scripts/download_dataset.py
[2026-06-27T19:43:50.092+0000] {processor.py:830} INFO - Processing file /home/project/airflow/dags/python_etl/scripts/download_dataset.py for tasks to queue
[2026-06-27T19:43:50.095+0000] {logging_mixin.py:188} INFO - [2026-06-27T19:43:50.094+0000] {dagbag.py:545} INFO - Filling up the DagBag from /home/project/airflow/dags/python_etl/scripts/download_dataset.py
[2026-06-27T19:43:50.098+0000] {processor.py:842} WARNING - No viable dags retrieved from /home/project/airflow/dags/python_etl/scripts/download_dataset.py
[2026-06-27T19:43:50.127+0000] {processor.py:183} INFO - Processing /home/project/airflow/dags/python_etl/scripts/download_dataset.py took 0.046 seconds
[2026-06-27T19:44:20.707+0000] {processor.py:161} INFO - Started process (PID=5720) to work on /home/project/airflow/dags/python_etl/scripts/download_dataset.py
[2026-06-27T19:44:20.709+0000] {processor.py:830} INFO - Processing file /home/project/airflow/dags/python_etl/scripts/download_dataset.py for tasks to queue
[2026-06-27T19:44:20.714+0000] {logging_mixin.py:188} INFO - [2026-06-27T19:44:20.713+0000] {dagbag.py:545} INFO - Filling up the DagBag from /home/project/airflow/dags/python_etl/scripts/download_dataset.py
[2026-06-27T19:44:20.717+0000] {processor.py:842} WARNING - No viable dags retrieved from /home/project/airflow/dags/python_etl/scripts/download_dataset.py
[2026-06-27T19:44:20.755+0000] {processor.py:183} INFO - Processing /home/project/airflow/dags/python_etl/scripts/download_dataset.py took 0.057 seconds
[2026-06-27T19:44:51.247+0000] {processor.py:161} INFO - Started process (PID=5798) to work on /home/project/airflow/dags/python_etl/scripts/download_dataset.py
[2026-06-27T19:44:51.248+0000] {processor.py:830} INFO - Processing file /home/project/airflow/dags/python_etl/scripts/download_dataset.py for tasks to queue
[2026-06-27T19:44:51.251+0000] {logging_mixin.py:188} INFO - [2026-06-27T19:44:51.250+0000] {dagbag.py:545} INFO - Filling up the DagBag from /home/project/airflow/dags/python_etl/scripts/download_dataset.py
[2026-06-27T19:44:51.254+0000] {processor.py:842} WARNING - No viable dags retrieved from /home/project/airflow/dags/python_etl/scripts/download_dataset.py
[2026-06-27T19:44:51.280+0000] {processor.py:183} INFO - Processing /home/project/airflow/dags/python_etl/scripts/download_dataset.py took 0.043 seconds
[2026-06-27T19:45:21.689+0000] {processor.py:161} INFO - Started process (PID=5876) to work on /home/project/airflow/dags/python_etl/scripts/download_dataset.py
[2026-06-27T19:45:21.691+0000] {processor.py:830} INFO - Processing file /home/project/airflow/dags/python_etl/scripts/download_dataset.py for tasks to queue
[2026-06-27T19:45:21.694+0000] {logging_mixin.py:188} INFO - [2026-06-27T19:45:21.693+0000] {dagbag.py:545} INFO - Filling up the DagBag from /home/project/airflow/dags/python_etl/scripts/download_dataset.py
[2026-06-27T19:45:21.697+0000] {processor.py:842} WARNING - No viable dags retrieved from /home/project/airflow/dags/python_etl/scripts/download_dataset.py
[2026-06-27T19:45:21.719+0000] {processor.py:183} INFO - Processing /home/project/airflow/dags/python_etl/scripts/download_dataset.py took 0.040 seconds
[2026-06-27T19:45:52.187+0000] {processor.py:161} INFO - Started process (PID=5954) to work on /home/project/airflow/dags/python_etl/scripts/download_dataset.py
[2026-06-27T19:45:52.188+0000] {processor.py:830} INFO - Processing file /home/project/airflow/dags/python_etl/scripts/download_dataset.py for tasks to queue
[2026-06-27T19:45:52.191+0000] {logging_mixin.py:188} INFO - [2026-06-27T19:45:52.190+0000] {dagbag.py:545} INFO - Filling up the DagBag from /home/project/airflow/dags/python_etl/scripts/download_dataset.py
[2026-06-27T19:45:52.194+0000] {processor.py:842} WARNING - No viable dags retrieved from /home/project/airflow/dags/python_etl/scripts/download_dataset.py
[2026-06-27T19:45:52.219+0000] {processor.py:183} INFO - Processing /home/project/airflow/dags/python_etl/scripts/download_dataset.py took 0.042 seconds
[2026-06-27T19:46:22.887+0000] {processor.py:161} INFO - Started process (PID=6032) to work on /home/project/airflow/dags/python_etl/scripts/download_dataset.py
[2026-06-27T19:46:22.889+0000] {processor.py:830} INFO - Processing file /home/project/airflow/dags/python_etl/scripts/download_dataset.py for tasks to queue
[2026-06-27T19:46:22.892+0000] {logging_mixin.py:188} INFO - [2026-06-27T19:46:22.892+0000] {dagbag.py:545} INFO - Filling up the DagBag from /home/project/airflow/dags/python_etl/scripts/download_dataset.py
[2026-06-27T19:46:22.896+0000] {processor.py:842} WARNING - No viable dags retrieved from /home/project/airflow/dags/python_etl/scripts/download_dataset.py
[2026-06-27T19:46:22.921+0000] {processor.py:183} INFO - Processing /home/project/airflow/dags/python_etl/scripts/download_dataset.py took 0.045 seconds
[2026-06-27T19:46:53.285+0000] {processor.py:161} INFO - Started process (PID=6110) to work on /home/project/airflow/dags/python_etl/scripts/download_dataset.py
[2026-06-27T19:46:53.286+0000] {processor.py:830} INFO - Processing file /home/project/airflow/dags/python_etl/scripts/download_dataset.py for tasks to queue
[2026-06-27T19:46:53.289+0000] {logging_mixin.py:188} INFO - [2026-06-27T19:46:53.288+0000] {dagbag.py:545} INFO - Filling up the DagBag from /home/project/airflow/dags/python_etl/scripts/download_dataset.py
[2026-06-27T19:46:53.292+0000] {processor.py:842} WARNING - No viable dags retrieved from /home/project/airflow/dags/python_etl/scripts/download_dataset.py
[2026-06-27T19:46:53.318+0000] {processor.py:183} INFO - Processing /home/project/airflow/dags/python_etl/scripts/download_dataset.py took 0.043 seconds
