[2026-06-27T19:33:37.533+0000] {processor.py:161} INFO - Started process (PID=4055) to work on /home/project/airflow/dags/python_etl/scripts/untar_dataset.py
[2026-06-27T19:33:37.535+0000] {processor.py:830} INFO - Processing file /home/project/airflow/dags/python_etl/scripts/untar_dataset.py for tasks to queue
[2026-06-27T19:33:37.537+0000] {logging_mixin.py:188} INFO - [2026-06-27T19:33:37.537+0000] {dagbag.py:545} INFO - Filling up the DagBag from /home/project/airflow/dags/python_etl/scripts/untar_dataset.py
[2026-06-27T19:33:37.616+0000] {processor.py:842} WARNING - No viable dags retrieved from /home/project/airflow/dags/python_etl/scripts/untar_dataset.py
[2026-06-27T19:33:37.678+0000] {processor.py:183} INFO - Processing /home/project/airflow/dags/python_etl/scripts/untar_dataset.py took 0.175 seconds
[2026-06-27T19:34:07.761+0000] {processor.py:161} INFO - Started process (PID=4133) to work on /home/project/airflow/dags/python_etl/scripts/untar_dataset.py
[2026-06-27T19:34:07.763+0000] {processor.py:830} INFO - Processing file /home/project/airflow/dags/python_etl/scripts/untar_dataset.py for tasks to queue
[2026-06-27T19:34:07.765+0000] {logging_mixin.py:188} INFO - [2026-06-27T19:34:07.765+0000] {dagbag.py:545} INFO - Filling up the DagBag from /home/project/airflow/dags/python_etl/scripts/untar_dataset.py
[2026-06-27T19:34:07.797+0000] {processor.py:842} WARNING - No viable dags retrieved from /home/project/airflow/dags/python_etl/scripts/untar_dataset.py
[2026-06-27T19:34:07.823+0000] {processor.py:183} INFO - Processing /home/project/airflow/dags/python_etl/scripts/untar_dataset.py took 0.072 seconds
[2026-06-27T19:34:38.522+0000] {processor.py:161} INFO - Started process (PID=4212) to work on /home/project/airflow/dags/python_etl/scripts/untar_dataset.py
[2026-06-27T19:34:38.524+0000] {processor.py:830} INFO - Processing file /home/project/airflow/dags/python_etl/scripts/untar_dataset.py for tasks to queue
[2026-06-27T19:34:38.526+0000] {logging_mixin.py:188} INFO - [2026-06-27T19:34:38.526+0000] {dagbag.py:545} INFO - Filling up the DagBag from /home/project/airflow/dags/python_etl/scripts/untar_dataset.py
[2026-06-27T19:34:38.556+0000] {processor.py:842} WARNING - No viable dags retrieved from /home/project/airflow/dags/python_etl/scripts/untar_dataset.py
[2026-06-27T19:34:38.576+0000] {processor.py:183} INFO - Processing /home/project/airflow/dags/python_etl/scripts/untar_dataset.py took 0.063 seconds
[2026-06-27T19:35:08.872+0000] {processor.py:161} INFO - Started process (PID=4295) to work on /home/project/airflow/dags/python_etl/scripts/untar_dataset.py
[2026-06-27T19:35:08.873+0000] {processor.py:830} INFO - Processing file /home/project/airflow/dags/python_etl/scripts/untar_dataset.py for tasks to queue
[2026-06-27T19:35:08.876+0000] {logging_mixin.py:188} INFO - [2026-06-27T19:35:08.875+0000] {dagbag.py:545} INFO - Filling up the DagBag from /home/project/airflow/dags/python_etl/scripts/untar_dataset.py
[2026-06-27T19:35:08.906+0000] {processor.py:842} WARNING - No viable dags retrieved from /home/project/airflow/dags/python_etl/scripts/untar_dataset.py
[2026-06-27T19:35:08.931+0000] {processor.py:183} INFO - Processing /home/project/airflow/dags/python_etl/scripts/untar_dataset.py took 0.070 seconds
[2026-06-27T19:35:39.012+0000] {processor.py:161} INFO - Started process (PID=4373) to work on /home/project/airflow/dags/python_etl/scripts/untar_dataset.py
[2026-06-27T19:35:39.014+0000] {processor.py:830} INFO - Processing file /home/project/airflow/dags/python_etl/scripts/untar_dataset.py for tasks to queue
[2026-06-27T19:35:39.018+0000] {logging_mixin.py:188} INFO - [2026-06-27T19:35:39.017+0000] {dagbag.py:545} INFO - Filling up the DagBag from /home/project/airflow/dags/python_etl/scripts/untar_dataset.py
[2026-06-27T19:35:39.061+0000] {processor.py:842} WARNING - No viable dags retrieved from /home/project/airflow/dags/python_etl/scripts/untar_dataset.py
[2026-06-27T19:35:39.086+0000] {processor.py:183} INFO - Processing /home/project/airflow/dags/python_etl/scripts/untar_dataset.py took 0.094 seconds
[2026-06-27T19:36:09.167+0000] {processor.py:161} INFO - Started process (PID=4449) to work on /home/project/airflow/dags/python_etl/scripts/untar_dataset.py
[2026-06-27T19:36:09.169+0000] {processor.py:830} INFO - Processing file /home/project/airflow/dags/python_etl/scripts/untar_dataset.py for tasks to queue
[2026-06-27T19:36:09.172+0000] {logging_mixin.py:188} INFO - [2026-06-27T19:36:09.171+0000] {dagbag.py:545} INFO - Filling up the DagBag from /home/project/airflow/dags/python_etl/scripts/untar_dataset.py
[2026-06-27T19:36:09.203+0000] {processor.py:842} WARNING - No viable dags retrieved from /home/project/airflow/dags/python_etl/scripts/untar_dataset.py
[2026-06-27T19:36:09.227+0000] {processor.py:183} INFO - Processing /home/project/airflow/dags/python_etl/scripts/untar_dataset.py took 0.069 seconds
[2026-06-27T19:36:39.329+0000] {processor.py:161} INFO - Started process (PID=4527) to work on /home/project/airflow/dags/python_etl/scripts/untar_dataset.py
[2026-06-27T19:36:39.331+0000] {processor.py:830} INFO - Processing file /home/project/airflow/dags/python_etl/scripts/untar_dataset.py for tasks to queue
[2026-06-27T19:36:39.334+0000] {logging_mixin.py:188} INFO - [2026-06-27T19:36:39.334+0000] {dagbag.py:545} INFO - Filling up the DagBag from /home/project/airflow/dags/python_etl/scripts/untar_dataset.py
[2026-06-27T19:36:39.365+0000] {processor.py:842} WARNING - No viable dags retrieved from /home/project/airflow/dags/python_etl/scripts/untar_dataset.py
[2026-06-27T19:36:39.388+0000] {processor.py:183} INFO - Processing /home/project/airflow/dags/python_etl/scripts/untar_dataset.py took 0.069 seconds
[2026-06-27T19:37:10.096+0000] {processor.py:161} INFO - Started process (PID=4604) to work on /home/project/airflow/dags/python_etl/scripts/untar_dataset.py
[2026-06-27T19:37:10.098+0000] {processor.py:830} INFO - Processing file /home/project/airflow/dags/python_etl/scripts/untar_dataset.py for tasks to queue
[2026-06-27T19:37:10.100+0000] {logging_mixin.py:188} INFO - [2026-06-27T19:37:10.100+0000] {dagbag.py:545} INFO - Filling up the DagBag from /home/project/airflow/dags/python_etl/scripts/untar_dataset.py
[2026-06-27T19:37:10.131+0000] {processor.py:842} WARNING - No viable dags retrieved from /home/project/airflow/dags/python_etl/scripts/untar_dataset.py
[2026-06-27T19:37:10.157+0000] {processor.py:183} INFO - Processing /home/project/airflow/dags/python_etl/scripts/untar_dataset.py took 0.071 seconds
[2026-06-27T19:37:40.712+0000] {processor.py:161} INFO - Started process (PID=4682) to work on /home/project/airflow/dags/python_etl/scripts/untar_dataset.py
[2026-06-27T19:37:40.714+0000] {processor.py:830} INFO - Processing file /home/project/airflow/dags/python_etl/scripts/untar_dataset.py for tasks to queue
[2026-06-27T19:37:40.717+0000] {logging_mixin.py:188} INFO - [2026-06-27T19:37:40.717+0000] {dagbag.py:545} INFO - Filling up the DagBag from /home/project/airflow/dags/python_etl/scripts/untar_dataset.py
[2026-06-27T19:37:40.757+0000] {processor.py:842} WARNING - No viable dags retrieved from /home/project/airflow/dags/python_etl/scripts/untar_dataset.py
[2026-06-27T19:37:40.797+0000] {processor.py:183} INFO - Processing /home/project/airflow/dags/python_etl/scripts/untar_dataset.py took 0.095 seconds
[2026-06-27T19:38:11.374+0000] {processor.py:161} INFO - Started process (PID=4760) to work on /home/project/airflow/dags/python_etl/scripts/untar_dataset.py
[2026-06-27T19:38:11.376+0000] {processor.py:830} INFO - Processing file /home/project/airflow/dags/python_etl/scripts/untar_dataset.py for tasks to queue
[2026-06-27T19:38:11.378+0000] {logging_mixin.py:188} INFO - [2026-06-27T19:38:11.378+0000] {dagbag.py:545} INFO - Filling up the DagBag from /home/project/airflow/dags/python_etl/scripts/untar_dataset.py
[2026-06-27T19:38:11.439+0000] {processor.py:842} WARNING - No viable dags retrieved from /home/project/airflow/dags/python_etl/scripts/untar_dataset.py
[2026-06-27T19:38:11.480+0000] {processor.py:183} INFO - Processing /home/project/airflow/dags/python_etl/scripts/untar_dataset.py took 0.141 seconds
[2026-06-27T19:38:42.093+0000] {processor.py:161} INFO - Started process (PID=4844) to work on /home/project/airflow/dags/python_etl/scripts/untar_dataset.py
[2026-06-27T19:38:42.095+0000] {processor.py:830} INFO - Processing file /home/project/airflow/dags/python_etl/scripts/untar_dataset.py for tasks to queue
[2026-06-27T19:38:42.097+0000] {logging_mixin.py:188} INFO - [2026-06-27T19:38:42.097+0000] {dagbag.py:545} INFO - Filling up the DagBag from /home/project/airflow/dags/python_etl/scripts/untar_dataset.py
[2026-06-27T19:38:42.138+0000] {processor.py:842} WARNING - No viable dags retrieved from /home/project/airflow/dags/python_etl/scripts/untar_dataset.py
[2026-06-27T19:38:42.181+0000] {processor.py:183} INFO - Processing /home/project/airflow/dags/python_etl/scripts/untar_dataset.py took 0.106 seconds
[2026-06-27T19:39:12.360+0000] {processor.py:161} INFO - Started process (PID=4922) to work on /home/project/airflow/dags/python_etl/scripts/untar_dataset.py
[2026-06-27T19:39:12.362+0000] {processor.py:830} INFO - Processing file /home/project/airflow/dags/python_etl/scripts/untar_dataset.py for tasks to queue
[2026-06-27T19:39:12.364+0000] {logging_mixin.py:188} INFO - [2026-06-27T19:39:12.364+0000] {dagbag.py:545} INFO - Filling up the DagBag from /home/project/airflow/dags/python_etl/scripts/untar_dataset.py
[2026-06-27T19:39:12.394+0000] {processor.py:842} WARNING - No viable dags retrieved from /home/project/airflow/dags/python_etl/scripts/untar_dataset.py
[2026-06-27T19:39:12.418+0000] {processor.py:183} INFO - Processing /home/project/airflow/dags/python_etl/scripts/untar_dataset.py took 0.068 seconds
[2026-06-27T19:39:42.791+0000] {processor.py:161} INFO - Started process (PID=5000) to work on /home/project/airflow/dags/python_etl/scripts/untar_dataset.py
[2026-06-27T19:39:42.793+0000] {processor.py:830} INFO - Processing file /home/project/airflow/dags/python_etl/scripts/untar_dataset.py for tasks to queue
[2026-06-27T19:39:42.796+0000] {logging_mixin.py:188} INFO - [2026-06-27T19:39:42.795+0000] {dagbag.py:545} INFO - Filling up the DagBag from /home/project/airflow/dags/python_etl/scripts/untar_dataset.py
[2026-06-27T19:39:42.833+0000] {processor.py:842} WARNING - No viable dags retrieved from /home/project/airflow/dags/python_etl/scripts/untar_dataset.py
[2026-06-27T19:39:42.859+0000] {processor.py:183} INFO - Processing /home/project/airflow/dags/python_etl/scripts/untar_dataset.py took 0.077 seconds
[2026-06-27T19:40:13.294+0000] {processor.py:161} INFO - Started process (PID=5078) to work on /home/project/airflow/dags/python_etl/scripts/untar_dataset.py
[2026-06-27T19:40:13.295+0000] {processor.py:830} INFO - Processing file /home/project/airflow/dags/python_etl/scripts/untar_dataset.py for tasks to queue
[2026-06-27T19:40:13.298+0000] {logging_mixin.py:188} INFO - [2026-06-27T19:40:13.298+0000] {dagbag.py:545} INFO - Filling up the DagBag from /home/project/airflow/dags/python_etl/scripts/untar_dataset.py
[2026-06-27T19:40:13.342+0000] {processor.py:842} WARNING - No viable dags retrieved from /home/project/airflow/dags/python_etl/scripts/untar_dataset.py
[2026-06-27T19:40:13.396+0000] {processor.py:183} INFO - Processing /home/project/airflow/dags/python_etl/scripts/untar_dataset.py took 0.114 seconds
[2026-06-27T19:40:44.352+0000] {processor.py:161} INFO - Started process (PID=5156) to work on /home/project/airflow/dags/python_etl/scripts/untar_dataset.py
[2026-06-27T19:40:44.354+0000] {processor.py:830} INFO - Processing file /home/project/airflow/dags/python_etl/scripts/untar_dataset.py for tasks to queue
[2026-06-27T19:40:44.356+0000] {logging_mixin.py:188} INFO - [2026-06-27T19:40:44.356+0000] {dagbag.py:545} INFO - Filling up the DagBag from /home/project/airflow/dags/python_etl/scripts/untar_dataset.py
[2026-06-27T19:40:44.387+0000] {processor.py:842} WARNING - No viable dags retrieved from /home/project/airflow/dags/python_etl/scripts/untar_dataset.py
[2026-06-27T19:40:44.412+0000] {processor.py:183} INFO - Processing /home/project/airflow/dags/python_etl/scripts/untar_dataset.py took 0.075 seconds
[2026-06-27T19:41:14.951+0000] {processor.py:161} INFO - Started process (PID=5241) to work on /home/project/airflow/dags/python_etl/scripts/untar_dataset.py
[2026-06-27T19:41:14.953+0000] {processor.py:830} INFO - Processing file /home/project/airflow/dags/python_etl/scripts/untar_dataset.py for tasks to queue
[2026-06-27T19:41:14.956+0000] {logging_mixin.py:188} INFO - [2026-06-27T19:41:14.955+0000] {dagbag.py:545} INFO - Filling up the DagBag from /home/project/airflow/dags/python_etl/scripts/untar_dataset.py
[2026-06-27T19:41:15.012+0000] {processor.py:842} WARNING - No viable dags retrieved from /home/project/airflow/dags/python_etl/scripts/untar_dataset.py
[2026-06-27T19:41:15.071+0000] {processor.py:183} INFO - Processing /home/project/airflow/dags/python_etl/scripts/untar_dataset.py took 0.135 seconds
[2026-06-27T19:41:45.405+0000] {processor.py:161} INFO - Started process (PID=5320) to work on /home/project/airflow/dags/python_etl/scripts/untar_dataset.py
[2026-06-27T19:41:45.407+0000] {processor.py:830} INFO - Processing file /home/project/airflow/dags/python_etl/scripts/untar_dataset.py for tasks to queue
[2026-06-27T19:41:45.409+0000] {logging_mixin.py:188} INFO - [2026-06-27T19:41:45.409+0000] {dagbag.py:545} INFO - Filling up the DagBag from /home/project/airflow/dags/python_etl/scripts/untar_dataset.py
[2026-06-27T19:41:45.441+0000] {processor.py:842} WARNING - No viable dags retrieved from /home/project/airflow/dags/python_etl/scripts/untar_dataset.py
[2026-06-27T19:41:45.467+0000] {processor.py:183} INFO - Processing /home/project/airflow/dags/python_etl/scripts/untar_dataset.py took 0.072 seconds
[2026-06-27T19:42:16.247+0000] {processor.py:161} INFO - Started process (PID=5398) to work on /home/project/airflow/dags/python_etl/scripts/untar_dataset.py
[2026-06-27T19:42:16.252+0000] {processor.py:830} INFO - Processing file /home/project/airflow/dags/python_etl/scripts/untar_dataset.py for tasks to queue
[2026-06-27T19:42:16.255+0000] {logging_mixin.py:188} INFO - [2026-06-27T19:42:16.254+0000] {dagbag.py:545} INFO - Filling up the DagBag from /home/project/airflow/dags/python_etl/scripts/untar_dataset.py
[2026-06-27T19:42:16.320+0000] {processor.py:842} WARNING - No viable dags retrieved from /home/project/airflow/dags/python_etl/scripts/untar_dataset.py
[2026-06-27T19:42:16.371+0000] {processor.py:183} INFO - Processing /home/project/airflow/dags/python_etl/scripts/untar_dataset.py took 0.125 seconds
[2026-06-27T19:42:47.344+0000] {processor.py:161} INFO - Started process (PID=5476) to work on /home/project/airflow/dags/python_etl/scripts/untar_dataset.py
[2026-06-27T19:42:47.346+0000] {processor.py:830} INFO - Processing file /home/project/airflow/dags/python_etl/scripts/untar_dataset.py for tasks to queue
[2026-06-27T19:42:47.348+0000] {logging_mixin.py:188} INFO - [2026-06-27T19:42:47.348+0000] {dagbag.py:545} INFO - Filling up the DagBag from /home/project/airflow/dags/python_etl/scripts/untar_dataset.py
[2026-06-27T19:42:47.379+0000] {processor.py:842} WARNING - No viable dags retrieved from /home/project/airflow/dags/python_etl/scripts/untar_dataset.py
[2026-06-27T19:42:47.405+0000] {processor.py:183} INFO - Processing /home/project/airflow/dags/python_etl/scripts/untar_dataset.py took 0.071 seconds
[2026-06-27T19:43:18.141+0000] {processor.py:161} INFO - Started process (PID=5561) to work on /home/project/airflow/dags/python_etl/scripts/untar_dataset.py
[2026-06-27T19:43:18.143+0000] {processor.py:830} INFO - Processing file /home/project/airflow/dags/python_etl/scripts/untar_dataset.py for tasks to queue
[2026-06-27T19:43:18.152+0000] {logging_mixin.py:188} INFO - [2026-06-27T19:43:18.152+0000] {dagbag.py:545} INFO - Filling up the DagBag from /home/project/airflow/dags/python_etl/scripts/untar_dataset.py
[2026-06-27T19:43:18.199+0000] {processor.py:842} WARNING - No viable dags retrieved from /home/project/airflow/dags/python_etl/scripts/untar_dataset.py
[2026-06-27T19:43:18.240+0000] {processor.py:183} INFO - Processing /home/project/airflow/dags/python_etl/scripts/untar_dataset.py took 0.108 seconds
[2026-06-27T19:43:48.796+0000] {processor.py:161} INFO - Started process (PID=5639) to work on /home/project/airflow/dags/python_etl/scripts/untar_dataset.py
[2026-06-27T19:43:48.797+0000] {processor.py:830} INFO - Processing file /home/project/airflow/dags/python_etl/scripts/untar_dataset.py for tasks to queue
[2026-06-27T19:43:48.800+0000] {logging_mixin.py:188} INFO - [2026-06-27T19:43:48.800+0000] {dagbag.py:545} INFO - Filling up the DagBag from /home/project/airflow/dags/python_etl/scripts/untar_dataset.py
[2026-06-27T19:43:48.857+0000] {processor.py:842} WARNING - No viable dags retrieved from /home/project/airflow/dags/python_etl/scripts/untar_dataset.py
[2026-06-27T19:43:48.898+0000] {processor.py:183} INFO - Processing /home/project/airflow/dags/python_etl/scripts/untar_dataset.py took 0.114 seconds
[2026-06-27T19:44:19.320+0000] {processor.py:161} INFO - Started process (PID=5717) to work on /home/project/airflow/dags/python_etl/scripts/untar_dataset.py
[2026-06-27T19:44:19.321+0000] {processor.py:830} INFO - Processing file /home/project/airflow/dags/python_etl/scripts/untar_dataset.py for tasks to queue
[2026-06-27T19:44:19.332+0000] {logging_mixin.py:188} INFO - [2026-06-27T19:44:19.332+0000] {dagbag.py:545} INFO - Filling up the DagBag from /home/project/airflow/dags/python_etl/scripts/untar_dataset.py
[2026-06-27T19:44:19.393+0000] {processor.py:842} WARNING - No viable dags retrieved from /home/project/airflow/dags/python_etl/scripts/untar_dataset.py
[2026-06-27T19:44:19.455+0000] {processor.py:183} INFO - Processing /home/project/airflow/dags/python_etl/scripts/untar_dataset.py took 0.154 seconds
[2026-06-27T19:44:49.776+0000] {processor.py:161} INFO - Started process (PID=5795) to work on /home/project/airflow/dags/python_etl/scripts/untar_dataset.py
[2026-06-27T19:44:49.778+0000] {processor.py:830} INFO - Processing file /home/project/airflow/dags/python_etl/scripts/untar_dataset.py for tasks to queue
[2026-06-27T19:44:49.793+0000] {logging_mixin.py:188} INFO - [2026-06-27T19:44:49.793+0000] {dagbag.py:545} INFO - Filling up the DagBag from /home/project/airflow/dags/python_etl/scripts/untar_dataset.py
[2026-06-27T19:44:49.839+0000] {processor.py:842} WARNING - No viable dags retrieved from /home/project/airflow/dags/python_etl/scripts/untar_dataset.py
[2026-06-27T19:44:49.899+0000] {processor.py:183} INFO - Processing /home/project/airflow/dags/python_etl/scripts/untar_dataset.py took 0.142 seconds
[2026-06-27T19:45:20.413+0000] {processor.py:161} INFO - Started process (PID=5873) to work on /home/project/airflow/dags/python_etl/scripts/untar_dataset.py
[2026-06-27T19:45:20.415+0000] {processor.py:830} INFO - Processing file /home/project/airflow/dags/python_etl/scripts/untar_dataset.py for tasks to queue
[2026-06-27T19:45:20.419+0000] {logging_mixin.py:188} INFO - [2026-06-27T19:45:20.418+0000] {dagbag.py:545} INFO - Filling up the DagBag from /home/project/airflow/dags/python_etl/scripts/untar_dataset.py
[2026-06-27T19:45:20.481+0000] {processor.py:842} WARNING - No viable dags retrieved from /home/project/airflow/dags/python_etl/scripts/untar_dataset.py
[2026-06-27T19:45:20.520+0000] {processor.py:183} INFO - Processing /home/project/airflow/dags/python_etl/scripts/untar_dataset.py took 0.127 seconds
[2026-06-27T19:45:50.998+0000] {processor.py:161} INFO - Started process (PID=5951) to work on /home/project/airflow/dags/python_etl/scripts/untar_dataset.py
[2026-06-27T19:45:51.000+0000] {processor.py:830} INFO - Processing file /home/project/airflow/dags/python_etl/scripts/untar_dataset.py for tasks to queue
[2026-06-27T19:45:51.004+0000] {logging_mixin.py:188} INFO - [2026-06-27T19:45:51.003+0000] {dagbag.py:545} INFO - Filling up the DagBag from /home/project/airflow/dags/python_etl/scripts/untar_dataset.py
[2026-06-27T19:45:51.040+0000] {processor.py:842} WARNING - No viable dags retrieved from /home/project/airflow/dags/python_etl/scripts/untar_dataset.py
[2026-06-27T19:45:51.069+0000] {processor.py:183} INFO - Processing /home/project/airflow/dags/python_etl/scripts/untar_dataset.py took 0.083 seconds
[2026-06-27T19:46:21.701+0000] {processor.py:161} INFO - Started process (PID=6029) to work on /home/project/airflow/dags/python_etl/scripts/untar_dataset.py
[2026-06-27T19:46:21.703+0000] {processor.py:830} INFO - Processing file /home/project/airflow/dags/python_etl/scripts/untar_dataset.py for tasks to queue
[2026-06-27T19:46:21.705+0000] {logging_mixin.py:188} INFO - [2026-06-27T19:46:21.705+0000] {dagbag.py:545} INFO - Filling up the DagBag from /home/project/airflow/dags/python_etl/scripts/untar_dataset.py
[2026-06-27T19:46:21.736+0000] {processor.py:842} WARNING - No viable dags retrieved from /home/project/airflow/dags/python_etl/scripts/untar_dataset.py
[2026-06-27T19:46:21.765+0000] {processor.py:183} INFO - Processing /home/project/airflow/dags/python_etl/scripts/untar_dataset.py took 0.074 seconds
[2026-06-27T19:46:52.073+0000] {processor.py:161} INFO - Started process (PID=6107) to work on /home/project/airflow/dags/python_etl/scripts/untar_dataset.py
[2026-06-27T19:46:52.075+0000] {processor.py:830} INFO - Processing file /home/project/airflow/dags/python_etl/scripts/untar_dataset.py for tasks to queue
[2026-06-27T19:46:52.077+0000] {logging_mixin.py:188} INFO - [2026-06-27T19:46:52.077+0000] {dagbag.py:545} INFO - Filling up the DagBag from /home/project/airflow/dags/python_etl/scripts/untar_dataset.py
[2026-06-27T19:46:52.107+0000] {processor.py:842} WARNING - No viable dags retrieved from /home/project/airflow/dags/python_etl/scripts/untar_dataset.py
[2026-06-27T19:46:52.134+0000] {processor.py:183} INFO - Processing /home/project/airflow/dags/python_etl/scripts/untar_dataset.py took 0.070 seconds
