[2026-06-27T19:04:13.494+0000] {processor.py:161} INFO - Started process (PID=130) to work on /home/airflow/.local/lib/python3.9/site-packages/airflow/example_dags/plugins/event_listener.py
[2026-06-27T19:04:13.496+0000] {processor.py:830} INFO - Processing file /home/airflow/.local/lib/python3.9/site-packages/airflow/example_dags/plugins/event_listener.py for tasks to queue
[2026-06-27T19:04:13.512+0000] {logging_mixin.py:188} INFO - [2026-06-27T19:04:13.498+0000] {dagbag.py:545} INFO - Filling up the DagBag from /home/airflow/.local/lib/python3.9/site-packages/airflow/example_dags/plugins/event_listener.py
[2026-06-27T19:04:13.517+0000] {processor.py:842} WARNING - No viable dags retrieved from /home/airflow/.local/lib/python3.9/site-packages/airflow/example_dags/plugins/event_listener.py
[2026-06-27T19:04:13.652+0000] {processor.py:183} INFO - Processing /home/airflow/.local/lib/python3.9/site-packages/airflow/example_dags/plugins/event_listener.py took 0.195 seconds
[2026-06-27T19:04:43.756+0000] {processor.py:161} INFO - Started process (PID=194) to work on /home/airflow/.local/lib/python3.9/site-packages/airflow/example_dags/plugins/event_listener.py
[2026-06-27T19:04:43.757+0000] {processor.py:830} INFO - Processing file /home/airflow/.local/lib/python3.9/site-packages/airflow/example_dags/plugins/event_listener.py for tasks to queue
[2026-06-27T19:04:43.760+0000] {logging_mixin.py:188} INFO - [2026-06-27T19:04:43.760+0000] {dagbag.py:545} INFO - Filling up the DagBag from /home/airflow/.local/lib/python3.9/site-packages/airflow/example_dags/plugins/event_listener.py
[2026-06-27T19:04:43.763+0000] {processor.py:842} WARNING - No viable dags retrieved from /home/airflow/.local/lib/python3.9/site-packages/airflow/example_dags/plugins/event_listener.py
[2026-06-27T19:04:43.791+0000] {processor.py:183} INFO - Processing /home/airflow/.local/lib/python3.9/site-packages/airflow/example_dags/plugins/event_listener.py took 0.047 seconds
[2026-06-27T19:05:13.954+0000] {processor.py:161} INFO - Started process (PID=260) to work on /home/airflow/.local/lib/python3.9/site-packages/airflow/example_dags/plugins/event_listener.py
[2026-06-27T19:05:13.956+0000] {processor.py:830} INFO - Processing file /home/airflow/.local/lib/python3.9/site-packages/airflow/example_dags/plugins/event_listener.py for tasks to queue
[2026-06-27T19:05:13.958+0000] {logging_mixin.py:188} INFO - [2026-06-27T19:05:13.958+0000] {dagbag.py:545} INFO - Filling up the DagBag from /home/airflow/.local/lib/python3.9/site-packages/airflow/example_dags/plugins/event_listener.py
[2026-06-27T19:05:13.962+0000] {processor.py:842} WARNING - No viable dags retrieved from /home/airflow/.local/lib/python3.9/site-packages/airflow/example_dags/plugins/event_listener.py
[2026-06-27T19:05:14.000+0000] {processor.py:183} INFO - Processing /home/airflow/.local/lib/python3.9/site-packages/airflow/example_dags/plugins/event_listener.py took 0.064 seconds
[2026-06-27T19:05:44.991+0000] {processor.py:161} INFO - Started process (PID=326) to work on /home/airflow/.local/lib/python3.9/site-packages/airflow/example_dags/plugins/event_listener.py
[2026-06-27T19:05:44.993+0000] {processor.py:830} INFO - Processing file /home/airflow/.local/lib/python3.9/site-packages/airflow/example_dags/plugins/event_listener.py for tasks to queue
[2026-06-27T19:05:44.995+0000] {logging_mixin.py:188} INFO - [2026-06-27T19:05:44.995+0000] {dagbag.py:545} INFO - Filling up the DagBag from /home/airflow/.local/lib/python3.9/site-packages/airflow/example_dags/plugins/event_listener.py
[2026-06-27T19:05:44.999+0000] {processor.py:842} WARNING - No viable dags retrieved from /home/airflow/.local/lib/python3.9/site-packages/airflow/example_dags/plugins/event_listener.py
[2026-06-27T19:05:45.033+0000] {processor.py:183} INFO - Processing /home/airflow/.local/lib/python3.9/site-packages/airflow/example_dags/plugins/event_listener.py took 0.052 seconds
[2026-06-27T19:06:15.356+0000] {processor.py:161} INFO - Started process (PID=392) to work on /home/airflow/.local/lib/python3.9/site-packages/airflow/example_dags/plugins/event_listener.py
[2026-06-27T19:06:15.357+0000] {processor.py:830} INFO - Processing file /home/airflow/.local/lib/python3.9/site-packages/airflow/example_dags/plugins/event_listener.py for tasks to queue
[2026-06-27T19:06:15.373+0000] {logging_mixin.py:188} INFO - [2026-06-27T19:06:15.373+0000] {dagbag.py:545} INFO - Filling up the DagBag from /home/airflow/.local/lib/python3.9/site-packages/airflow/example_dags/plugins/event_listener.py
[2026-06-27T19:06:15.377+0000] {processor.py:842} WARNING - No viable dags retrieved from /home/airflow/.local/lib/python3.9/site-packages/airflow/example_dags/plugins/event_listener.py
[2026-06-27T19:06:15.414+0000] {processor.py:183} INFO - Processing /home/airflow/.local/lib/python3.9/site-packages/airflow/example_dags/plugins/event_listener.py took 0.077 seconds
[2026-06-27T19:06:45.914+0000] {processor.py:161} INFO - Started process (PID=458) to work on /home/airflow/.local/lib/python3.9/site-packages/airflow/example_dags/plugins/event_listener.py
[2026-06-27T19:06:45.916+0000] {processor.py:830} INFO - Processing file /home/airflow/.local/lib/python3.9/site-packages/airflow/example_dags/plugins/event_listener.py for tasks to queue
[2026-06-27T19:06:45.918+0000] {logging_mixin.py:188} INFO - [2026-06-27T19:06:45.918+0000] {dagbag.py:545} INFO - Filling up the DagBag from /home/airflow/.local/lib/python3.9/site-packages/airflow/example_dags/plugins/event_listener.py
[2026-06-27T19:06:45.921+0000] {processor.py:842} WARNING - No viable dags retrieved from /home/airflow/.local/lib/python3.9/site-packages/airflow/example_dags/plugins/event_listener.py
[2026-06-27T19:06:45.944+0000] {processor.py:183} INFO - Processing /home/airflow/.local/lib/python3.9/site-packages/airflow/example_dags/plugins/event_listener.py took 0.040 seconds
[2026-06-27T19:07:16.434+0000] {processor.py:161} INFO - Started process (PID=531) to work on /home/airflow/.local/lib/python3.9/site-packages/airflow/example_dags/plugins/event_listener.py
[2026-06-27T19:07:16.436+0000] {processor.py:830} INFO - Processing file /home/airflow/.local/lib/python3.9/site-packages/airflow/example_dags/plugins/event_listener.py for tasks to queue
[2026-06-27T19:07:16.438+0000] {logging_mixin.py:188} INFO - [2026-06-27T19:07:16.438+0000] {dagbag.py:545} INFO - Filling up the DagBag from /home/airflow/.local/lib/python3.9/site-packages/airflow/example_dags/plugins/event_listener.py
[2026-06-27T19:07:16.441+0000] {processor.py:842} WARNING - No viable dags retrieved from /home/airflow/.local/lib/python3.9/site-packages/airflow/example_dags/plugins/event_listener.py
[2026-06-27T19:07:16.497+0000] {processor.py:183} INFO - Processing /home/airflow/.local/lib/python3.9/site-packages/airflow/example_dags/plugins/event_listener.py took 0.081 seconds
[2026-06-27T19:07:46.795+0000] {processor.py:161} INFO - Started process (PID=597) to work on /home/airflow/.local/lib/python3.9/site-packages/airflow/example_dags/plugins/event_listener.py
[2026-06-27T19:07:46.797+0000] {processor.py:830} INFO - Processing file /home/airflow/.local/lib/python3.9/site-packages/airflow/example_dags/plugins/event_listener.py for tasks to queue
[2026-06-27T19:07:46.799+0000] {logging_mixin.py:188} INFO - [2026-06-27T19:07:46.799+0000] {dagbag.py:545} INFO - Filling up the DagBag from /home/airflow/.local/lib/python3.9/site-packages/airflow/example_dags/plugins/event_listener.py
[2026-06-27T19:07:46.813+0000] {processor.py:842} WARNING - No viable dags retrieved from /home/airflow/.local/lib/python3.9/site-packages/airflow/example_dags/plugins/event_listener.py
[2026-06-27T19:07:46.892+0000] {processor.py:183} INFO - Processing /home/airflow/.local/lib/python3.9/site-packages/airflow/example_dags/plugins/event_listener.py took 0.116 seconds
[2026-06-27T19:08:17.399+0000] {processor.py:161} INFO - Started process (PID=663) to work on /home/airflow/.local/lib/python3.9/site-packages/airflow/example_dags/plugins/event_listener.py
[2026-06-27T19:08:17.400+0000] {processor.py:830} INFO - Processing file /home/airflow/.local/lib/python3.9/site-packages/airflow/example_dags/plugins/event_listener.py for tasks to queue
[2026-06-27T19:08:17.403+0000] {logging_mixin.py:188} INFO - [2026-06-27T19:08:17.402+0000] {dagbag.py:545} INFO - Filling up the DagBag from /home/airflow/.local/lib/python3.9/site-packages/airflow/example_dags/plugins/event_listener.py
[2026-06-27T19:08:17.414+0000] {processor.py:842} WARNING - No viable dags retrieved from /home/airflow/.local/lib/python3.9/site-packages/airflow/example_dags/plugins/event_listener.py
[2026-06-27T19:08:17.444+0000] {processor.py:183} INFO - Processing /home/airflow/.local/lib/python3.9/site-packages/airflow/example_dags/plugins/event_listener.py took 0.060 seconds
[2026-06-27T19:08:47.554+0000] {processor.py:161} INFO - Started process (PID=728) to work on /home/airflow/.local/lib/python3.9/site-packages/airflow/example_dags/plugins/event_listener.py
[2026-06-27T19:08:47.556+0000] {processor.py:830} INFO - Processing file /home/airflow/.local/lib/python3.9/site-packages/airflow/example_dags/plugins/event_listener.py for tasks to queue
[2026-06-27T19:08:47.558+0000] {logging_mixin.py:188} INFO - [2026-06-27T19:08:47.558+0000] {dagbag.py:545} INFO - Filling up the DagBag from /home/airflow/.local/lib/python3.9/site-packages/airflow/example_dags/plugins/event_listener.py
[2026-06-27T19:08:47.562+0000] {processor.py:842} WARNING - No viable dags retrieved from /home/airflow/.local/lib/python3.9/site-packages/airflow/example_dags/plugins/event_listener.py
[2026-06-27T19:08:47.585+0000] {processor.py:183} INFO - Processing /home/airflow/.local/lib/python3.9/site-packages/airflow/example_dags/plugins/event_listener.py took 0.040 seconds
[2026-06-27T19:09:18.199+0000] {processor.py:161} INFO - Started process (PID=795) to work on /home/airflow/.local/lib/python3.9/site-packages/airflow/example_dags/plugins/event_listener.py
[2026-06-27T19:09:18.201+0000] {processor.py:830} INFO - Processing file /home/airflow/.local/lib/python3.9/site-packages/airflow/example_dags/plugins/event_listener.py for tasks to queue
[2026-06-27T19:09:18.203+0000] {logging_mixin.py:188} INFO - [2026-06-27T19:09:18.203+0000] {dagbag.py:545} INFO - Filling up the DagBag from /home/airflow/.local/lib/python3.9/site-packages/airflow/example_dags/plugins/event_listener.py
[2026-06-27T19:09:18.206+0000] {processor.py:842} WARNING - No viable dags retrieved from /home/airflow/.local/lib/python3.9/site-packages/airflow/example_dags/plugins/event_listener.py
[2026-06-27T19:09:18.230+0000] {processor.py:183} INFO - Processing /home/airflow/.local/lib/python3.9/site-packages/airflow/example_dags/plugins/event_listener.py took 0.042 seconds
[2026-06-27T19:09:49.096+0000] {processor.py:161} INFO - Started process (PID=868) to work on /home/airflow/.local/lib/python3.9/site-packages/airflow/example_dags/plugins/event_listener.py
[2026-06-27T19:09:49.098+0000] {processor.py:830} INFO - Processing file /home/airflow/.local/lib/python3.9/site-packages/airflow/example_dags/plugins/event_listener.py for tasks to queue
[2026-06-27T19:09:49.101+0000] {logging_mixin.py:188} INFO - [2026-06-27T19:09:49.100+0000] {dagbag.py:545} INFO - Filling up the DagBag from /home/airflow/.local/lib/python3.9/site-packages/airflow/example_dags/plugins/event_listener.py
[2026-06-27T19:09:49.112+0000] {processor.py:842} WARNING - No viable dags retrieved from /home/airflow/.local/lib/python3.9/site-packages/airflow/example_dags/plugins/event_listener.py
[2026-06-27T19:09:49.157+0000] {processor.py:183} INFO - Processing /home/airflow/.local/lib/python3.9/site-packages/airflow/example_dags/plugins/event_listener.py took 0.078 seconds
[2026-06-27T19:10:20.013+0000] {processor.py:161} INFO - Started process (PID=934) to work on /home/airflow/.local/lib/python3.9/site-packages/airflow/example_dags/plugins/event_listener.py
[2026-06-27T19:10:20.014+0000] {processor.py:830} INFO - Processing file /home/airflow/.local/lib/python3.9/site-packages/airflow/example_dags/plugins/event_listener.py for tasks to queue
[2026-06-27T19:10:20.032+0000] {logging_mixin.py:188} INFO - [2026-06-27T19:10:20.031+0000] {dagbag.py:545} INFO - Filling up the DagBag from /home/airflow/.local/lib/python3.9/site-packages/airflow/example_dags/plugins/event_listener.py
[2026-06-27T19:10:20.035+0000] {processor.py:842} WARNING - No viable dags retrieved from /home/airflow/.local/lib/python3.9/site-packages/airflow/example_dags/plugins/event_listener.py
[2026-06-27T19:10:20.098+0000] {processor.py:183} INFO - Processing /home/airflow/.local/lib/python3.9/site-packages/airflow/example_dags/plugins/event_listener.py took 0.122 seconds
[2026-06-27T19:10:50.658+0000] {processor.py:161} INFO - Started process (PID=1000) to work on /home/airflow/.local/lib/python3.9/site-packages/airflow/example_dags/plugins/event_listener.py
[2026-06-27T19:10:50.660+0000] {processor.py:830} INFO - Processing file /home/airflow/.local/lib/python3.9/site-packages/airflow/example_dags/plugins/event_listener.py for tasks to queue
[2026-06-27T19:10:50.662+0000] {logging_mixin.py:188} INFO - [2026-06-27T19:10:50.662+0000] {dagbag.py:545} INFO - Filling up the DagBag from /home/airflow/.local/lib/python3.9/site-packages/airflow/example_dags/plugins/event_listener.py
[2026-06-27T19:10:50.665+0000] {processor.py:842} WARNING - No viable dags retrieved from /home/airflow/.local/lib/python3.9/site-packages/airflow/example_dags/plugins/event_listener.py
[2026-06-27T19:10:50.690+0000] {processor.py:183} INFO - Processing /home/airflow/.local/lib/python3.9/site-packages/airflow/example_dags/plugins/event_listener.py took 0.044 seconds
[2026-06-27T19:11:20.993+0000] {processor.py:161} INFO - Started process (PID=1066) to work on /home/airflow/.local/lib/python3.9/site-packages/airflow/example_dags/plugins/event_listener.py
[2026-06-27T19:11:20.994+0000] {processor.py:830} INFO - Processing file /home/airflow/.local/lib/python3.9/site-packages/airflow/example_dags/plugins/event_listener.py for tasks to queue
[2026-06-27T19:11:20.997+0000] {logging_mixin.py:188} INFO - [2026-06-27T19:11:20.997+0000] {dagbag.py:545} INFO - Filling up the DagBag from /home/airflow/.local/lib/python3.9/site-packages/airflow/example_dags/plugins/event_listener.py
[2026-06-27T19:11:21.001+0000] {processor.py:842} WARNING - No viable dags retrieved from /home/airflow/.local/lib/python3.9/site-packages/airflow/example_dags/plugins/event_listener.py
[2026-06-27T19:11:21.029+0000] {processor.py:183} INFO - Processing /home/airflow/.local/lib/python3.9/site-packages/airflow/example_dags/plugins/event_listener.py took 0.048 seconds
[2026-06-27T19:11:51.199+0000] {processor.py:161} INFO - Started process (PID=1132) to work on /home/airflow/.local/lib/python3.9/site-packages/airflow/example_dags/plugins/event_listener.py
[2026-06-27T19:11:51.200+0000] {processor.py:830} INFO - Processing file /home/airflow/.local/lib/python3.9/site-packages/airflow/example_dags/plugins/event_listener.py for tasks to queue
[2026-06-27T19:11:51.203+0000] {logging_mixin.py:188} INFO - [2026-06-27T19:11:51.202+0000] {dagbag.py:545} INFO - Filling up the DagBag from /home/airflow/.local/lib/python3.9/site-packages/airflow/example_dags/plugins/event_listener.py
[2026-06-27T19:11:51.206+0000] {processor.py:842} WARNING - No viable dags retrieved from /home/airflow/.local/lib/python3.9/site-packages/airflow/example_dags/plugins/event_listener.py
[2026-06-27T19:11:51.235+0000] {processor.py:183} INFO - Processing /home/airflow/.local/lib/python3.9/site-packages/airflow/example_dags/plugins/event_listener.py took 0.047 seconds
[2026-06-27T19:12:22.105+0000] {processor.py:161} INFO - Started process (PID=1199) to work on /home/airflow/.local/lib/python3.9/site-packages/airflow/example_dags/plugins/event_listener.py
[2026-06-27T19:12:22.107+0000] {processor.py:830} INFO - Processing file /home/airflow/.local/lib/python3.9/site-packages/airflow/example_dags/plugins/event_listener.py for tasks to queue
[2026-06-27T19:12:22.109+0000] {logging_mixin.py:188} INFO - [2026-06-27T19:12:22.109+0000] {dagbag.py:545} INFO - Filling up the DagBag from /home/airflow/.local/lib/python3.9/site-packages/airflow/example_dags/plugins/event_listener.py
[2026-06-27T19:12:22.113+0000] {processor.py:842} WARNING - No viable dags retrieved from /home/airflow/.local/lib/python3.9/site-packages/airflow/example_dags/plugins/event_listener.py
[2026-06-27T19:12:22.145+0000] {processor.py:183} INFO - Processing /home/airflow/.local/lib/python3.9/site-packages/airflow/example_dags/plugins/event_listener.py took 0.050 seconds
[2026-06-27T19:12:52.859+0000] {processor.py:161} INFO - Started process (PID=1272) to work on /home/airflow/.local/lib/python3.9/site-packages/airflow/example_dags/plugins/event_listener.py
[2026-06-27T19:12:52.872+0000] {processor.py:830} INFO - Processing file /home/airflow/.local/lib/python3.9/site-packages/airflow/example_dags/plugins/event_listener.py for tasks to queue
[2026-06-27T19:12:52.874+0000] {logging_mixin.py:188} INFO - [2026-06-27T19:12:52.874+0000] {dagbag.py:545} INFO - Filling up the DagBag from /home/airflow/.local/lib/python3.9/site-packages/airflow/example_dags/plugins/event_listener.py
[2026-06-27T19:12:52.877+0000] {processor.py:842} WARNING - No viable dags retrieved from /home/airflow/.local/lib/python3.9/site-packages/airflow/example_dags/plugins/event_listener.py
[2026-06-27T19:12:52.934+0000] {processor.py:183} INFO - Processing /home/airflow/.local/lib/python3.9/site-packages/airflow/example_dags/plugins/event_listener.py took 0.098 seconds
[2026-06-27T19:13:23.452+0000] {processor.py:161} INFO - Started process (PID=1338) to work on /home/airflow/.local/lib/python3.9/site-packages/airflow/example_dags/plugins/event_listener.py
[2026-06-27T19:13:23.453+0000] {processor.py:830} INFO - Processing file /home/airflow/.local/lib/python3.9/site-packages/airflow/example_dags/plugins/event_listener.py for tasks to queue
[2026-06-27T19:13:23.456+0000] {logging_mixin.py:188} INFO - [2026-06-27T19:13:23.455+0000] {dagbag.py:545} INFO - Filling up the DagBag from /home/airflow/.local/lib/python3.9/site-packages/airflow/example_dags/plugins/event_listener.py
[2026-06-27T19:13:23.458+0000] {processor.py:842} WARNING - No viable dags retrieved from /home/airflow/.local/lib/python3.9/site-packages/airflow/example_dags/plugins/event_listener.py
[2026-06-27T19:13:23.494+0000] {processor.py:183} INFO - Processing /home/airflow/.local/lib/python3.9/site-packages/airflow/example_dags/plugins/event_listener.py took 0.059 seconds
[2026-06-27T19:13:54.462+0000] {processor.py:161} INFO - Started process (PID=1404) to work on /home/airflow/.local/lib/python3.9/site-packages/airflow/example_dags/plugins/event_listener.py
[2026-06-27T19:13:54.464+0000] {processor.py:830} INFO - Processing file /home/airflow/.local/lib/python3.9/site-packages/airflow/example_dags/plugins/event_listener.py for tasks to queue
[2026-06-27T19:13:54.466+0000] {logging_mixin.py:188} INFO - [2026-06-27T19:13:54.466+0000] {dagbag.py:545} INFO - Filling up the DagBag from /home/airflow/.local/lib/python3.9/site-packages/airflow/example_dags/plugins/event_listener.py
[2026-06-27T19:13:54.469+0000] {processor.py:842} WARNING - No viable dags retrieved from /home/airflow/.local/lib/python3.9/site-packages/airflow/example_dags/plugins/event_listener.py
[2026-06-27T19:13:54.493+0000] {processor.py:183} INFO - Processing /home/airflow/.local/lib/python3.9/site-packages/airflow/example_dags/plugins/event_listener.py took 0.039 seconds
[2026-06-27T19:14:25.020+0000] {processor.py:161} INFO - Started process (PID=1470) to work on /home/airflow/.local/lib/python3.9/site-packages/airflow/example_dags/plugins/event_listener.py
[2026-06-27T19:14:25.021+0000] {processor.py:830} INFO - Processing file /home/airflow/.local/lib/python3.9/site-packages/airflow/example_dags/plugins/event_listener.py for tasks to queue
[2026-06-27T19:14:25.024+0000] {logging_mixin.py:188} INFO - [2026-06-27T19:14:25.023+0000] {dagbag.py:545} INFO - Filling up the DagBag from /home/airflow/.local/lib/python3.9/site-packages/airflow/example_dags/plugins/event_listener.py
[2026-06-27T19:14:25.027+0000] {processor.py:842} WARNING - No viable dags retrieved from /home/airflow/.local/lib/python3.9/site-packages/airflow/example_dags/plugins/event_listener.py
[2026-06-27T19:14:25.055+0000] {processor.py:183} INFO - Processing /home/airflow/.local/lib/python3.9/site-packages/airflow/example_dags/plugins/event_listener.py took 0.043 seconds
[2026-06-27T19:14:55.189+0000] {processor.py:161} INFO - Started process (PID=1536) to work on /home/airflow/.local/lib/python3.9/site-packages/airflow/example_dags/plugins/event_listener.py
[2026-06-27T19:14:55.190+0000] {processor.py:830} INFO - Processing file /home/airflow/.local/lib/python3.9/site-packages/airflow/example_dags/plugins/event_listener.py for tasks to queue
[2026-06-27T19:14:55.193+0000] {logging_mixin.py:188} INFO - [2026-06-27T19:14:55.193+0000] {dagbag.py:545} INFO - Filling up the DagBag from /home/airflow/.local/lib/python3.9/site-packages/airflow/example_dags/plugins/event_listener.py
[2026-06-27T19:14:55.196+0000] {processor.py:842} WARNING - No viable dags retrieved from /home/airflow/.local/lib/python3.9/site-packages/airflow/example_dags/plugins/event_listener.py
[2026-06-27T19:14:55.218+0000] {processor.py:183} INFO - Processing /home/airflow/.local/lib/python3.9/site-packages/airflow/example_dags/plugins/event_listener.py took 0.038 seconds
[2026-06-27T19:15:25.660+0000] {processor.py:161} INFO - Started process (PID=1608) to work on /home/airflow/.local/lib/python3.9/site-packages/airflow/example_dags/plugins/event_listener.py
[2026-06-27T19:15:25.661+0000] {processor.py:830} INFO - Processing file /home/airflow/.local/lib/python3.9/site-packages/airflow/example_dags/plugins/event_listener.py for tasks to queue
[2026-06-27T19:15:25.672+0000] {logging_mixin.py:188} INFO - [2026-06-27T19:15:25.671+0000] {dagbag.py:545} INFO - Filling up the DagBag from /home/airflow/.local/lib/python3.9/site-packages/airflow/example_dags/plugins/event_listener.py
[2026-06-27T19:15:25.675+0000] {processor.py:842} WARNING - No viable dags retrieved from /home/airflow/.local/lib/python3.9/site-packages/airflow/example_dags/plugins/event_listener.py
[2026-06-27T19:15:25.737+0000] {processor.py:183} INFO - Processing /home/airflow/.local/lib/python3.9/site-packages/airflow/example_dags/plugins/event_listener.py took 0.095 seconds
[2026-06-27T19:15:56.333+0000] {processor.py:161} INFO - Started process (PID=1674) to work on /home/airflow/.local/lib/python3.9/site-packages/airflow/example_dags/plugins/event_listener.py
[2026-06-27T19:15:56.335+0000] {processor.py:830} INFO - Processing file /home/airflow/.local/lib/python3.9/site-packages/airflow/example_dags/plugins/event_listener.py for tasks to queue
[2026-06-27T19:15:56.337+0000] {logging_mixin.py:188} INFO - [2026-06-27T19:15:56.336+0000] {dagbag.py:545} INFO - Filling up the DagBag from /home/airflow/.local/lib/python3.9/site-packages/airflow/example_dags/plugins/event_listener.py
[2026-06-27T19:15:56.340+0000] {processor.py:842} WARNING - No viable dags retrieved from /home/airflow/.local/lib/python3.9/site-packages/airflow/example_dags/plugins/event_listener.py
[2026-06-27T19:15:56.379+0000] {processor.py:183} INFO - Processing /home/airflow/.local/lib/python3.9/site-packages/airflow/example_dags/plugins/event_listener.py took 0.079 seconds
[2026-06-27T19:16:26.738+0000] {processor.py:161} INFO - Started process (PID=1740) to work on /home/airflow/.local/lib/python3.9/site-packages/airflow/example_dags/plugins/event_listener.py
[2026-06-27T19:16:26.739+0000] {processor.py:830} INFO - Processing file /home/airflow/.local/lib/python3.9/site-packages/airflow/example_dags/plugins/event_listener.py for tasks to queue
[2026-06-27T19:16:26.742+0000] {logging_mixin.py:188} INFO - [2026-06-27T19:16:26.741+0000] {dagbag.py:545} INFO - Filling up the DagBag from /home/airflow/.local/lib/python3.9/site-packages/airflow/example_dags/plugins/event_listener.py
[2026-06-27T19:16:26.745+0000] {processor.py:842} WARNING - No viable dags retrieved from /home/airflow/.local/lib/python3.9/site-packages/airflow/example_dags/plugins/event_listener.py
[2026-06-27T19:16:26.776+0000] {processor.py:183} INFO - Processing /home/airflow/.local/lib/python3.9/site-packages/airflow/example_dags/plugins/event_listener.py took 0.048 seconds
[2026-06-27T19:16:57.488+0000] {processor.py:161} INFO - Started process (PID=1806) to work on /home/airflow/.local/lib/python3.9/site-packages/airflow/example_dags/plugins/event_listener.py
[2026-06-27T19:16:57.489+0000] {processor.py:830} INFO - Processing file /home/airflow/.local/lib/python3.9/site-packages/airflow/example_dags/plugins/event_listener.py for tasks to queue
[2026-06-27T19:16:57.493+0000] {logging_mixin.py:188} INFO - [2026-06-27T19:16:57.492+0000] {dagbag.py:545} INFO - Filling up the DagBag from /home/airflow/.local/lib/python3.9/site-packages/airflow/example_dags/plugins/event_listener.py
[2026-06-27T19:16:57.496+0000] {processor.py:842} WARNING - No viable dags retrieved from /home/airflow/.local/lib/python3.9/site-packages/airflow/example_dags/plugins/event_listener.py
[2026-06-27T19:16:57.520+0000] {processor.py:183} INFO - Processing /home/airflow/.local/lib/python3.9/site-packages/airflow/example_dags/plugins/event_listener.py took 0.040 seconds
[2026-06-27T19:17:27.939+0000] {processor.py:161} INFO - Started process (PID=1872) to work on /home/airflow/.local/lib/python3.9/site-packages/airflow/example_dags/plugins/event_listener.py
[2026-06-27T19:17:27.940+0000] {processor.py:830} INFO - Processing file /home/airflow/.local/lib/python3.9/site-packages/airflow/example_dags/plugins/event_listener.py for tasks to queue
[2026-06-27T19:17:27.942+0000] {logging_mixin.py:188} INFO - [2026-06-27T19:17:27.942+0000] {dagbag.py:545} INFO - Filling up the DagBag from /home/airflow/.local/lib/python3.9/site-packages/airflow/example_dags/plugins/event_listener.py
[2026-06-27T19:17:27.954+0000] {processor.py:842} WARNING - No viable dags retrieved from /home/airflow/.local/lib/python3.9/site-packages/airflow/example_dags/plugins/event_listener.py
[2026-06-27T19:17:27.994+0000] {processor.py:183} INFO - Processing /home/airflow/.local/lib/python3.9/site-packages/airflow/example_dags/plugins/event_listener.py took 0.068 seconds
[2026-06-27T19:17:58.172+0000] {processor.py:161} INFO - Started process (PID=1945) to work on /home/airflow/.local/lib/python3.9/site-packages/airflow/example_dags/plugins/event_listener.py
[2026-06-27T19:17:58.174+0000] {processor.py:830} INFO - Processing file /home/airflow/.local/lib/python3.9/site-packages/airflow/example_dags/plugins/event_listener.py for tasks to queue
[2026-06-27T19:17:58.176+0000] {logging_mixin.py:188} INFO - [2026-06-27T19:17:58.176+0000] {dagbag.py:545} INFO - Filling up the DagBag from /home/airflow/.local/lib/python3.9/site-packages/airflow/example_dags/plugins/event_listener.py
[2026-06-27T19:17:58.191+0000] {processor.py:842} WARNING - No viable dags retrieved from /home/airflow/.local/lib/python3.9/site-packages/airflow/example_dags/plugins/event_listener.py
[2026-06-27T19:17:58.223+0000] {processor.py:183} INFO - Processing /home/airflow/.local/lib/python3.9/site-packages/airflow/example_dags/plugins/event_listener.py took 0.070 seconds
[2026-06-27T19:18:28.842+0000] {processor.py:161} INFO - Started process (PID=2011) to work on /home/airflow/.local/lib/python3.9/site-packages/airflow/example_dags/plugins/event_listener.py
[2026-06-27T19:18:28.844+0000] {processor.py:830} INFO - Processing file /home/airflow/.local/lib/python3.9/site-packages/airflow/example_dags/plugins/event_listener.py for tasks to queue
[2026-06-27T19:18:28.851+0000] {logging_mixin.py:188} INFO - [2026-06-27T19:18:28.847+0000] {dagbag.py:545} INFO - Filling up the DagBag from /home/airflow/.local/lib/python3.9/site-packages/airflow/example_dags/plugins/event_listener.py
[2026-06-27T19:18:28.854+0000] {processor.py:842} WARNING - No viable dags retrieved from /home/airflow/.local/lib/python3.9/site-packages/airflow/example_dags/plugins/event_listener.py
[2026-06-27T19:18:28.878+0000] {processor.py:183} INFO - Processing /home/airflow/.local/lib/python3.9/site-packages/airflow/example_dags/plugins/event_listener.py took 0.046 seconds
[2026-06-27T19:18:59.433+0000] {processor.py:161} INFO - Started process (PID=2077) to work on /home/airflow/.local/lib/python3.9/site-packages/airflow/example_dags/plugins/event_listener.py
[2026-06-27T19:18:59.435+0000] {processor.py:830} INFO - Processing file /home/airflow/.local/lib/python3.9/site-packages/airflow/example_dags/plugins/event_listener.py for tasks to queue
[2026-06-27T19:18:59.438+0000] {logging_mixin.py:188} INFO - [2026-06-27T19:18:59.437+0000] {dagbag.py:545} INFO - Filling up the DagBag from /home/airflow/.local/lib/python3.9/site-packages/airflow/example_dags/plugins/event_listener.py
[2026-06-27T19:18:59.451+0000] {processor.py:842} WARNING - No viable dags retrieved from /home/airflow/.local/lib/python3.9/site-packages/airflow/example_dags/plugins/event_listener.py
[2026-06-27T19:18:59.483+0000] {processor.py:183} INFO - Processing /home/airflow/.local/lib/python3.9/site-packages/airflow/example_dags/plugins/event_listener.py took 0.085 seconds
[2026-06-27T19:19:30.083+0000] {processor.py:161} INFO - Started process (PID=2143) to work on /home/airflow/.local/lib/python3.9/site-packages/airflow/example_dags/plugins/event_listener.py
[2026-06-27T19:19:30.084+0000] {processor.py:830} INFO - Processing file /home/airflow/.local/lib/python3.9/site-packages/airflow/example_dags/plugins/event_listener.py for tasks to queue
[2026-06-27T19:19:30.087+0000] {logging_mixin.py:188} INFO - [2026-06-27T19:19:30.087+0000] {dagbag.py:545} INFO - Filling up the DagBag from /home/airflow/.local/lib/python3.9/site-packages/airflow/example_dags/plugins/event_listener.py
[2026-06-27T19:19:30.091+0000] {processor.py:842} WARNING - No viable dags retrieved from /home/airflow/.local/lib/python3.9/site-packages/airflow/example_dags/plugins/event_listener.py
[2026-06-27T19:19:30.119+0000] {processor.py:183} INFO - Processing /home/airflow/.local/lib/python3.9/site-packages/airflow/example_dags/plugins/event_listener.py took 0.047 seconds
[2026-06-27T19:20:00.358+0000] {processor.py:161} INFO - Started process (PID=2216) to work on /home/airflow/.local/lib/python3.9/site-packages/airflow/example_dags/plugins/event_listener.py
[2026-06-27T19:20:00.360+0000] {processor.py:830} INFO - Processing file /home/airflow/.local/lib/python3.9/site-packages/airflow/example_dags/plugins/event_listener.py for tasks to queue
[2026-06-27T19:20:00.362+0000] {logging_mixin.py:188} INFO - [2026-06-27T19:20:00.362+0000] {dagbag.py:545} INFO - Filling up the DagBag from /home/airflow/.local/lib/python3.9/site-packages/airflow/example_dags/plugins/event_listener.py
[2026-06-27T19:20:00.366+0000] {processor.py:842} WARNING - No viable dags retrieved from /home/airflow/.local/lib/python3.9/site-packages/airflow/example_dags/plugins/event_listener.py
[2026-06-27T19:20:00.416+0000] {processor.py:183} INFO - Processing /home/airflow/.local/lib/python3.9/site-packages/airflow/example_dags/plugins/event_listener.py took 0.073 seconds
[2026-06-27T19:20:31.138+0000] {processor.py:161} INFO - Started process (PID=2282) to work on /home/airflow/.local/lib/python3.9/site-packages/airflow/example_dags/plugins/event_listener.py
[2026-06-27T19:20:31.139+0000] {processor.py:830} INFO - Processing file /home/airflow/.local/lib/python3.9/site-packages/airflow/example_dags/plugins/event_listener.py for tasks to queue
[2026-06-27T19:20:31.141+0000] {logging_mixin.py:188} INFO - [2026-06-27T19:20:31.141+0000] {dagbag.py:545} INFO - Filling up the DagBag from /home/airflow/.local/lib/python3.9/site-packages/airflow/example_dags/plugins/event_listener.py
[2026-06-27T19:20:31.152+0000] {processor.py:842} WARNING - No viable dags retrieved from /home/airflow/.local/lib/python3.9/site-packages/airflow/example_dags/plugins/event_listener.py
[2026-06-27T19:20:31.186+0000] {processor.py:183} INFO - Processing /home/airflow/.local/lib/python3.9/site-packages/airflow/example_dags/plugins/event_listener.py took 0.069 seconds
[2026-06-27T19:21:01.671+0000] {processor.py:161} INFO - Started process (PID=2348) to work on /home/airflow/.local/lib/python3.9/site-packages/airflow/example_dags/plugins/event_listener.py
[2026-06-27T19:21:01.673+0000] {processor.py:830} INFO - Processing file /home/airflow/.local/lib/python3.9/site-packages/airflow/example_dags/plugins/event_listener.py for tasks to queue
[2026-06-27T19:21:01.675+0000] {logging_mixin.py:188} INFO - [2026-06-27T19:21:01.675+0000] {dagbag.py:545} INFO - Filling up the DagBag from /home/airflow/.local/lib/python3.9/site-packages/airflow/example_dags/plugins/event_listener.py
[2026-06-27T19:21:01.678+0000] {processor.py:842} WARNING - No viable dags retrieved from /home/airflow/.local/lib/python3.9/site-packages/airflow/example_dags/plugins/event_listener.py
[2026-06-27T19:21:01.703+0000] {processor.py:183} INFO - Processing /home/airflow/.local/lib/python3.9/site-packages/airflow/example_dags/plugins/event_listener.py took 0.041 seconds
[2026-06-27T19:21:32.414+0000] {processor.py:161} INFO - Started process (PID=2414) to work on /home/airflow/.local/lib/python3.9/site-packages/airflow/example_dags/plugins/event_listener.py
[2026-06-27T19:21:32.415+0000] {processor.py:830} INFO - Processing file /home/airflow/.local/lib/python3.9/site-packages/airflow/example_dags/plugins/event_listener.py for tasks to queue
[2026-06-27T19:21:32.418+0000] {logging_mixin.py:188} INFO - [2026-06-27T19:21:32.417+0000] {dagbag.py:545} INFO - Filling up the DagBag from /home/airflow/.local/lib/python3.9/site-packages/airflow/example_dags/plugins/event_listener.py
[2026-06-27T19:21:32.421+0000] {processor.py:842} WARNING - No viable dags retrieved from /home/airflow/.local/lib/python3.9/site-packages/airflow/example_dags/plugins/event_listener.py
[2026-06-27T19:21:32.449+0000] {processor.py:183} INFO - Processing /home/airflow/.local/lib/python3.9/site-packages/airflow/example_dags/plugins/event_listener.py took 0.045 seconds
[2026-06-27T19:22:02.582+0000] {processor.py:161} INFO - Started process (PID=2478) to work on /home/airflow/.local/lib/python3.9/site-packages/airflow/example_dags/plugins/event_listener.py
[2026-06-27T19:22:02.584+0000] {processor.py:830} INFO - Processing file /home/airflow/.local/lib/python3.9/site-packages/airflow/example_dags/plugins/event_listener.py for tasks to queue
[2026-06-27T19:22:02.586+0000] {logging_mixin.py:188} INFO - [2026-06-27T19:22:02.586+0000] {dagbag.py:545} INFO - Filling up the DagBag from /home/airflow/.local/lib/python3.9/site-packages/airflow/example_dags/plugins/event_listener.py
[2026-06-27T19:22:02.593+0000] {processor.py:842} WARNING - No viable dags retrieved from /home/airflow/.local/lib/python3.9/site-packages/airflow/example_dags/plugins/event_listener.py
[2026-06-27T19:22:02.616+0000] {processor.py:183} INFO - Processing /home/airflow/.local/lib/python3.9/site-packages/airflow/example_dags/plugins/event_listener.py took 0.044 seconds
[2026-06-27T19:22:32.678+0000] {processor.py:161} INFO - Started process (PID=2544) to work on /home/airflow/.local/lib/python3.9/site-packages/airflow/example_dags/plugins/event_listener.py
[2026-06-27T19:22:32.680+0000] {processor.py:830} INFO - Processing file /home/airflow/.local/lib/python3.9/site-packages/airflow/example_dags/plugins/event_listener.py for tasks to queue
[2026-06-27T19:22:32.683+0000] {logging_mixin.py:188} INFO - [2026-06-27T19:22:32.682+0000] {dagbag.py:545} INFO - Filling up the DagBag from /home/airflow/.local/lib/python3.9/site-packages/airflow/example_dags/plugins/event_listener.py
[2026-06-27T19:22:32.686+0000] {processor.py:842} WARNING - No viable dags retrieved from /home/airflow/.local/lib/python3.9/site-packages/airflow/example_dags/plugins/event_listener.py
[2026-06-27T19:22:32.712+0000] {processor.py:183} INFO - Processing /home/airflow/.local/lib/python3.9/site-packages/airflow/example_dags/plugins/event_listener.py took 0.043 seconds
[2026-06-27T19:23:03.293+0000] {processor.py:161} INFO - Started process (PID=2617) to work on /home/airflow/.local/lib/python3.9/site-packages/airflow/example_dags/plugins/event_listener.py
[2026-06-27T19:23:03.295+0000] {processor.py:830} INFO - Processing file /home/airflow/.local/lib/python3.9/site-packages/airflow/example_dags/plugins/event_listener.py for tasks to queue
[2026-06-27T19:23:03.297+0000] {logging_mixin.py:188} INFO - [2026-06-27T19:23:03.297+0000] {dagbag.py:545} INFO - Filling up the DagBag from /home/airflow/.local/lib/python3.9/site-packages/airflow/example_dags/plugins/event_listener.py
[2026-06-27T19:23:03.300+0000] {processor.py:842} WARNING - No viable dags retrieved from /home/airflow/.local/lib/python3.9/site-packages/airflow/example_dags/plugins/event_listener.py
[2026-06-27T19:23:03.356+0000] {processor.py:183} INFO - Processing /home/airflow/.local/lib/python3.9/site-packages/airflow/example_dags/plugins/event_listener.py took 0.085 seconds
[2026-06-27T19:23:33.879+0000] {processor.py:161} INFO - Started process (PID=2683) to work on /home/airflow/.local/lib/python3.9/site-packages/airflow/example_dags/plugins/event_listener.py
[2026-06-27T19:23:33.880+0000] {processor.py:830} INFO - Processing file /home/airflow/.local/lib/python3.9/site-packages/airflow/example_dags/plugins/event_listener.py for tasks to queue
[2026-06-27T19:23:33.892+0000] {logging_mixin.py:188} INFO - [2026-06-27T19:23:33.891+0000] {dagbag.py:545} INFO - Filling up the DagBag from /home/airflow/.local/lib/python3.9/site-packages/airflow/example_dags/plugins/event_listener.py
[2026-06-27T19:23:33.895+0000] {processor.py:842} WARNING - No viable dags retrieved from /home/airflow/.local/lib/python3.9/site-packages/airflow/example_dags/plugins/event_listener.py
[2026-06-27T19:23:33.954+0000] {processor.py:183} INFO - Processing /home/airflow/.local/lib/python3.9/site-packages/airflow/example_dags/plugins/event_listener.py took 0.094 seconds
[2026-06-27T19:24:04.702+0000] {processor.py:161} INFO - Started process (PID=2750) to work on /home/airflow/.local/lib/python3.9/site-packages/airflow/example_dags/plugins/event_listener.py
[2026-06-27T19:24:04.703+0000] {processor.py:830} INFO - Processing file /home/airflow/.local/lib/python3.9/site-packages/airflow/example_dags/plugins/event_listener.py for tasks to queue
[2026-06-27T19:24:04.712+0000] {logging_mixin.py:188} INFO - [2026-06-27T19:24:04.712+0000] {dagbag.py:545} INFO - Filling up the DagBag from /home/airflow/.local/lib/python3.9/site-packages/airflow/example_dags/plugins/event_listener.py
[2026-06-27T19:24:04.715+0000] {processor.py:842} WARNING - No viable dags retrieved from /home/airflow/.local/lib/python3.9/site-packages/airflow/example_dags/plugins/event_listener.py
[2026-06-27T19:24:04.738+0000] {processor.py:183} INFO - Processing /home/airflow/.local/lib/python3.9/site-packages/airflow/example_dags/plugins/event_listener.py took 0.045 seconds
[2026-06-27T19:24:34.945+0000] {processor.py:161} INFO - Started process (PID=2817) to work on /home/airflow/.local/lib/python3.9/site-packages/airflow/example_dags/plugins/event_listener.py
[2026-06-27T19:24:34.947+0000] {processor.py:830} INFO - Processing file /home/airflow/.local/lib/python3.9/site-packages/airflow/example_dags/plugins/event_listener.py for tasks to queue
[2026-06-27T19:24:34.949+0000] {logging_mixin.py:188} INFO - [2026-06-27T19:24:34.949+0000] {dagbag.py:545} INFO - Filling up the DagBag from /home/airflow/.local/lib/python3.9/site-packages/airflow/example_dags/plugins/event_listener.py
[2026-06-27T19:24:34.952+0000] {processor.py:842} WARNING - No viable dags retrieved from /home/airflow/.local/lib/python3.9/site-packages/airflow/example_dags/plugins/event_listener.py
[2026-06-27T19:24:34.976+0000] {processor.py:183} INFO - Processing /home/airflow/.local/lib/python3.9/site-packages/airflow/example_dags/plugins/event_listener.py took 0.041 seconds
[2026-06-27T19:25:05.398+0000] {processor.py:161} INFO - Started process (PID=2884) to work on /home/airflow/.local/lib/python3.9/site-packages/airflow/example_dags/plugins/event_listener.py
[2026-06-27T19:25:05.400+0000] {processor.py:830} INFO - Processing file /home/airflow/.local/lib/python3.9/site-packages/airflow/example_dags/plugins/event_listener.py for tasks to queue
[2026-06-27T19:25:05.402+0000] {logging_mixin.py:188} INFO - [2026-06-27T19:25:05.402+0000] {dagbag.py:545} INFO - Filling up the DagBag from /home/airflow/.local/lib/python3.9/site-packages/airflow/example_dags/plugins/event_listener.py
[2026-06-27T19:25:05.405+0000] {processor.py:842} WARNING - No viable dags retrieved from /home/airflow/.local/lib/python3.9/site-packages/airflow/example_dags/plugins/event_listener.py
[2026-06-27T19:25:05.427+0000] {processor.py:183} INFO - Processing /home/airflow/.local/lib/python3.9/site-packages/airflow/example_dags/plugins/event_listener.py took 0.040 seconds
[2026-06-27T19:25:36.200+0000] {processor.py:161} INFO - Started process (PID=2952) to work on /home/airflow/.local/lib/python3.9/site-packages/airflow/example_dags/plugins/event_listener.py
[2026-06-27T19:25:36.202+0000] {processor.py:830} INFO - Processing file /home/airflow/.local/lib/python3.9/site-packages/airflow/example_dags/plugins/event_listener.py for tasks to queue
[2026-06-27T19:25:36.205+0000] {logging_mixin.py:188} INFO - [2026-06-27T19:25:36.204+0000] {dagbag.py:545} INFO - Filling up the DagBag from /home/airflow/.local/lib/python3.9/site-packages/airflow/example_dags/plugins/event_listener.py
[2026-06-27T19:25:36.212+0000] {processor.py:842} WARNING - No viable dags retrieved from /home/airflow/.local/lib/python3.9/site-packages/airflow/example_dags/plugins/event_listener.py
[2026-06-27T19:25:36.274+0000] {processor.py:183} INFO - Processing /home/airflow/.local/lib/python3.9/site-packages/airflow/example_dags/plugins/event_listener.py took 0.092 seconds
[2026-06-27T19:26:06.892+0000] {processor.py:161} INFO - Started process (PID=3027) to work on /home/airflow/.local/lib/python3.9/site-packages/airflow/example_dags/plugins/event_listener.py
[2026-06-27T19:26:06.893+0000] {processor.py:830} INFO - Processing file /home/airflow/.local/lib/python3.9/site-packages/airflow/example_dags/plugins/event_listener.py for tasks to queue
[2026-06-27T19:26:06.896+0000] {logging_mixin.py:188} INFO - [2026-06-27T19:26:06.896+0000] {dagbag.py:545} INFO - Filling up the DagBag from /home/airflow/.local/lib/python3.9/site-packages/airflow/example_dags/plugins/event_listener.py
[2026-06-27T19:26:06.899+0000] {processor.py:842} WARNING - No viable dags retrieved from /home/airflow/.local/lib/python3.9/site-packages/airflow/example_dags/plugins/event_listener.py
[2026-06-27T19:26:06.937+0000] {processor.py:183} INFO - Processing /home/airflow/.local/lib/python3.9/site-packages/airflow/example_dags/plugins/event_listener.py took 0.061 seconds
[2026-06-27T19:26:37.743+0000] {processor.py:161} INFO - Started process (PID=3095) to work on /home/airflow/.local/lib/python3.9/site-packages/airflow/example_dags/plugins/event_listener.py
[2026-06-27T19:26:37.744+0000] {processor.py:830} INFO - Processing file /home/airflow/.local/lib/python3.9/site-packages/airflow/example_dags/plugins/event_listener.py for tasks to queue
[2026-06-27T19:26:37.752+0000] {logging_mixin.py:188} INFO - [2026-06-27T19:26:37.751+0000] {dagbag.py:545} INFO - Filling up the DagBag from /home/airflow/.local/lib/python3.9/site-packages/airflow/example_dags/plugins/event_listener.py
[2026-06-27T19:26:37.755+0000] {processor.py:842} WARNING - No viable dags retrieved from /home/airflow/.local/lib/python3.9/site-packages/airflow/example_dags/plugins/event_listener.py
[2026-06-27T19:26:37.783+0000] {processor.py:183} INFO - Processing /home/airflow/.local/lib/python3.9/site-packages/airflow/example_dags/plugins/event_listener.py took 0.052 seconds
[2026-06-27T19:27:08.035+0000] {processor.py:161} INFO - Started process (PID=3162) to work on /home/airflow/.local/lib/python3.9/site-packages/airflow/example_dags/plugins/event_listener.py
[2026-06-27T19:27:08.037+0000] {processor.py:830} INFO - Processing file /home/airflow/.local/lib/python3.9/site-packages/airflow/example_dags/plugins/event_listener.py for tasks to queue
[2026-06-27T19:27:08.040+0000] {logging_mixin.py:188} INFO - [2026-06-27T19:27:08.039+0000] {dagbag.py:545} INFO - Filling up the DagBag from /home/airflow/.local/lib/python3.9/site-packages/airflow/example_dags/plugins/event_listener.py
[2026-06-27T19:27:08.044+0000] {processor.py:842} WARNING - No viable dags retrieved from /home/airflow/.local/lib/python3.9/site-packages/airflow/example_dags/plugins/event_listener.py
[2026-06-27T19:27:08.073+0000] {processor.py:183} INFO - Processing /home/airflow/.local/lib/python3.9/site-packages/airflow/example_dags/plugins/event_listener.py took 0.053 seconds
[2026-06-27T19:27:38.841+0000] {processor.py:161} INFO - Started process (PID=3229) to work on /home/airflow/.local/lib/python3.9/site-packages/airflow/example_dags/plugins/event_listener.py
[2026-06-27T19:27:38.843+0000] {processor.py:830} INFO - Processing file /home/airflow/.local/lib/python3.9/site-packages/airflow/example_dags/plugins/event_listener.py for tasks to queue
[2026-06-27T19:27:38.852+0000] {logging_mixin.py:188} INFO - [2026-06-27T19:27:38.852+0000] {dagbag.py:545} INFO - Filling up the DagBag from /home/airflow/.local/lib/python3.9/site-packages/airflow/example_dags/plugins/event_listener.py
[2026-06-27T19:27:38.856+0000] {processor.py:842} WARNING - No viable dags retrieved from /home/airflow/.local/lib/python3.9/site-packages/airflow/example_dags/plugins/event_listener.py
[2026-06-27T19:27:38.901+0000] {processor.py:183} INFO - Processing /home/airflow/.local/lib/python3.9/site-packages/airflow/example_dags/plugins/event_listener.py took 0.075 seconds
[2026-06-27T19:28:09.500+0000] {processor.py:161} INFO - Started process (PID=3303) to work on /home/airflow/.local/lib/python3.9/site-packages/airflow/example_dags/plugins/event_listener.py
[2026-06-27T19:28:09.501+0000] {processor.py:830} INFO - Processing file /home/airflow/.local/lib/python3.9/site-packages/airflow/example_dags/plugins/event_listener.py for tasks to queue
[2026-06-27T19:28:09.503+0000] {logging_mixin.py:188} INFO - [2026-06-27T19:28:09.503+0000] {dagbag.py:545} INFO - Filling up the DagBag from /home/airflow/.local/lib/python3.9/site-packages/airflow/example_dags/plugins/event_listener.py
[2026-06-27T19:28:09.512+0000] {processor.py:842} WARNING - No viable dags retrieved from /home/airflow/.local/lib/python3.9/site-packages/airflow/example_dags/plugins/event_listener.py
[2026-06-27T19:28:09.543+0000] {processor.py:183} INFO - Processing /home/airflow/.local/lib/python3.9/site-packages/airflow/example_dags/plugins/event_listener.py took 0.052 seconds
[2026-06-27T19:28:40.178+0000] {processor.py:161} INFO - Started process (PID=3370) to work on /home/airflow/.local/lib/python3.9/site-packages/airflow/example_dags/plugins/event_listener.py
[2026-06-27T19:28:40.179+0000] {processor.py:830} INFO - Processing file /home/airflow/.local/lib/python3.9/site-packages/airflow/example_dags/plugins/event_listener.py for tasks to queue
[2026-06-27T19:28:40.182+0000] {logging_mixin.py:188} INFO - [2026-06-27T19:28:40.181+0000] {dagbag.py:545} INFO - Filling up the DagBag from /home/airflow/.local/lib/python3.9/site-packages/airflow/example_dags/plugins/event_listener.py
[2026-06-27T19:28:40.185+0000] {processor.py:842} WARNING - No viable dags retrieved from /home/airflow/.local/lib/python3.9/site-packages/airflow/example_dags/plugins/event_listener.py
[2026-06-27T19:28:40.209+0000] {processor.py:183} INFO - Processing /home/airflow/.local/lib/python3.9/site-packages/airflow/example_dags/plugins/event_listener.py took 0.040 seconds
[2026-06-27T19:29:10.513+0000] {processor.py:161} INFO - Started process (PID=3437) to work on /home/airflow/.local/lib/python3.9/site-packages/airflow/example_dags/plugins/event_listener.py
[2026-06-27T19:29:10.515+0000] {processor.py:830} INFO - Processing file /home/airflow/.local/lib/python3.9/site-packages/airflow/example_dags/plugins/event_listener.py for tasks to queue
[2026-06-27T19:29:10.518+0000] {logging_mixin.py:188} INFO - [2026-06-27T19:29:10.517+0000] {dagbag.py:545} INFO - Filling up the DagBag from /home/airflow/.local/lib/python3.9/site-packages/airflow/example_dags/plugins/event_listener.py
[2026-06-27T19:29:10.521+0000] {processor.py:842} WARNING - No viable dags retrieved from /home/airflow/.local/lib/python3.9/site-packages/airflow/example_dags/plugins/event_listener.py
[2026-06-27T19:29:10.572+0000] {processor.py:183} INFO - Processing /home/airflow/.local/lib/python3.9/site-packages/airflow/example_dags/plugins/event_listener.py took 0.076 seconds
[2026-06-27T19:29:41.249+0000] {processor.py:161} INFO - Started process (PID=3504) to work on /home/airflow/.local/lib/python3.9/site-packages/airflow/example_dags/plugins/event_listener.py
[2026-06-27T19:29:41.250+0000] {processor.py:830} INFO - Processing file /home/airflow/.local/lib/python3.9/site-packages/airflow/example_dags/plugins/event_listener.py for tasks to queue
[2026-06-27T19:29:41.253+0000] {logging_mixin.py:188} INFO - [2026-06-27T19:29:41.253+0000] {dagbag.py:545} INFO - Filling up the DagBag from /home/airflow/.local/lib/python3.9/site-packages/airflow/example_dags/plugins/event_listener.py
[2026-06-27T19:29:41.257+0000] {processor.py:842} WARNING - No viable dags retrieved from /home/airflow/.local/lib/python3.9/site-packages/airflow/example_dags/plugins/event_listener.py
[2026-06-27T19:29:41.282+0000] {processor.py:183} INFO - Processing /home/airflow/.local/lib/python3.9/site-packages/airflow/example_dags/plugins/event_listener.py took 0.043 seconds
[2026-06-27T19:30:11.782+0000] {processor.py:161} INFO - Started process (PID=3580) to work on /home/airflow/.local/lib/python3.9/site-packages/airflow/example_dags/plugins/event_listener.py
[2026-06-27T19:30:11.783+0000] {processor.py:830} INFO - Processing file /home/airflow/.local/lib/python3.9/site-packages/airflow/example_dags/plugins/event_listener.py for tasks to queue
[2026-06-27T19:30:11.792+0000] {logging_mixin.py:188} INFO - [2026-06-27T19:30:11.792+0000] {dagbag.py:545} INFO - Filling up the DagBag from /home/airflow/.local/lib/python3.9/site-packages/airflow/example_dags/plugins/event_listener.py
[2026-06-27T19:30:11.796+0000] {processor.py:842} WARNING - No viable dags retrieved from /home/airflow/.local/lib/python3.9/site-packages/airflow/example_dags/plugins/event_listener.py
[2026-06-27T19:30:11.836+0000] {processor.py:183} INFO - Processing /home/airflow/.local/lib/python3.9/site-packages/airflow/example_dags/plugins/event_listener.py took 0.065 seconds
[2026-06-27T19:30:42.059+0000] {processor.py:161} INFO - Started process (PID=3650) to work on /home/airflow/.local/lib/python3.9/site-packages/airflow/example_dags/plugins/event_listener.py
[2026-06-27T19:30:42.060+0000] {processor.py:830} INFO - Processing file /home/airflow/.local/lib/python3.9/site-packages/airflow/example_dags/plugins/event_listener.py for tasks to queue
[2026-06-27T19:30:42.063+0000] {logging_mixin.py:188} INFO - [2026-06-27T19:30:42.062+0000] {dagbag.py:545} INFO - Filling up the DagBag from /home/airflow/.local/lib/python3.9/site-packages/airflow/example_dags/plugins/event_listener.py
[2026-06-27T19:30:42.066+0000] {processor.py:842} WARNING - No viable dags retrieved from /home/airflow/.local/lib/python3.9/site-packages/airflow/example_dags/plugins/event_listener.py
[2026-06-27T19:30:42.094+0000] {processor.py:183} INFO - Processing /home/airflow/.local/lib/python3.9/site-packages/airflow/example_dags/plugins/event_listener.py took 0.046 seconds
[2026-06-27T19:31:12.595+0000] {processor.py:161} INFO - Started process (PID=3720) to work on /home/airflow/.local/lib/python3.9/site-packages/airflow/example_dags/plugins/event_listener.py
[2026-06-27T19:31:12.596+0000] {processor.py:830} INFO - Processing file /home/airflow/.local/lib/python3.9/site-packages/airflow/example_dags/plugins/event_listener.py for tasks to queue
[2026-06-27T19:31:12.599+0000] {logging_mixin.py:188} INFO - [2026-06-27T19:31:12.599+0000] {dagbag.py:545} INFO - Filling up the DagBag from /home/airflow/.local/lib/python3.9/site-packages/airflow/example_dags/plugins/event_listener.py
[2026-06-27T19:31:12.602+0000] {processor.py:842} WARNING - No viable dags retrieved from /home/airflow/.local/lib/python3.9/site-packages/airflow/example_dags/plugins/event_listener.py
[2026-06-27T19:31:12.652+0000] {processor.py:183} INFO - Processing /home/airflow/.local/lib/python3.9/site-packages/airflow/example_dags/plugins/event_listener.py took 0.073 seconds
[2026-06-27T19:31:42.968+0000] {processor.py:161} INFO - Started process (PID=3788) to work on /home/airflow/.local/lib/python3.9/site-packages/airflow/example_dags/plugins/event_listener.py
[2026-06-27T19:31:42.969+0000] {processor.py:830} INFO - Processing file /home/airflow/.local/lib/python3.9/site-packages/airflow/example_dags/plugins/event_listener.py for tasks to queue
[2026-06-27T19:31:42.972+0000] {logging_mixin.py:188} INFO - [2026-06-27T19:31:42.972+0000] {dagbag.py:545} INFO - Filling up the DagBag from /home/airflow/.local/lib/python3.9/site-packages/airflow/example_dags/plugins/event_listener.py
[2026-06-27T19:31:42.976+0000] {processor.py:842} WARNING - No viable dags retrieved from /home/airflow/.local/lib/python3.9/site-packages/airflow/example_dags/plugins/event_listener.py
[2026-06-27T19:31:43.004+0000] {processor.py:183} INFO - Processing /home/airflow/.local/lib/python3.9/site-packages/airflow/example_dags/plugins/event_listener.py took 0.047 seconds
[2026-06-27T19:32:13.186+0000] {processor.py:161} INFO - Started process (PID=3863) to work on /home/airflow/.local/lib/python3.9/site-packages/airflow/example_dags/plugins/event_listener.py
[2026-06-27T19:32:13.192+0000] {processor.py:830} INFO - Processing file /home/airflow/.local/lib/python3.9/site-packages/airflow/example_dags/plugins/event_listener.py for tasks to queue
[2026-06-27T19:32:13.194+0000] {logging_mixin.py:188} INFO - [2026-06-27T19:32:13.194+0000] {dagbag.py:545} INFO - Filling up the DagBag from /home/airflow/.local/lib/python3.9/site-packages/airflow/example_dags/plugins/event_listener.py
[2026-06-27T19:32:13.197+0000] {processor.py:842} WARNING - No viable dags retrieved from /home/airflow/.local/lib/python3.9/site-packages/airflow/example_dags/plugins/event_listener.py
[2026-06-27T19:32:13.235+0000] {processor.py:183} INFO - Processing /home/airflow/.local/lib/python3.9/site-packages/airflow/example_dags/plugins/event_listener.py took 0.062 seconds
[2026-06-27T19:32:43.940+0000] {processor.py:161} INFO - Started process (PID=3931) to work on /home/airflow/.local/lib/python3.9/site-packages/airflow/example_dags/plugins/event_listener.py
[2026-06-27T19:32:43.951+0000] {processor.py:830} INFO - Processing file /home/airflow/.local/lib/python3.9/site-packages/airflow/example_dags/plugins/event_listener.py for tasks to queue
[2026-06-27T19:32:43.954+0000] {logging_mixin.py:188} INFO - [2026-06-27T19:32:43.954+0000] {dagbag.py:545} INFO - Filling up the DagBag from /home/airflow/.local/lib/python3.9/site-packages/airflow/example_dags/plugins/event_listener.py
[2026-06-27T19:32:43.957+0000] {processor.py:842} WARNING - No viable dags retrieved from /home/airflow/.local/lib/python3.9/site-packages/airflow/example_dags/plugins/event_listener.py
[2026-06-27T19:32:43.985+0000] {processor.py:183} INFO - Processing /home/airflow/.local/lib/python3.9/site-packages/airflow/example_dags/plugins/event_listener.py took 0.064 seconds
[2026-06-27T19:33:14.707+0000] {processor.py:161} INFO - Started process (PID=3999) to work on /home/airflow/.local/lib/python3.9/site-packages/airflow/example_dags/plugins/event_listener.py
[2026-06-27T19:33:14.708+0000] {processor.py:830} INFO - Processing file /home/airflow/.local/lib/python3.9/site-packages/airflow/example_dags/plugins/event_listener.py for tasks to queue
[2026-06-27T19:33:14.712+0000] {logging_mixin.py:188} INFO - [2026-06-27T19:33:14.711+0000] {dagbag.py:545} INFO - Filling up the DagBag from /home/airflow/.local/lib/python3.9/site-packages/airflow/example_dags/plugins/event_listener.py
[2026-06-27T19:33:14.715+0000] {processor.py:842} WARNING - No viable dags retrieved from /home/airflow/.local/lib/python3.9/site-packages/airflow/example_dags/plugins/event_listener.py
[2026-06-27T19:33:14.738+0000] {processor.py:183} INFO - Processing /home/airflow/.local/lib/python3.9/site-packages/airflow/example_dags/plugins/event_listener.py took 0.040 seconds
[2026-06-27T19:33:45.192+0000] {processor.py:161} INFO - Started process (PID=4083) to work on /home/airflow/.local/lib/python3.9/site-packages/airflow/example_dags/plugins/event_listener.py
[2026-06-27T19:33:45.193+0000] {processor.py:830} INFO - Processing file /home/airflow/.local/lib/python3.9/site-packages/airflow/example_dags/plugins/event_listener.py for tasks to queue
[2026-06-27T19:33:45.195+0000] {logging_mixin.py:188} INFO - [2026-06-27T19:33:45.195+0000] {dagbag.py:545} INFO - Filling up the DagBag from /home/airflow/.local/lib/python3.9/site-packages/airflow/example_dags/plugins/event_listener.py
[2026-06-27T19:33:45.198+0000] {processor.py:842} WARNING - No viable dags retrieved from /home/airflow/.local/lib/python3.9/site-packages/airflow/example_dags/plugins/event_listener.py
[2026-06-27T19:33:45.224+0000] {processor.py:183} INFO - Processing /home/airflow/.local/lib/python3.9/site-packages/airflow/example_dags/plugins/event_listener.py took 0.046 seconds
[2026-06-27T19:34:15.505+0000] {processor.py:161} INFO - Started process (PID=4161) to work on /home/airflow/.local/lib/python3.9/site-packages/airflow/example_dags/plugins/event_listener.py
[2026-06-27T19:34:15.506+0000] {processor.py:830} INFO - Processing file /home/airflow/.local/lib/python3.9/site-packages/airflow/example_dags/plugins/event_listener.py for tasks to queue
[2026-06-27T19:34:15.509+0000] {logging_mixin.py:188} INFO - [2026-06-27T19:34:15.508+0000] {dagbag.py:545} INFO - Filling up the DagBag from /home/airflow/.local/lib/python3.9/site-packages/airflow/example_dags/plugins/event_listener.py
[2026-06-27T19:34:15.512+0000] {processor.py:842} WARNING - No viable dags retrieved from /home/airflow/.local/lib/python3.9/site-packages/airflow/example_dags/plugins/event_listener.py
[2026-06-27T19:34:15.535+0000] {processor.py:183} INFO - Processing /home/airflow/.local/lib/python3.9/site-packages/airflow/example_dags/plugins/event_listener.py took 0.039 seconds
[2026-06-27T19:34:47.253+0000] {processor.py:161} INFO - Started process (PID=4252) to work on /home/airflow/.local/lib/python3.9/site-packages/airflow/example_dags/plugins/event_listener.py
[2026-06-27T19:34:47.255+0000] {processor.py:830} INFO - Processing file /home/airflow/.local/lib/python3.9/site-packages/airflow/example_dags/plugins/event_listener.py for tasks to queue
[2026-06-27T19:34:47.257+0000] {logging_mixin.py:188} INFO - [2026-06-27T19:34:47.257+0000] {dagbag.py:545} INFO - Filling up the DagBag from /home/airflow/.local/lib/python3.9/site-packages/airflow/example_dags/plugins/event_listener.py
[2026-06-27T19:34:47.260+0000] {processor.py:842} WARNING - No viable dags retrieved from /home/airflow/.local/lib/python3.9/site-packages/airflow/example_dags/plugins/event_listener.py
[2026-06-27T19:34:47.318+0000] {processor.py:183} INFO - Processing /home/airflow/.local/lib/python3.9/site-packages/airflow/example_dags/plugins/event_listener.py took 0.098 seconds
[2026-06-27T19:35:17.980+0000] {processor.py:161} INFO - Started process (PID=4331) to work on /home/airflow/.local/lib/python3.9/site-packages/airflow/example_dags/plugins/event_listener.py
[2026-06-27T19:35:17.981+0000] {processor.py:830} INFO - Processing file /home/airflow/.local/lib/python3.9/site-packages/airflow/example_dags/plugins/event_listener.py for tasks to queue
[2026-06-27T19:35:17.993+0000] {logging_mixin.py:188} INFO - [2026-06-27T19:35:17.993+0000] {dagbag.py:545} INFO - Filling up the DagBag from /home/airflow/.local/lib/python3.9/site-packages/airflow/example_dags/plugins/event_listener.py
[2026-06-27T19:35:17.996+0000] {processor.py:842} WARNING - No viable dags retrieved from /home/airflow/.local/lib/python3.9/site-packages/airflow/example_dags/plugins/event_listener.py
[2026-06-27T19:35:18.057+0000] {processor.py:183} INFO - Processing /home/airflow/.local/lib/python3.9/site-packages/airflow/example_dags/plugins/event_listener.py took 0.096 seconds
[2026-06-27T19:35:48.540+0000] {processor.py:161} INFO - Started process (PID=4409) to work on /home/airflow/.local/lib/python3.9/site-packages/airflow/example_dags/plugins/event_listener.py
[2026-06-27T19:35:48.551+0000] {processor.py:830} INFO - Processing file /home/airflow/.local/lib/python3.9/site-packages/airflow/example_dags/plugins/event_listener.py for tasks to queue
[2026-06-27T19:35:48.554+0000] {logging_mixin.py:188} INFO - [2026-06-27T19:35:48.554+0000] {dagbag.py:545} INFO - Filling up the DagBag from /home/airflow/.local/lib/python3.9/site-packages/airflow/example_dags/plugins/event_listener.py
[2026-06-27T19:35:48.557+0000] {processor.py:842} WARNING - No viable dags retrieved from /home/airflow/.local/lib/python3.9/site-packages/airflow/example_dags/plugins/event_listener.py
[2026-06-27T19:35:48.615+0000] {processor.py:183} INFO - Processing /home/airflow/.local/lib/python3.9/site-packages/airflow/example_dags/plugins/event_listener.py took 0.097 seconds
[2026-06-27T19:36:20.081+0000] {processor.py:161} INFO - Started process (PID=4488) to work on /home/airflow/.local/lib/python3.9/site-packages/airflow/example_dags/plugins/event_listener.py
[2026-06-27T19:36:20.082+0000] {processor.py:830} INFO - Processing file /home/airflow/.local/lib/python3.9/site-packages/airflow/example_dags/plugins/event_listener.py for tasks to queue
[2026-06-27T19:36:20.093+0000] {logging_mixin.py:188} INFO - [2026-06-27T19:36:20.092+0000] {dagbag.py:545} INFO - Filling up the DagBag from /home/airflow/.local/lib/python3.9/site-packages/airflow/example_dags/plugins/event_listener.py
[2026-06-27T19:36:20.096+0000] {processor.py:842} WARNING - No viable dags retrieved from /home/airflow/.local/lib/python3.9/site-packages/airflow/example_dags/plugins/event_listener.py
[2026-06-27T19:36:20.134+0000] {processor.py:183} INFO - Processing /home/airflow/.local/lib/python3.9/site-packages/airflow/example_dags/plugins/event_listener.py took 0.072 seconds
[2026-06-27T19:36:50.280+0000] {processor.py:161} INFO - Started process (PID=4565) to work on /home/airflow/.local/lib/python3.9/site-packages/airflow/example_dags/plugins/event_listener.py
[2026-06-27T19:36:50.282+0000] {processor.py:830} INFO - Processing file /home/airflow/.local/lib/python3.9/site-packages/airflow/example_dags/plugins/event_listener.py for tasks to queue
[2026-06-27T19:36:50.297+0000] {logging_mixin.py:188} INFO - [2026-06-27T19:36:50.296+0000] {dagbag.py:545} INFO - Filling up the DagBag from /home/airflow/.local/lib/python3.9/site-packages/airflow/example_dags/plugins/event_listener.py
[2026-06-27T19:36:50.300+0000] {processor.py:842} WARNING - No viable dags retrieved from /home/airflow/.local/lib/python3.9/site-packages/airflow/example_dags/plugins/event_listener.py
[2026-06-27T19:36:50.360+0000] {processor.py:183} INFO - Processing /home/airflow/.local/lib/python3.9/site-packages/airflow/example_dags/plugins/event_listener.py took 0.106 seconds
[2026-06-27T19:37:21.456+0000] {processor.py:161} INFO - Started process (PID=4644) to work on /home/airflow/.local/lib/python3.9/site-packages/airflow/example_dags/plugins/event_listener.py
[2026-06-27T19:37:21.457+0000] {processor.py:830} INFO - Processing file /home/airflow/.local/lib/python3.9/site-packages/airflow/example_dags/plugins/event_listener.py for tasks to queue
[2026-06-27T19:37:21.460+0000] {logging_mixin.py:188} INFO - [2026-06-27T19:37:21.460+0000] {dagbag.py:545} INFO - Filling up the DagBag from /home/airflow/.local/lib/python3.9/site-packages/airflow/example_dags/plugins/event_listener.py
[2026-06-27T19:37:21.463+0000] {processor.py:842} WARNING - No viable dags retrieved from /home/airflow/.local/lib/python3.9/site-packages/airflow/example_dags/plugins/event_listener.py
[2026-06-27T19:37:21.504+0000] {processor.py:183} INFO - Processing /home/airflow/.local/lib/python3.9/site-packages/airflow/example_dags/plugins/event_listener.py took 0.066 seconds
[2026-06-27T19:37:52.051+0000] {processor.py:161} INFO - Started process (PID=4722) to work on /home/airflow/.local/lib/python3.9/site-packages/airflow/example_dags/plugins/event_listener.py
[2026-06-27T19:37:52.053+0000] {processor.py:830} INFO - Processing file /home/airflow/.local/lib/python3.9/site-packages/airflow/example_dags/plugins/event_listener.py for tasks to queue
[2026-06-27T19:37:52.056+0000] {logging_mixin.py:188} INFO - [2026-06-27T19:37:52.055+0000] {dagbag.py:545} INFO - Filling up the DagBag from /home/airflow/.local/lib/python3.9/site-packages/airflow/example_dags/plugins/event_listener.py
[2026-06-27T19:37:52.059+0000] {processor.py:842} WARNING - No viable dags retrieved from /home/airflow/.local/lib/python3.9/site-packages/airflow/example_dags/plugins/event_listener.py
[2026-06-27T19:37:52.084+0000] {processor.py:183} INFO - Processing /home/airflow/.local/lib/python3.9/site-packages/airflow/example_dags/plugins/event_listener.py took 0.043 seconds
[2026-06-27T19:38:22.782+0000] {processor.py:161} INFO - Started process (PID=4801) to work on /home/airflow/.local/lib/python3.9/site-packages/airflow/example_dags/plugins/event_listener.py
[2026-06-27T19:38:22.783+0000] {processor.py:830} INFO - Processing file /home/airflow/.local/lib/python3.9/site-packages/airflow/example_dags/plugins/event_listener.py for tasks to queue
[2026-06-27T19:38:22.786+0000] {logging_mixin.py:188} INFO - [2026-06-27T19:38:22.785+0000] {dagbag.py:545} INFO - Filling up the DagBag from /home/airflow/.local/lib/python3.9/site-packages/airflow/example_dags/plugins/event_listener.py
[2026-06-27T19:38:22.789+0000] {processor.py:842} WARNING - No viable dags retrieved from /home/airflow/.local/lib/python3.9/site-packages/airflow/example_dags/plugins/event_listener.py
[2026-06-27T19:38:22.825+0000] {processor.py:183} INFO - Processing /home/airflow/.local/lib/python3.9/site-packages/airflow/example_dags/plugins/event_listener.py took 0.053 seconds
[2026-06-27T19:38:54.254+0000] {processor.py:161} INFO - Started process (PID=4885) to work on /home/airflow/.local/lib/python3.9/site-packages/airflow/example_dags/plugins/event_listener.py
[2026-06-27T19:38:54.255+0000] {processor.py:830} INFO - Processing file /home/airflow/.local/lib/python3.9/site-packages/airflow/example_dags/plugins/event_listener.py for tasks to queue
[2026-06-27T19:38:54.258+0000] {logging_mixin.py:188} INFO - [2026-06-27T19:38:54.257+0000] {dagbag.py:545} INFO - Filling up the DagBag from /home/airflow/.local/lib/python3.9/site-packages/airflow/example_dags/plugins/event_listener.py
[2026-06-27T19:38:54.261+0000] {processor.py:842} WARNING - No viable dags retrieved from /home/airflow/.local/lib/python3.9/site-packages/airflow/example_dags/plugins/event_listener.py
[2026-06-27T19:38:54.316+0000] {processor.py:183} INFO - Processing /home/airflow/.local/lib/python3.9/site-packages/airflow/example_dags/plugins/event_listener.py took 0.081 seconds
[2026-06-27T19:39:25.402+0000] {processor.py:161} INFO - Started process (PID=4963) to work on /home/airflow/.local/lib/python3.9/site-packages/airflow/example_dags/plugins/event_listener.py
[2026-06-27T19:39:25.412+0000] {processor.py:830} INFO - Processing file /home/airflow/.local/lib/python3.9/site-packages/airflow/example_dags/plugins/event_listener.py for tasks to queue
[2026-06-27T19:39:25.415+0000] {logging_mixin.py:188} INFO - [2026-06-27T19:39:25.415+0000] {dagbag.py:545} INFO - Filling up the DagBag from /home/airflow/.local/lib/python3.9/site-packages/airflow/example_dags/plugins/event_listener.py
[2026-06-27T19:39:25.419+0000] {processor.py:842} WARNING - No viable dags retrieved from /home/airflow/.local/lib/python3.9/site-packages/airflow/example_dags/plugins/event_listener.py
[2026-06-27T19:39:25.474+0000] {processor.py:183} INFO - Processing /home/airflow/.local/lib/python3.9/site-packages/airflow/example_dags/plugins/event_listener.py took 0.091 seconds
[2026-06-27T19:39:56.074+0000] {processor.py:161} INFO - Started process (PID=5041) to work on /home/airflow/.local/lib/python3.9/site-packages/airflow/example_dags/plugins/event_listener.py
[2026-06-27T19:39:56.075+0000] {processor.py:830} INFO - Processing file /home/airflow/.local/lib/python3.9/site-packages/airflow/example_dags/plugins/event_listener.py for tasks to queue
[2026-06-27T19:39:56.078+0000] {logging_mixin.py:188} INFO - [2026-06-27T19:39:56.078+0000] {dagbag.py:545} INFO - Filling up the DagBag from /home/airflow/.local/lib/python3.9/site-packages/airflow/example_dags/plugins/event_listener.py
[2026-06-27T19:39:56.081+0000] {processor.py:842} WARNING - No viable dags retrieved from /home/airflow/.local/lib/python3.9/site-packages/airflow/example_dags/plugins/event_listener.py
[2026-06-27T19:39:56.106+0000] {processor.py:183} INFO - Processing /home/airflow/.local/lib/python3.9/site-packages/airflow/example_dags/plugins/event_listener.py took 0.042 seconds
[2026-06-27T19:40:27.175+0000] {processor.py:161} INFO - Started process (PID=5119) to work on /home/airflow/.local/lib/python3.9/site-packages/airflow/example_dags/plugins/event_listener.py
[2026-06-27T19:40:27.176+0000] {processor.py:830} INFO - Processing file /home/airflow/.local/lib/python3.9/site-packages/airflow/example_dags/plugins/event_listener.py for tasks to queue
[2026-06-27T19:40:27.179+0000] {logging_mixin.py:188} INFO - [2026-06-27T19:40:27.178+0000] {dagbag.py:545} INFO - Filling up the DagBag from /home/airflow/.local/lib/python3.9/site-packages/airflow/example_dags/plugins/event_listener.py
[2026-06-27T19:40:27.182+0000] {processor.py:842} WARNING - No viable dags retrieved from /home/airflow/.local/lib/python3.9/site-packages/airflow/example_dags/plugins/event_listener.py
[2026-06-27T19:40:27.220+0000] {processor.py:183} INFO - Processing /home/airflow/.local/lib/python3.9/site-packages/airflow/example_dags/plugins/event_listener.py took 0.064 seconds
[2026-06-27T19:40:58.381+0000] {processor.py:161} INFO - Started process (PID=5197) to work on /home/airflow/.local/lib/python3.9/site-packages/airflow/example_dags/plugins/event_listener.py
[2026-06-27T19:40:58.393+0000] {processor.py:830} INFO - Processing file /home/airflow/.local/lib/python3.9/site-packages/airflow/example_dags/plugins/event_listener.py for tasks to queue
[2026-06-27T19:40:58.396+0000] {logging_mixin.py:188} INFO - [2026-06-27T19:40:58.395+0000] {dagbag.py:545} INFO - Filling up the DagBag from /home/airflow/.local/lib/python3.9/site-packages/airflow/example_dags/plugins/event_listener.py
[2026-06-27T19:40:58.399+0000] {processor.py:842} WARNING - No viable dags retrieved from /home/airflow/.local/lib/python3.9/site-packages/airflow/example_dags/plugins/event_listener.py
[2026-06-27T19:40:58.457+0000] {processor.py:183} INFO - Processing /home/airflow/.local/lib/python3.9/site-packages/airflow/example_dags/plugins/event_listener.py took 0.091 seconds
[2026-06-27T19:41:30.252+0000] {processor.py:161} INFO - Started process (PID=5282) to work on /home/airflow/.local/lib/python3.9/site-packages/airflow/example_dags/plugins/event_listener.py
[2026-06-27T19:41:30.254+0000] {processor.py:830} INFO - Processing file /home/airflow/.local/lib/python3.9/site-packages/airflow/example_dags/plugins/event_listener.py for tasks to queue
[2026-06-27T19:41:30.256+0000] {logging_mixin.py:188} INFO - [2026-06-27T19:41:30.256+0000] {dagbag.py:545} INFO - Filling up the DagBag from /home/airflow/.local/lib/python3.9/site-packages/airflow/example_dags/plugins/event_listener.py
[2026-06-27T19:41:30.259+0000] {processor.py:842} WARNING - No viable dags retrieved from /home/airflow/.local/lib/python3.9/site-packages/airflow/example_dags/plugins/event_listener.py
[2026-06-27T19:41:30.284+0000] {processor.py:183} INFO - Processing /home/airflow/.local/lib/python3.9/site-packages/airflow/example_dags/plugins/event_listener.py took 0.043 seconds
[2026-06-27T19:42:01.040+0000] {processor.py:161} INFO - Started process (PID=5361) to work on /home/airflow/.local/lib/python3.9/site-packages/airflow/example_dags/plugins/event_listener.py
[2026-06-27T19:42:01.053+0000] {processor.py:830} INFO - Processing file /home/airflow/.local/lib/python3.9/site-packages/airflow/example_dags/plugins/event_listener.py for tasks to queue
[2026-06-27T19:42:01.056+0000] {logging_mixin.py:188} INFO - [2026-06-27T19:42:01.056+0000] {dagbag.py:545} INFO - Filling up the DagBag from /home/airflow/.local/lib/python3.9/site-packages/airflow/example_dags/plugins/event_listener.py
[2026-06-27T19:42:01.072+0000] {processor.py:842} WARNING - No viable dags retrieved from /home/airflow/.local/lib/python3.9/site-packages/airflow/example_dags/plugins/event_listener.py
[2026-06-27T19:42:01.151+0000] {processor.py:183} INFO - Processing /home/airflow/.local/lib/python3.9/site-packages/airflow/example_dags/plugins/event_listener.py took 0.135 seconds
[2026-06-27T19:42:32.020+0000] {processor.py:161} INFO - Started process (PID=5441) to work on /home/airflow/.local/lib/python3.9/site-packages/airflow/example_dags/plugins/event_listener.py
[2026-06-27T19:42:32.022+0000] {processor.py:830} INFO - Processing file /home/airflow/.local/lib/python3.9/site-packages/airflow/example_dags/plugins/event_listener.py for tasks to queue
[2026-06-27T19:42:32.024+0000] {logging_mixin.py:188} INFO - [2026-06-27T19:42:32.024+0000] {dagbag.py:545} INFO - Filling up the DagBag from /home/airflow/.local/lib/python3.9/site-packages/airflow/example_dags/plugins/event_listener.py
[2026-06-27T19:42:32.028+0000] {processor.py:842} WARNING - No viable dags retrieved from /home/airflow/.local/lib/python3.9/site-packages/airflow/example_dags/plugins/event_listener.py
[2026-06-27T19:42:32.056+0000] {processor.py:183} INFO - Processing /home/airflow/.local/lib/python3.9/site-packages/airflow/example_dags/plugins/event_listener.py took 0.054 seconds
[2026-06-27T19:43:02.278+0000] {processor.py:161} INFO - Started process (PID=5519) to work on /home/airflow/.local/lib/python3.9/site-packages/airflow/example_dags/plugins/event_listener.py
[2026-06-27T19:43:02.279+0000] {processor.py:830} INFO - Processing file /home/airflow/.local/lib/python3.9/site-packages/airflow/example_dags/plugins/event_listener.py for tasks to queue
[2026-06-27T19:43:02.282+0000] {logging_mixin.py:188} INFO - [2026-06-27T19:43:02.281+0000] {dagbag.py:545} INFO - Filling up the DagBag from /home/airflow/.local/lib/python3.9/site-packages/airflow/example_dags/plugins/event_listener.py
[2026-06-27T19:43:02.285+0000] {processor.py:842} WARNING - No viable dags retrieved from /home/airflow/.local/lib/python3.9/site-packages/airflow/example_dags/plugins/event_listener.py
[2026-06-27T19:43:02.308+0000] {processor.py:183} INFO - Processing /home/airflow/.local/lib/python3.9/site-packages/airflow/example_dags/plugins/event_listener.py took 0.040 seconds
[2026-06-27T19:43:33.677+0000] {processor.py:161} INFO - Started process (PID=5605) to work on /home/airflow/.local/lib/python3.9/site-packages/airflow/example_dags/plugins/event_listener.py
[2026-06-27T19:43:33.679+0000] {processor.py:830} INFO - Processing file /home/airflow/.local/lib/python3.9/site-packages/airflow/example_dags/plugins/event_listener.py for tasks to queue
[2026-06-27T19:43:33.693+0000] {logging_mixin.py:188} INFO - [2026-06-27T19:43:33.692+0000] {dagbag.py:545} INFO - Filling up the DagBag from /home/airflow/.local/lib/python3.9/site-packages/airflow/example_dags/plugins/event_listener.py
[2026-06-27T19:43:33.696+0000] {processor.py:842} WARNING - No viable dags retrieved from /home/airflow/.local/lib/python3.9/site-packages/airflow/example_dags/plugins/event_listener.py
[2026-06-27T19:43:33.760+0000] {processor.py:183} INFO - Processing /home/airflow/.local/lib/python3.9/site-packages/airflow/example_dags/plugins/event_listener.py took 0.102 seconds
[2026-06-27T19:44:06.259+0000] {processor.py:161} INFO - Started process (PID=5684) to work on /home/airflow/.local/lib/python3.9/site-packages/airflow/example_dags/plugins/event_listener.py
[2026-06-27T19:44:06.260+0000] {processor.py:830} INFO - Processing file /home/airflow/.local/lib/python3.9/site-packages/airflow/example_dags/plugins/event_listener.py for tasks to queue
[2026-06-27T19:44:06.263+0000] {logging_mixin.py:188} INFO - [2026-06-27T19:44:06.262+0000] {dagbag.py:545} INFO - Filling up the DagBag from /home/airflow/.local/lib/python3.9/site-packages/airflow/example_dags/plugins/event_listener.py
[2026-06-27T19:44:06.274+0000] {processor.py:842} WARNING - No viable dags retrieved from /home/airflow/.local/lib/python3.9/site-packages/airflow/example_dags/plugins/event_listener.py
[2026-06-27T19:44:06.354+0000] {processor.py:183} INFO - Processing /home/airflow/.local/lib/python3.9/site-packages/airflow/example_dags/plugins/event_listener.py took 0.113 seconds
[2026-06-27T19:44:38.793+0000] {processor.py:161} INFO - Started process (PID=5769) to work on /home/airflow/.local/lib/python3.9/site-packages/airflow/example_dags/plugins/event_listener.py
[2026-06-27T19:44:38.795+0000] {processor.py:830} INFO - Processing file /home/airflow/.local/lib/python3.9/site-packages/airflow/example_dags/plugins/event_listener.py for tasks to queue
[2026-06-27T19:44:38.797+0000] {logging_mixin.py:188} INFO - [2026-06-27T19:44:38.797+0000] {dagbag.py:545} INFO - Filling up the DagBag from /home/airflow/.local/lib/python3.9/site-packages/airflow/example_dags/plugins/event_listener.py
[2026-06-27T19:44:38.800+0000] {processor.py:842} WARNING - No viable dags retrieved from /home/airflow/.local/lib/python3.9/site-packages/airflow/example_dags/plugins/event_listener.py
[2026-06-27T19:44:38.846+0000] {processor.py:183} INFO - Processing /home/airflow/.local/lib/python3.9/site-packages/airflow/example_dags/plugins/event_listener.py took 0.071 seconds
[2026-06-27T19:45:09.841+0000] {processor.py:161} INFO - Started process (PID=5851) to work on /home/airflow/.local/lib/python3.9/site-packages/airflow/example_dags/plugins/event_listener.py
[2026-06-27T19:45:09.842+0000] {processor.py:830} INFO - Processing file /home/airflow/.local/lib/python3.9/site-packages/airflow/example_dags/plugins/event_listener.py for tasks to queue
[2026-06-27T19:45:09.845+0000] {logging_mixin.py:188} INFO - [2026-06-27T19:45:09.845+0000] {dagbag.py:545} INFO - Filling up the DagBag from /home/airflow/.local/lib/python3.9/site-packages/airflow/example_dags/plugins/event_listener.py
[2026-06-27T19:45:09.848+0000] {processor.py:842} WARNING - No viable dags retrieved from /home/airflow/.local/lib/python3.9/site-packages/airflow/example_dags/plugins/event_listener.py
[2026-06-27T19:45:09.870+0000] {processor.py:183} INFO - Processing /home/airflow/.local/lib/python3.9/site-packages/airflow/example_dags/plugins/event_listener.py took 0.041 seconds
[2026-06-27T19:45:40.952+0000] {processor.py:161} INFO - Started process (PID=5929) to work on /home/airflow/.local/lib/python3.9/site-packages/airflow/example_dags/plugins/event_listener.py
[2026-06-27T19:45:40.954+0000] {processor.py:830} INFO - Processing file /home/airflow/.local/lib/python3.9/site-packages/airflow/example_dags/plugins/event_listener.py for tasks to queue
[2026-06-27T19:45:40.957+0000] {logging_mixin.py:188} INFO - [2026-06-27T19:45:40.956+0000] {dagbag.py:545} INFO - Filling up the DagBag from /home/airflow/.local/lib/python3.9/site-packages/airflow/example_dags/plugins/event_listener.py
[2026-06-27T19:45:40.961+0000] {processor.py:842} WARNING - No viable dags retrieved from /home/airflow/.local/lib/python3.9/site-packages/airflow/example_dags/plugins/event_listener.py
[2026-06-27T19:45:40.989+0000] {processor.py:183} INFO - Processing /home/airflow/.local/lib/python3.9/site-packages/airflow/example_dags/plugins/event_listener.py took 0.046 seconds
[2026-06-27T19:46:12.379+0000] {processor.py:161} INFO - Started process (PID=6016) to work on /home/airflow/.local/lib/python3.9/site-packages/airflow/example_dags/plugins/event_listener.py
[2026-06-27T19:46:12.392+0000] {processor.py:830} INFO - Processing file /home/airflow/.local/lib/python3.9/site-packages/airflow/example_dags/plugins/event_listener.py for tasks to queue
[2026-06-27T19:46:12.394+0000] {logging_mixin.py:188} INFO - [2026-06-27T19:46:12.394+0000] {dagbag.py:545} INFO - Filling up the DagBag from /home/airflow/.local/lib/python3.9/site-packages/airflow/example_dags/plugins/event_listener.py
[2026-06-27T19:46:12.397+0000] {processor.py:842} WARNING - No viable dags retrieved from /home/airflow/.local/lib/python3.9/site-packages/airflow/example_dags/plugins/event_listener.py
[2026-06-27T19:46:12.454+0000] {processor.py:183} INFO - Processing /home/airflow/.local/lib/python3.9/site-packages/airflow/example_dags/plugins/event_listener.py took 0.095 seconds
[2026-06-27T19:46:43.792+0000] {processor.py:161} INFO - Started process (PID=6094) to work on /home/airflow/.local/lib/python3.9/site-packages/airflow/example_dags/plugins/event_listener.py
[2026-06-27T19:46:43.794+0000] {processor.py:830} INFO - Processing file /home/airflow/.local/lib/python3.9/site-packages/airflow/example_dags/plugins/event_listener.py for tasks to queue
[2026-06-27T19:46:43.797+0000] {logging_mixin.py:188} INFO - [2026-06-27T19:46:43.796+0000] {dagbag.py:545} INFO - Filling up the DagBag from /home/airflow/.local/lib/python3.9/site-packages/airflow/example_dags/plugins/event_listener.py
[2026-06-27T19:46:43.800+0000] {processor.py:842} WARNING - No viable dags retrieved from /home/airflow/.local/lib/python3.9/site-packages/airflow/example_dags/plugins/event_listener.py
[2026-06-27T19:46:43.859+0000] {processor.py:183} INFO - Processing /home/airflow/.local/lib/python3.9/site-packages/airflow/example_dags/plugins/event_listener.py took 0.100 seconds
